<?xml version="1.0" encoding="utf-8"?>
<TestRun id="ab9e8f8c-51c6-451b-9429-3c49120b1a73" name="CHS300372@PPITM80-M0317 2025-09-07 07:41:16" runUser="TCHA-NTNET\CHS300372" xmlns="http://microsoft.com/schemas/VisualStudio/TeamTest/2010">
  <Times creation="2025-09-07T07:41:16.1985812-05:00" queuing="2025-09-07T07:41:16.1985816-05:00" start="2025-09-07T07:41:14.3195846-05:00" finish="2025-09-07T07:41:22.5933276-05:00" />
  <TestSettings name="default" id="671bfd99-bcbb-4bd3-a5db-8ac98fbc4127">
    <Deployment runDeploymentRoot="CHS300372_PPITM80-M0317_2025-09-07_07_41_16" />
  </TestSettings>
  <Results>
    <UnitTestResult executionId="9e90ac21-e8d3-40eb-bd79-93ecb85c8e9d" testId="e3253137-4084-c2cf-1249-549ade2ad9ab" testName="ExecuteAsync_Should_Use_Summary_Mode_MaxResults" computerName="PPITM80-M0317" duration="00:00:00.0030440" startTime="2025-09-07T07:41:22.4956556-05:00" endTime="2025-09-07T07:41:22.4986989-05:00" testType="13cdc9d9-ddb5-4fa4-a97d-d965ccfc6d4b" outcome="Passed" testListId="8c84fa94-04c1-424b-9868-57a2d4851a1d" relativeResultsDirectory="9e90ac21-e8d3-40eb-bd79-93ecb85c8e9d" />
    <UnitTestResult executionId="976df3ca-032b-4a96-a901-27fc5fe8d1bb" testId="189c1d6c-4269-4e9b-b46e-e156ef5f2dc2" testName="CalculateConfidence_WithUnrelatedFileName_ShouldNotHaveBonus" computerName="PPITM80-M0317" duration="00:00:00.0066850" startTime="2025-09-07T07:41:21.2077734-05:00" endTime="2025-09-07T07:41:21.2144579-05:00" testType="13cdc9d9-ddb5-4fa4-a97d-d965ccfc6d4b" outcome="Passed" testListId="8c84fa94-04c1-424b-9868-57a2d4851a1d" relativeResultsDirectory="976df3ca-032b-4a96-a901-27fc5fe8d1bb" />
    <UnitTestResult executionId="6f1e7ddd-d60a-453a-8ce1-527ca8c9555b" testId="3ed00cc3-78ca-6608-eef7-d88390abe48c" testName="ExecuteAsync_ResponseModes_AffectOutput" computerName="PPITM80-M0317" duration="00:00:00.0102680" startTime="2025-09-07T07:41:22.3884117-05:00" endTime="2025-09-07T07:41:22.3986790-05:00" testType="13cdc9d9-ddb5-4fa4-a97d-d965ccfc6d4b" outcome="Passed" testListId="8c84fa94-04c1-424b-9868-57a2d4851a1d" relativeResultsDirectory="6f1e7ddd-d60a-453a-8ce1-527ca8c9555b" />
    <UnitTestResult executionId="f79616e1-84d6-469f-8c6b-2a26cb55c995" testId="0398d120-5e42-4038-b5d7-aa1eb92be718" testName="ExecuteAsync_Should_Cache_Successful_Results" computerName="PPITM80-M0317" duration="00:00:00.0195320" startTime="2025-09-07T07:41:22.0339393-05:00" endTime="2025-09-07T07:41:22.0534690-05:00" testType="13cdc9d9-ddb5-4fa4-a97d-d965ccfc6d4b" outcome="Passed" testListId="8c84fa94-04c1-424b-9868-57a2d4851a1d" relativeResultsDirectory="f79616e1-84d6-469f-8c6b-2a26cb55c995" />
    <UnitTestResult executionId="73530523-7fdc-4874-86c6-1c849931a1fa" testId="0e38c7ca-f665-38ef-667e-c0bba7830d0a" testName="ExecuteAsync_NullContent_ReturnsError" computerName="PPITM80-M0317" duration="00:00:00.0037940" startTime="2025-09-07T07:41:22.1694100-05:00" endTime="2025-09-07T07:41:22.1732034-05:00" testType="13cdc9d9-ddb5-4fa4-a97d-d965ccfc6d4b" outcome="Passed" testListId="8c84fa94-04c1-424b-9868-57a2d4851a1d" relativeResultsDirectory="73530523-7fdc-4874-86c6-1c849931a1fa" />
    <UnitTestResult executionId="e77d1d62-a112-44d6-918a-fe3b5548a290" testId="a9c8ab5f-5efc-e65e-5983-6be186726c95" testName="ExecuteAsync_Should_Validate_Required_Parameters" computerName="PPITM80-M0317" duration="00:00:00.0026530" startTime="2025-09-07T07:41:21.7623150-05:00" endTime="2025-09-07T07:41:21.7649679-05:00" testType="13cdc9d9-ddb5-4fa4-a97d-d965ccfc6d4b" outcome="Passed" testListId="8c84fa94-04c1-424b-9868-57a2d4851a1d" relativeResultsDirectory="e77d1d62-a112-44d6-918a-fe3b5548a290" />
    <UnitTestResult executionId="344a7e28-3746-40f4-a747-808ba25d1b44" testId="3cf5453c-cef2-2c2f-414d-9506eb8df816" testName="ExecuteAsync_NonExistentFile_ReturnsError" computerName="PPITM80-M0317" duration="00:00:00.0084499" startTime="2025-09-07T07:41:21.9852099-05:00" endTime="2025-09-07T07:41:21.9936565-05:00" testType="13cdc9d9-ddb5-4fa4-a97d-d965ccfc6d4b" outcome="Failed" testListId="8c84fa94-04c1-424b-9868-57a2d4851a1d" relativeResultsDirectory="344a7e28-3746-40f4-a747-808ba25d1b44">
      <Output>
        <ErrorInfo>
          <Message>  Assert.That(caughtException, expression)&#xD;
  Expected: &lt;System.IO.FileNotFoundException&gt;&#xD;
  But was:  null&#xD;
</Message>
          <StackTrace>   at COA.CodeSearch.McpServer.Tests.Tools.InsertAtLineToolTests.ExecuteAsync_NonExistentFile_ReturnsError() in C:\source\COA CodeSearch MCP\COA.CodeSearch.McpServer.Tests\Tools\InsertAtLineToolTests.cs:line 300&#xD;
   at NUnit.Framework.Internal.TaskAwaitAdapter.GenericAdapter`1.GetResult()&#xD;
   at NUnit.Framework.Internal.AsyncToSyncAdapter.Await[TResult](TestExecutionContext context, Func`1 invoke)&#xD;
   at NUnit.Framework.Internal.AsyncToSyncAdapter.Await(TestExecutionContext context, Func`1 invoke)&#xD;
   at NUnit.Framework.Internal.Commands.TestMethodCommand.RunTestMethod(TestExecutionContext context)&#xD;
   at NUnit.Framework.Internal.Commands.TestMethodCommand.Execute(TestExecutionContext context)&#xD;
   at NUnit.Framework.Internal.Commands.BeforeAndAfterTestCommand.&lt;&gt;c__DisplayClass1_0.&lt;Execute&gt;b__0()&#xD;
   at NUnit.Framework.Internal.Commands.DelegatingTestCommand.RunTestMethodInThreadAbortSafeZone(TestExecutionContext context, Action action)&#xD;

1)    at COA.CodeSearch.McpServer.Tests.Tools.InsertAtLineToolTests.ExecuteAsync_NonExistentFile_ReturnsError() in C:\source\COA CodeSearch MCP\COA.CodeSearch.McpServer.Tests\Tools\InsertAtLineToolTests.cs:line 300&#xD;
   at System.Runtime.CompilerServices.AsyncMethodBuilderCore.Start[TStateMachine](TStateMachine&amp; stateMachine)&#xD;
   at COA.CodeSearch.McpServer.Tests.Tools.InsertAtLineToolTests.ExecuteAsync_NonExistentFile_ReturnsError()&#xD;

</StackTrace>
        </ErrorInfo>
      </Output>
    </UnitTestResult>
    <UnitTestResult executionId="87c2ca61-250c-46be-9fdc-56466af46618" testId="824e5e41-c053-1da1-4b96-4d4f01dca91e" testName="ExecuteAsync_SymbolNotFound_ReturnsNoResults" computerName="PPITM80-M0317" duration="00:00:00.0033760" startTime="2025-09-07T07:41:21.8621769-05:00" endTime="2025-09-07T07:41:21.8655517-05:00" testType="13cdc9d9-ddb5-4fa4-a97d-d965ccfc6d4b" outcome="Passed" testListId="8c84fa94-04c1-424b-9868-57a2d4851a1d" relativeResultsDirectory="87c2ca61-250c-46be-9fdc-56466af46618" />
    <UnitTestResult executionId="fd0a5c32-4c77-4e85-a5e1-939156628a7d" testId="5d84348a-4728-f743-fb4d-aa4f4b1cd017" testName="AsyncPatterns_ProperUsage_NoWarnings" computerName="PPITM80-M0317" duration="00:00:00.0102760" startTime="2025-09-07T07:41:21.4528703-05:00" endTime="2025-09-07T07:41:21.4631449-05:00" testType="13cdc9d9-ddb5-4fa4-a97d-d965ccfc6d4b" outcome="Passed" testListId="8c84fa94-04c1-424b-9868-57a2d4851a1d" relativeResultsDirectory="fd0a5c32-4c77-4e85-a5e1-939156628a7d" />
    <UnitTestResult executionId="e7aab23d-0d67-4591-a033-daeeebcc41e4" testId="68516648-4a86-408d-b0bf-e8823cf08007" testName="BuildValidation_TestProject_CompilesCleanly" computerName="PPITM80-M0317" duration="00:00:01.5634490" startTime="2025-09-07T07:41:17.6509096-05:00" endTime="2025-09-07T07:41:19.2143313-05:00" testType="13cdc9d9-ddb5-4fa4-a97d-d965ccfc6d4b" outcome="Passed" testListId="8c84fa94-04c1-424b-9868-57a2d4851a1d" relativeResultsDirectory="e7aab23d-0d67-4591-a033-daeeebcc41e4">
      <Output>
        <StdOut>Test project builds cleanly without warnings.</StdOut>
      </Output>
    </UnitTestResult>
    <UnitTestResult executionId="fa640411-4932-48d5-ba6a-b9b36b175fe0" testId="c40a1f24-94d7-62f6-d1b5-dcc1e2a509df" testName="Name_ReturnsCorrectToolName" computerName="PPITM80-M0317" duration="00:00:00.0012240" startTime="2025-09-07T07:41:22.4094945-05:00" endTime="2025-09-07T07:41:22.4107187-05:00" testType="13cdc9d9-ddb5-4fa4-a97d-d965ccfc6d4b" outcome="Passed" testListId="8c84fa94-04c1-424b-9868-57a2d4851a1d" relativeResultsDirectory="fa640411-4932-48d5-ba6a-b9b36b175fe0" />
    <UnitTestResult executionId="efa3e78f-4f1e-4dba-a414-d30b35d14d26" testId="94fe149f-c924-a2f8-62a2-d566a776459a" testName="ExecuteAsync_ValidSymbolName_ReturnsReferences" computerName="PPITM80-M0317" duration="00:00:00.0078180" startTime="2025-09-07T07:41:21.8330217-05:00" endTime="2025-09-07T07:41:21.8408391-05:00" testType="13cdc9d9-ddb5-4fa4-a97d-d965ccfc6d4b" outcome="Passed" testListId="8c84fa94-04c1-424b-9868-57a2d4851a1d" relativeResultsDirectory="efa3e78f-4f1e-4dba-a414-d30b35d14d26" />
    <UnitTestResult executionId="c64e9bb5-ae29-4078-ae7b-4bc41448d2dd" testId="1bf85714-7b66-ea07-32c9-473124bc5727" testName="CalculateConfidence_ShouldAlwaysReturnValueBetweenZeroAndOne" computerName="PPITM80-M0317" duration="00:00:00.0442960" startTime="2025-09-07T07:41:20.7343973-05:00" endTime="2025-09-07T07:41:20.7786913-05:00" testType="13cdc9d9-ddb5-4fa4-a97d-d965ccfc6d4b" outcome="Passed" testListId="8c84fa94-04c1-424b-9868-57a2d4851a1d" relativeResultsDirectory="c64e9bb5-ae29-4078-ae7b-4bc41448d2dd" />
    <UnitTestResult executionId="40e1a530-9a33-46d5-9ab2-ba4505b41776" testId="f08f1d24-ac21-aabb-874f-af933b9dc232" testName="ExecuteAsync_Should_Parse_TimeFrame_Correctly(&quot;1w&quot;,7)" computerName="PPITM80-M0317" duration="00:00:00.0022460" startTime="2025-09-07T07:41:22.0673260-05:00" endTime="2025-09-07T07:41:22.0695714-05:00" testType="13cdc9d9-ddb5-4fa4-a97d-d965ccfc6d4b" outcome="Passed" testListId="8c84fa94-04c1-424b-9868-57a2d4851a1d" relativeResultsDirectory="40e1a530-9a33-46d5-9ab2-ba4505b41776" />
    <UnitTestResult executionId="ffefe2aa-4d0b-4ce5-b52f-0ff821d7855c" testId="1b3e9202-1469-5cbe-6f19-15b3f0a96209" testName="Name_ReturnsCorrectValue" computerName="PPITM80-M0317" duration="00:00:00.0024090" startTime="2025-09-07T07:41:21.5971901-05:00" endTime="2025-09-07T07:41:21.5995993-05:00" testType="13cdc9d9-ddb5-4fa4-a97d-d965ccfc6d4b" outcome="Passed" testListId="8c84fa94-04c1-424b-9868-57a2d4851a1d" relativeResultsDirectory="ffefe2aa-4d0b-4ce5-b52f-0ff821d7855c" />
    <UnitTestResult executionId="71ab6f81-a48a-481e-9fe9-2031f152b8ba" testId="07078b4b-51c8-42f8-1af8-af9098a00313" testName="GetIndexPath_Should_Return_Hashed_Directory_Name" computerName="PPITM80-M0317" duration="00:00:00.0008190" startTime="2025-09-07T07:41:21.4299678-05:00" endTime="2025-09-07T07:41:21.4307864-05:00" testType="13cdc9d9-ddb5-4fa4-a97d-d965ccfc6d4b" outcome="Passed" testListId="8c84fa94-04c1-424b-9868-57a2d4851a1d" relativeResultsDirectory="71ab6f81-a48a-481e-9fe9-2031f152b8ba" />
    <UnitTestResult executionId="7a43ecfd-0444-437e-b401-19916bd49df4" testId="25211c2a-1548-93dd-2ce0-1c8ef9938476" testName="ExecuteAsync_Should_Perform_Search_And_Return_Results" computerName="PPITM80-M0317" duration="00:00:00.0035110" startTime="2025-09-07T07:41:22.4744253-05:00" endTime="2025-09-07T07:41:22.4779360-05:00" testType="13cdc9d9-ddb5-4fa4-a97d-d965ccfc6d4b" outcome="Passed" testListId="8c84fa94-04c1-424b-9868-57a2d4851a1d" relativeResultsDirectory="7a43ecfd-0444-437e-b401-19916bd49df4" />
    <UnitTestResult executionId="163d320b-ec8a-487a-9e10-73094ca4d22d" testId="3584615f-3ae7-d54d-b4c2-849830fc0196" testName="GetIndexRootPath_Should_Return_Root_Index_Directory" computerName="PPITM80-M0317" duration="00:00:00.0011430" startTime="2025-09-07T07:41:21.4308016-05:00" endTime="2025-09-07T07:41:21.4319444-05:00" testType="13cdc9d9-ddb5-4fa4-a97d-d965ccfc6d4b" outcome="Passed" testListId="8c84fa94-04c1-424b-9868-57a2d4851a1d" relativeResultsDirectory="163d320b-ec8a-487a-9e10-73094ca4d22d" />
    <UnitTestResult executionId="364153eb-5474-4528-b63c-1ce859d85842" testId="6993e581-86eb-182c-de5d-ea5f0a5def23" testName="ExecuteAsync_Should_Respect_MaxResults_Limit" computerName="PPITM80-M0317" duration="00:00:00.0039330" startTime="2025-09-07T07:41:21.7556134-05:00" endTime="2025-09-07T07:41:21.7595465-05:00" testType="13cdc9d9-ddb5-4fa4-a97d-d965ccfc6d4b" outcome="Passed" testListId="8c84fa94-04c1-424b-9868-57a2d4851a1d" relativeResultsDirectory="364153eb-5474-4528-b63c-1ce859d85842" />
    <UnitTestResult executionId="3395bf1c-32e6-48d6-ae4b-5ef3061b4f5e" testId="b64cf354-e98d-fe23-aa89-f2a43d219dd8" testName="ExecuteAsync_Should_Store_Full_Results_When_Truncated" computerName="PPITM80-M0317" duration="00:00:00.0045710" startTime="2025-09-07T07:41:22.4835579-05:00" endTime="2025-09-07T07:41:22.4881281-05:00" testType="13cdc9d9-ddb5-4fa4-a97d-d965ccfc6d4b" outcome="Passed" testListId="8c84fa94-04c1-424b-9868-57a2d4851a1d" relativeResultsDirectory="3395bf1c-32e6-48d6-ae4b-5ef3061b4f5e" />
    <UnitTestResult executionId="5b3ff735-f707-44c1-9ce6-108326fd7203" testId="61e4a80c-0dab-fe3f-1d1f-21e3d7caa899" testName="ExecuteAsync_Should_Return_Error_When_Workspace_Not_Indexed" computerName="PPITM80-M0317" duration="00:00:00.0026260" startTime="2025-09-07T07:41:22.4809175-05:00" endTime="2025-09-07T07:41:22.4835432-05:00" testType="13cdc9d9-ddb5-4fa4-a97d-d965ccfc6d4b" outcome="Passed" testListId="8c84fa94-04c1-424b-9868-57a2d4851a1d" relativeResultsDirectory="5b3ff735-f707-44c1-9ce6-108326fd7203" />
    <UnitTestResult executionId="d0e6a003-450d-471b-97c0-179b522ab834" testId="e9dc951d-22d1-e2e6-2375-68c40bf14368" testName="CalculateConfidence_WithContainsMatch_ShouldReturnMediumConfidence" computerName="PPITM80-M0317" duration="00:00:00.0352270" startTime="2025-09-07T07:41:20.8264163-05:00" endTime="2025-09-07T07:41:20.8616418-05:00" testType="13cdc9d9-ddb5-4fa4-a97d-d965ccfc6d4b" outcome="Passed" testListId="8c84fa94-04c1-424b-9868-57a2d4851a1d" relativeResultsDirectory="d0e6a003-450d-471b-97c0-179b522ab834" />
    <UnitTestResult executionId="930144f1-976e-4d86-b4c2-0dd97c863692" testId="06b7d2a6-b8e2-4436-fb5b-bac2ab8a5cf0" testName="ExecuteAsync_CaseSensitiveSearch_RespectsCase" computerName="PPITM80-M0317" duration="00:00:00.0167540" startTime="2025-09-07T07:41:22.2213323-05:00" endTime="2025-09-07T07:41:22.2380850-05:00" testType="13cdc9d9-ddb5-4fa4-a97d-d965ccfc6d4b" outcome="Passed" testListId="8c84fa94-04c1-424b-9868-57a2d4851a1d" relativeResultsDirectory="930144f1-976e-4d86-b4c2-0dd97c863692" />
    <UnitTestResult executionId="0d0da65c-0d3a-4f3a-ab88-fde023c6b4bb" testId="4febb879-85fd-0a7d-8fb1-ed3b0f8987fb" testName="ExecuteAsync_FileNotInWorkspace_ReturnsError" computerName="PPITM80-M0317" duration="00:00:00.0043890" startTime="2025-09-07T07:41:22.2890773-05:00" endTime="2025-09-07T07:41:22.2934659-05:00" testType="13cdc9d9-ddb5-4fa4-a97d-d965ccfc6d4b" outcome="Passed" testListId="8c84fa94-04c1-424b-9868-57a2d4851a1d" relativeResultsDirectory="0d0da65c-0d3a-4f3a-ab88-fde023c6b4bb" />
    <UnitTestResult executionId="0eba85f1-9d21-4dd5-b050-4ae97598cf2f" testId="2c558657-5185-db7a-ef86-89fb7d7353ae" testName="CalculateConfidence_WithNullSymbolType_ShouldStillWork" computerName="PPITM80-M0317" duration="00:00:00.0074010" startTime="2025-09-07T07:41:20.9986677-05:00" endTime="2025-09-07T07:41:21.0060676-05:00" testType="13cdc9d9-ddb5-4fa4-a97d-d965ccfc6d4b" outcome="Passed" testListId="8c84fa94-04c1-424b-9868-57a2d4851a1d" relativeResultsDirectory="0eba85f1-9d21-4dd5-b050-4ae97598cf2f" />
    <UnitTestResult executionId="3f38c526-e9fb-4819-bcbe-2d2fcd5e943f" testId="58ecfbb6-3219-1740-780d-2b68b5e2ecf5" testName="Should_Extract_Correct_Return_Types_For_Various_Method_Signatures" computerName="PPITM80-M0317" duration="00:00:00.0018550" startTime="2025-09-07T07:41:21.4481742-05:00" endTime="2025-09-07T07:41:21.4500288-05:00" testType="13cdc9d9-ddb5-4fa4-a97d-d965ccfc6d4b" outcome="Passed" testListId="8c84fa94-04c1-424b-9868-57a2d4851a1d" relativeResultsDirectory="3f38c526-e9fb-4819-bcbe-2d2fcd5e943f" />
    <UnitTestResult executionId="814ab1fb-ade1-400c-b9f4-2f7fcea6e87e" testId="2266f8d1-c07a-4157-2a09-e13f5a3ebdf9" testName="ExecuteAsync_IndexNotFound_ReturnsError" computerName="PPITM80-M0317" duration="00:00:00.0031180" startTime="2025-09-07T07:41:22.0258539-05:00" endTime="2025-09-07T07:41:22.0289722-05:00" testType="13cdc9d9-ddb5-4fa4-a97d-d965ccfc6d4b" outcome="Passed" testListId="8c84fa94-04c1-424b-9868-57a2d4851a1d" relativeResultsDirectory="814ab1fb-ade1-400c-b9f4-2f7fcea6e87e" />
    <UnitTestResult executionId="41098a06-ea57-4c85-aa97-5d77556b697a" testId="5fbe1123-9625-80a1-71e2-6e9b8d578175" testName="CalculateConfidence_WithStringLiteral_ShouldHaveLowerConfidence" computerName="PPITM80-M0317" duration="00:00:00.0370730" startTime="2025-09-07T07:41:21.1697984-05:00" endTime="2025-09-07T07:41:21.2068699-05:00" testType="13cdc9d9-ddb5-4fa4-a97d-d965ccfc6d4b" outcome="Passed" testListId="8c84fa94-04c1-424b-9868-57a2d4851a1d" relativeResultsDirectory="41098a06-ea57-4c85-aa97-5d77556b697a" />
    <UnitTestResult executionId="13ffbab8-d688-4f36-870b-9595c222c610" testId="14486798-a952-d07f-4588-3340efe4b5a4" testName="NonNullableField_ResponseModels_ProperlyInitialized" computerName="PPITM80-M0317" duration="00:00:00.0005080" startTime="2025-09-07T07:41:20.6071547-05:00" endTime="2025-09-07T07:41:20.6076627-05:00" testType="13cdc9d9-ddb5-4fa4-a97d-d965ccfc6d4b" outcome="Passed" testListId="8c84fa94-04c1-424b-9868-57a2d4851a1d" relativeResultsDirectory="13ffbab8-d688-4f36-870b-9595c222c610" />
    <UnitTestResult executionId="d88aab44-742f-45f9-a232-060287b0a2d2" testId="ff27a340-2752-6234-dd37-911015eaa47b" testName="ExecuteAsync_Should_Find_Files_Matching_Regex_Pattern" computerName="PPITM80-M0317" duration="00:00:00.0071530" startTime="2025-09-07T07:41:21.7399115-05:00" endTime="2025-09-07T07:41:21.7470636-05:00" testType="13cdc9d9-ddb5-4fa4-a97d-d965ccfc6d4b" outcome="Passed" testListId="8c84fa94-04c1-424b-9868-57a2d4851a1d" relativeResultsDirectory="d88aab44-742f-45f9-a232-060287b0a2d2" />
    <UnitTestResult executionId="89593081-5d19-479c-8500-29b3aadc60f5" testId="31769117-32da-d390-1e8a-ff55d181993d" testName="ExecuteAsync_NoSimilarFilesFound_ReturnsEmptyResult" computerName="PPITM80-M0317" duration="00:00:00.0917620" startTime="2025-09-07T07:41:22.2966210-05:00" endTime="2025-09-07T07:41:22.3883811-05:00" testType="13cdc9d9-ddb5-4fa4-a97d-d965ccfc6d4b" outcome="Passed" testListId="8c84fa94-04c1-424b-9868-57a2d4851a1d" relativeResultsDirectory="89593081-5d19-479c-8500-29b3aadc60f5" />
    <UnitTestResult executionId="e3ab6852-d3cc-4478-939a-701f9b9fb2dd" testId="885f05b1-664d-79bd-cdac-3eb7ec14111e" testName="CalculateConfidence_WithWrongSymbolType_ShouldStillGiveReasonableScore" computerName="PPITM80-M0317" duration="00:00:00.0072340" startTime="2025-09-07T07:41:21.2506230-05:00" endTime="2025-09-07T07:41:21.2578560-05:00" testType="13cdc9d9-ddb5-4fa4-a97d-d965ccfc6d4b" outcome="Passed" testListId="8c84fa94-04c1-424b-9868-57a2d4851a1d" relativeResultsDirectory="e3ab6852-d3cc-4478-939a-701f9b9fb2dd" />
    <UnitTestResult executionId="802f4d17-ef21-41db-8a72-47ee4db70ae4" testId="484b8c1d-4df6-b62b-b60c-57a9dfa12014" testName="ExecuteAsync_ReplaceWithMinimalContent_ReplacesCorrectly" computerName="PPITM80-M0317" duration="00:00:00.0044070" startTime="2025-09-07T07:41:22.1993923-05:00" endTime="2025-09-07T07:41:22.2037992-05:00" testType="13cdc9d9-ddb5-4fa4-a97d-d965ccfc6d4b" outcome="Passed" testListId="8c84fa94-04c1-424b-9868-57a2d4851a1d" relativeResultsDirectory="802f4d17-ef21-41db-8a72-47ee4db70ae4" />
    <UnitTestResult executionId="70f232de-bdfa-4cb6-8610-869e76cdb3f3" testId="b206608e-3d29-9a6f-bc01-53c268ea4241" testName="ExecuteAsync_Should_Rebuild_Index_When_Force_Rebuild_Is_True" computerName="PPITM80-M0317" duration="00:00:00.0038510" startTime="2025-09-07T07:41:21.9136914-05:00" endTime="2025-09-07T07:41:21.9175425-05:00" testType="13cdc9d9-ddb5-4fa4-a97d-d965ccfc6d4b" outcome="Passed" testListId="8c84fa94-04c1-424b-9868-57a2d4851a1d" relativeResultsDirectory="70f232de-bdfa-4cb6-8610-869e76cdb3f3" />
    <UnitTestResult executionId="266a9abc-a4cd-43b0-b289-6e86ae9f744d" testId="dc053fd2-ff23-067f-a296-e7998a2cbbbf" testName="ApplyIndentation_ConsistentBehavior_PreservesLogic" computerName="PPITM80-M0317" duration="00:00:00.0030840" startTime="2025-09-07T07:41:21.3146148-05:00" endTime="2025-09-07T07:41:21.3176987-05:00" testType="13cdc9d9-ddb5-4fa4-a97d-d965ccfc6d4b" outcome="Passed" testListId="8c84fa94-04c1-424b-9868-57a2d4851a1d" relativeResultsDirectory="266a9abc-a4cd-43b0-b289-6e86ae9f744d" />
    <UnitTestResult executionId="ac9ed094-02b3-4344-bebd-c6c855ba0e8a" testId="0d896243-c614-5ded-5873-5abd0a986977" testName="ExecuteAsync_EmptySymbolName_ReturnsError" computerName="PPITM80-M0317" duration="00:00:00.0039010" startTime="2025-09-07T07:41:22.4108399-05:00" endTime="2025-09-07T07:41:22.4147404-05:00" testType="13cdc9d9-ddb5-4fa4-a97d-d965ccfc6d4b" outcome="Passed" testListId="8c84fa94-04c1-424b-9868-57a2d4851a1d" relativeResultsDirectory="ac9ed094-02b3-4344-bebd-c6c855ba0e8a" />
    <UnitTestResult executionId="da0d5560-d44c-42f6-9bca-9f928cf72dcb" testId="01d9c56c-18d7-fdfe-f45f-91d5cc27387b" testName="Debug_Simple_String_Return_Method" computerName="PPITM80-M0317" duration="00:00:00.0120460" startTime="2025-09-07T07:41:21.4344389-05:00" endTime="2025-09-07T07:41:21.4464830-05:00" testType="13cdc9d9-ddb5-4fa4-a97d-d965ccfc6d4b" outcome="Passed" testListId="8c84fa94-04c1-424b-9868-57a2d4851a1d" relativeResultsDirectory="da0d5560-d44c-42f6-9bca-9f928cf72dcb">
      <Output>
        <StdOut>Method Name: GetName&#xD;
Return Type: 'string'&#xD;
Signature: public string GetName() { return "test"; }&#xD;
Modifiers: public</StdOut>
      </Output>
    </UnitTestResult>
    <UnitTestResult executionId="a521d001-5e3e-4472-b9ef-e9c559e350c9" testId="c6bc7d85-8cf8-1fb5-051c-aa2eedea7cd6" testName="TypeContext_ShouldAlwaysBePopulated_ForTypeQueries" computerName="PPITM80-M0317" duration="00:00:00.0043510" startTime="2025-09-07T07:41:22.5335500-05:00" endTime="2025-09-07T07:41:22.5379005-05:00" testType="13cdc9d9-ddb5-4fa4-a97d-d965ccfc6d4b" outcome="Passed" testListId="8c84fa94-04c1-424b-9868-57a2d4851a1d" relativeResultsDirectory="a521d001-5e3e-4472-b9ef-e9c559e350c9" />
    <UnitTestResult executionId="4cf30b4b-758b-428c-9026-2f0e4f0eb7bf" testId="02b3d77d-9453-7d32-929c-884e115651dd" testName="RegressionTest_PreventLineHandlingInconsistency" computerName="PPITM80-M0317" duration="00:00:00.0015640" startTime="2025-09-07T07:41:21.3434032-05:00" endTime="2025-09-07T07:41:21.3449674-05:00" testType="13cdc9d9-ddb5-4fa4-a97d-d965ccfc6d4b" outcome="Passed" testListId="8c84fa94-04c1-424b-9868-57a2d4851a1d" relativeResultsDirectory="4cf30b4b-758b-428c-9026-2f0e4f0eb7bf" />
    <UnitTestResult executionId="2a1f40d4-c7c4-461d-a1b6-a9f88bee5aab" testId="04010612-46ee-f759-cdaf-6223770a153c" testName="ExecuteAsync_WithIndentationPreservation_PreservesIndentation" computerName="PPITM80-M0317" duration="00:00:00.0040240" startTime="2025-09-07T07:41:22.2070964-05:00" endTime="2025-09-07T07:41:22.2111196-05:00" testType="13cdc9d9-ddb5-4fa4-a97d-d965ccfc6d4b" outcome="Passed" testListId="8c84fa94-04c1-424b-9868-57a2d4851a1d" relativeResultsDirectory="2a1f40d4-c7c4-461d-a1b6-a9f88bee5aab" />
    <UnitTestResult executionId="157affe6-80b1-4c0d-9dc0-8554ace32b20" testId="b6a2ae4a-18ec-d713-ebb7-3990ce6b8ee1" testName="ExecuteAsync_WithCacheEnabled_ShouldUseCachedResults" computerName="PPITM80-M0317" duration="00:00:00.0044320" startTime="2025-09-07T07:41:21.6624978-05:00" endTime="2025-09-07T07:41:21.6669290-05:00" testType="13cdc9d9-ddb5-4fa4-a97d-d965ccfc6d4b" outcome="Passed" testListId="8c84fa94-04c1-424b-9868-57a2d4851a1d" relativeResultsDirectory="157affe6-80b1-4c0d-9dc0-8554ace32b20" />
    <UnitTestResult executionId="d83bafe0-e5dd-43a8-931a-77ba299d153b" testId="700958b8-cf2b-f6fa-44ad-db1d832d032c" testName="ExecuteAsync_EmptyContent_ReturnsError" computerName="PPITM80-M0317" duration="00:00:00.0044660" startTime="2025-09-07T07:41:21.9522950-05:00" endTime="2025-09-07T07:41:21.9567605-05:00" testType="13cdc9d9-ddb5-4fa4-a97d-d965ccfc6d4b" outcome="Passed" testListId="8c84fa94-04c1-424b-9868-57a2d4851a1d" relativeResultsDirectory="d83bafe0-e5dd-43a8-931a-77ba299d153b" />
    <UnitTestResult executionId="540582d5-c42d-40a0-988e-08491c6027e0" testId="b16c89a1-6a98-f79b-2a7e-f5eca5df70a8" testName="Tool_Should_Have_Correct_Metadata" computerName="PPITM80-M0317" duration="00:00:00.0015720" startTime="2025-09-07T07:41:21.7649822-05:00" endTime="2025-09-07T07:41:21.7665543-05:00" testType="13cdc9d9-ddb5-4fa4-a97d-d965ccfc6d4b" outcome="Passed" testListId="8c84fa94-04c1-424b-9868-57a2d4851a1d" relativeResultsDirectory="540582d5-c42d-40a0-988e-08491c6027e0" />
    <UnitTestResult executionId="e4fb5e92-4876-4c91-bf18-fb99cbe1d84b" testId="ea2ecd82-8e48-b7ef-0d3e-d585ac8573df" testName="Description_ContainsKeyPhrases" computerName="PPITM80-M0317" duration="00:00:00.0031400" startTime="2025-09-07T07:41:21.5385429-05:00" endTime="2025-09-07T07:41:21.5416822-05:00" testType="13cdc9d9-ddb5-4fa4-a97d-d965ccfc6d4b" outcome="Passed" testListId="8c84fa94-04c1-424b-9868-57a2d4851a1d" relativeResultsDirectory="e4fb5e92-4876-4c91-bf18-fb99cbe1d84b" />
    <UnitTestResult executionId="adb34cab-ccda-483c-943b-5f855e7ca586" testId="19387473-8f06-9e3f-eab9-436277ecd4fd" testName="NullableDereference_SearchHitContextLines_SafeAccess" computerName="PPITM80-M0317" duration="00:00:00.0003240" startTime="2025-09-07T07:41:20.6099685-05:00" endTime="2025-09-07T07:41:20.6102920-05:00" testType="13cdc9d9-ddb5-4fa4-a97d-d965ccfc6d4b" outcome="Passed" testListId="8c84fa94-04c1-424b-9868-57a2d4851a1d" relativeResultsDirectory="adb34cab-ccda-483c-943b-5f855e7ca586" />
    <UnitTestResult executionId="88160fc3-c70b-4001-b3b1-325de7f1e2af" testId="1aa7279c-8a67-9c39-8baf-9ea59ed49bd7" testName="CalculateConfidence_WithNoMatch_ShouldReturnMinimalConfidence" computerName="PPITM80-M0317" duration="00:00:00.0346980" startTime="2025-09-07T07:41:20.9618432-05:00" endTime="2025-09-07T07:41:20.9965399-05:00" testType="13cdc9d9-ddb5-4fa4-a97d-d965ccfc6d4b" outcome="Passed" testListId="8c84fa94-04c1-424b-9868-57a2d4851a1d" relativeResultsDirectory="88160fc3-c70b-4001-b3b1-325de7f1e2af" />
    <UnitTestResult executionId="039354f7-da61-45b8-8dc8-2ce5de12e7e2" testId="f77e4a02-22e6-d2a2-29f9-d970ab8ee90f" testName="ExecuteAsync_InsertMultipleLines_InsertsCorrectly" computerName="PPITM80-M0317" duration="00:00:00.0047230" startTime="2025-09-07T07:41:21.9728998-05:00" endTime="2025-09-07T07:41:21.9776218-05:00" testType="13cdc9d9-ddb5-4fa4-a97d-d965ccfc6d4b" outcome="Passed" testListId="8c84fa94-04c1-424b-9868-57a2d4851a1d" relativeResultsDirectory="039354f7-da61-45b8-8dc8-2ce5de12e7e2" />
    <UnitTestResult executionId="b910ed24-04f9-4d0a-a046-663023a41382" testId="951faa32-bfb9-0f48-7dcf-8c4b81b70939" testName="ExecuteAsync_PreviewMode_NoFilesModified" computerName="PPITM80-M0317" duration="00:00:00.0031910" startTime="2025-09-07T07:41:22.2637649-05:00" endTime="2025-09-07T07:41:22.2669560-05:00" testType="13cdc9d9-ddb5-4fa4-a97d-d965ccfc6d4b" outcome="Passed" testListId="8c84fa94-04c1-424b-9868-57a2d4851a1d" relativeResultsDirectory="b910ed24-04f9-4d0a-a046-663023a41382" />
    <UnitTestResult executionId="7db06bae-5cd7-4fdb-8218-db6d61f697fa" testId="88145d39-7c2b-475a-e6fd-804e9d2c5414" testName="ExecuteAsync_Should_Use_ResponseMode_Based_MaxResults" computerName="PPITM80-M0317" duration="00:00:00.0036670" startTime="2025-09-07T07:41:22.4919729-05:00" endTime="2025-09-07T07:41:22.4956398-05:00" testType="13cdc9d9-ddb5-4fa4-a97d-d965ccfc6d4b" outcome="Passed" testListId="8c84fa94-04c1-424b-9868-57a2d4851a1d" relativeResultsDirectory="7db06bae-5cd7-4fdb-8218-db6d61f697fa" />
    <UnitTestResult executionId="652f5a54-15ab-466c-a755-acc3dc48ade8" testId="e80aa2f2-25f1-6aee-f6a5-d9e6140d1aa0" testName="BuildValidation_CriticalFiles_ExistAndAccessible" computerName="PPITM80-M0317" duration="00:00:00.0144370" startTime="2025-09-07T07:41:14.7862788-05:00" endTime="2025-09-07T07:41:14.8006865-05:00" testType="13cdc9d9-ddb5-4fa4-a97d-d965ccfc6d4b" outcome="Passed" testListId="8c84fa94-04c1-424b-9868-57a2d4851a1d" relativeResultsDirectory="652f5a54-15ab-466c-a755-acc3dc48ade8">
      <Output>
        <StdOut>All 2 critical files are present and accessible.</StdOut>
      </Output>
    </UnitTestResult>
    <UnitTestResult executionId="0f6034f4-c080-4f09-b7dd-4cb671e42269" testId="37406336-def6-fc7c-189e-c2030604658e" testName="ExecuteAsync_Should_Handle_Invalid_TimeFrame_Format" computerName="PPITM80-M0317" duration="00:00:00.0019160" startTime="2025-09-07T07:41:22.0600440-05:00" endTime="2025-09-07T07:41:22.0619594-05:00" testType="13cdc9d9-ddb5-4fa4-a97d-d965ccfc6d4b" outcome="Passed" testListId="8c84fa94-04c1-424b-9868-57a2d4851a1d" relativeResultsDirectory="0f6034f4-c080-4f09-b7dd-4cb671e42269" />
    <UnitTestResult executionId="7c9ee53a-5b2e-4d05-9f90-149d59110f08" testId="44613f3c-91e8-83f2-ac36-f838ffe8d4ce" testName="TypeExtractionService_Should_Handle_Unknown_Extension" computerName="PPITM80-M0317" duration="00:00:00.0001640" startTime="2025-09-07T07:41:21.4525549-05:00" endTime="2025-09-07T07:41:21.4527190-05:00" testType="13cdc9d9-ddb5-4fa4-a97d-d965ccfc6d4b" outcome="Passed" testListId="8c84fa94-04c1-424b-9868-57a2d4851a1d" relativeResultsDirectory="7c9ee53a-5b2e-4d05-9f90-149d59110f08" />
    <UnitTestResult executionId="c536072e-cb7f-4632-b41a-b8857223ab28" testId="24c63ba4-752f-fc12-fcd8-0ffd81cc4305" testName="ValidateAndResolvePath_NonExistentFile_ThrowsFileNotFoundException" computerName="PPITM80-M0317" duration="00:00:00.0043440" startTime="2025-09-07T07:41:21.3472940-05:00" endTime="2025-09-07T07:41:21.3516373-05:00" testType="13cdc9d9-ddb5-4fa4-a97d-d965ccfc6d4b" outcome="Passed" testListId="8c84fa94-04c1-424b-9868-57a2d4851a1d" relativeResultsDirectory="c536072e-cb7f-4632-b41a-b8857223ab28" />
    <UnitTestResult executionId="33013a31-9bec-43f2-bc66-c52c1aa8f66a" testId="3b4bfb98-16ac-c2c8-b470-037ed1897690" testName="ExecuteAsync_WithMinScore_FiltersResults" computerName="PPITM80-M0317" duration="00:00:00.0038140" startTime="2025-09-07T07:41:22.4056551-05:00" endTime="2025-09-07T07:41:22.4094686-05:00" testType="13cdc9d9-ddb5-4fa4-a97d-d965ccfc6d4b" outcome="Passed" testListId="8c84fa94-04c1-424b-9868-57a2d4851a1d" relativeResultsDirectory="33013a31-9bec-43f2-bc66-c52c1aa8f66a" />
    <UnitTestResult executionId="60f7da11-4912-45a2-a8f2-33c4508c211f" testId="dfd3a63c-e227-5332-c621-a8751babd1a4" testName="FileExists_Should_Return_False_For_NonExistent_File" computerName="PPITM80-M0317" duration="00:00:00.0005920" startTime="2025-09-07T07:41:21.4209859-05:00" endTime="2025-09-07T07:41:21.4215778-05:00" testType="13cdc9d9-ddb5-4fa4-a97d-d965ccfc6d4b" outcome="Passed" testListId="8c84fa94-04c1-424b-9868-57a2d4851a1d" relativeResultsDirectory="60f7da11-4912-45a2-a8f2-33c4508c211f" />
    <UnitTestResult executionId="1e0c1db9-fe06-4230-9b9e-4eebb2f0e021" testId="a36b2370-23ba-a55f-5486-a5e007b89c3d" testName="GetExtension_Should_Handle_File_Without_Extension" computerName="PPITM80-M0317" duration="00:00:00.0004190" startTime="2025-09-07T07:41:21.4259040-05:00" endTime="2025-09-07T07:41:21.4263233-05:00" testType="13cdc9d9-ddb5-4fa4-a97d-d965ccfc6d4b" outcome="Passed" testListId="8c84fa94-04c1-424b-9868-57a2d4851a1d" relativeResultsDirectory="1e0c1db9-fe06-4230-9b9e-4eebb2f0e021" />
    <UnitTestResult executionId="abeea2a7-5509-425e-9b1f-0cc219645b0d" testId="10d7d1b8-13ac-aa5a-1db4-6d96d37d054c" testName="BatchOperationsResult_DefaultValues_AreCorrect" computerName="PPITM80-M0317" duration="00:00:00.0042000" startTime="2025-09-07T07:41:21.5200663-05:00" endTime="2025-09-07T07:41:21.5242655-05:00" testType="13cdc9d9-ddb5-4fa4-a97d-d965ccfc6d4b" outcome="Failed" testListId="8c84fa94-04c1-424b-9868-57a2d4851a1d" relativeResultsDirectory="abeea2a7-5509-425e-9b1f-0cc219645b0d">
      <Output>
        <ErrorInfo>
          <Message>System.ArgumentException : Can not instantiate proxy of class: COA.CodeSearch.McpServer.Tools.TextSearchTool.&#xD;
Could not find a constructor that would match given arguments:&#xD;
Microsoft.Extensions.DependencyInjection.ServiceProvider&#xD;
Castle.Proxies.ILuceneIndexServiceProxy&#xD;
Castle.Proxies.IResponseCacheServiceProxy&#xD;
Castle.Proxies.IResourceStorageServiceProxy&#xD;
Castle.Proxies.ICacheKeyGeneratorProxy&#xD;
COA.CodeSearch.McpServer.Services.QueryPreprocessor&#xD;
&lt;null&gt;&#xD;
Castle.Proxies.IProjectKnowledgeServiceProxy&#xD;
COA.CodeSearch.McpServer.Services.SmartDocumentationService&#xD;
Castle.Proxies.IVSCodeBridgeProxy&#xD;
COA.CodeSearch.McpServer.Services.SmartQueryPreprocessor&#xD;
Castle.Proxies.ILogger`1Proxy_1&#xD;
 (Parameter 'constructorArguments')&#xD;
  ----&gt; System.MissingMethodException : Constructor on type 'Castle.Proxies.TextSearchToolProxy' not found.</Message>
          <StackTrace>   at Castle.DynamicProxy.ProxyGenerator.CreateClassProxyInstance(Type proxyType, List`1 proxyArguments, Type classToProxy, Object[] constructorArguments)&#xD;
   at Castle.DynamicProxy.ProxyGenerator.CreateClassProxy(Type classToProxy, Type[] additionalInterfacesToProxy, ProxyGenerationOptions options, Object[] constructorArguments, IInterceptor[] interceptors)&#xD;
   at Moq.CastleProxyFactory.CreateProxy(Type mockType, IInterceptor interceptor, Type[] interfaces, Object[] arguments) in /_/src/Moq/Interception/CastleProxyFactory.cs:line 62&#xD;
   at Moq.Mock`1.InitializeInstance() in /_/src/Moq/Mock`1.cs:line 309&#xD;
   at Moq.Mock`1.OnGetObject() in /_/src/Moq/Mock`1.cs:line 323&#xD;
   at Moq.Mock.get_Object() in /_/src/Moq/Mock.cs:line 181&#xD;
   at Moq.Mock`1.get_Object() in /_/src/Moq/Mock`1.cs:line 281&#xD;
   at COA.CodeSearch.McpServer.Tests.Tools.BatchOperationsToolTests.CreateTool() in C:\source\COA CodeSearch MCP\COA.CodeSearch.McpServer.Tests\Tools\BatchOperationsToolTests.cs:line 61&#xD;
   at COA.Mcp.Framework.Testing.Base.ToolTestBase`1.SetUp()&#xD;
   at InvokeStub_ToolTestBase`1.SetUp(Object, Object, IntPtr*)&#xD;
   at System.Reflection.MethodBaseInvoker.InvokeWithNoArgs(Object obj, BindingFlags invokeAttr)&#xD;
--MissingMethodException&#xD;
   at System.RuntimeType.CreateInstanceImpl(BindingFlags bindingAttr, Binder binder, Object[] args, CultureInfo culture)&#xD;
   at Castle.DynamicProxy.ProxyGenerator.CreateClassProxyInstance(Type proxyType, List`1 proxyArguments, Type classToProxy, Object[] constructorArguments)
</StackTrace>
        </ErrorInfo>
      </Output>
    </UnitTestResult>
    <UnitTestResult executionId="3c2be5f7-abc4-4185-9f87-2e081b6f97fb" testId="76cd34e0-20c2-7029-f983-14de2f2c6109" testName="ExecuteAsync_EmptySymbolName_ReturnsError" computerName="PPITM80-M0317" duration="00:00:00.0055180" startTime="2025-09-07T07:41:21.7666975-05:00" endTime="2025-09-07T07:41:21.7722148-05:00" testType="13cdc9d9-ddb5-4fa4-a97d-d965ccfc6d4b" outcome="Passed" testListId="8c84fa94-04c1-424b-9868-57a2d4851a1d" relativeResultsDirectory="3c2be5f7-abc4-4185-9f87-2e081b6f97fb" />
    <UnitTestResult executionId="bfca23f6-f579-4422-9ca9-4410a0a49dd4" testId="44cffc5d-7a1b-a768-fd8e-e08e0f0d296a" testName="ExecuteAsync_WithUTF8BOM_PreservesEncoding" computerName="PPITM80-M0317" duration="00:00:00.0060760" startTime="2025-09-07T07:41:21.5911006-05:00" endTime="2025-09-07T07:41:21.5971764-05:00" testType="13cdc9d9-ddb5-4fa4-a97d-d965ccfc6d4b" outcome="Passed" testListId="8c84fa94-04c1-424b-9868-57a2d4851a1d" relativeResultsDirectory="bfca23f6-f579-4422-9ca9-4410a0a49dd4" />
    <UnitTestResult executionId="2dd93060-f46c-4f6a-849d-806fa935e58c" testId="854a2a43-867f-e330-2e14-18f5294bbf84" testName="ExecuteAsync_EmptySearchResults_ReturnsEmptyResult" computerName="PPITM80-M0317" duration="00:00:00.0130910" startTime="2025-09-07T07:41:22.0127320-05:00" endTime="2025-09-07T07:41:22.0258228-05:00" testType="13cdc9d9-ddb5-4fa4-a97d-d965ccfc6d4b" outcome="Passed" testListId="8c84fa94-04c1-424b-9868-57a2d4851a1d" relativeResultsDirectory="2dd93060-f46c-4f6a-849d-806fa935e58c" />
    <UnitTestResult executionId="9104e179-a124-4c5d-b5c5-34bbc9f41f91" testId="4c58b71a-ac72-d6c1-76f3-f24cbe6f496a" testName="GetRelativePath_Should_Calculate_Relative_Path" computerName="PPITM80-M0317" duration="00:00:00.0012820" startTime="2025-09-07T07:41:21.4330166-05:00" endTime="2025-09-07T07:41:21.4342984-05:00" testType="13cdc9d9-ddb5-4fa4-a97d-d965ccfc6d4b" outcome="Passed" testListId="8c84fa94-04c1-424b-9868-57a2d4851a1d" relativeResultsDirectory="9104e179-a124-4c5d-b5c5-34bbc9f41f91" />
    <UnitTestResult executionId="d2c19b85-57c0-43f6-adb6-b4022d4059c2" testId="366b5e3b-b844-6c31-0173-287d410b7439" testName="ExecuteAsync_Should_Validate_Required_Parameters" computerName="PPITM80-M0317" duration="00:00:00.0018590" startTime="2025-09-07T07:41:22.0958098-05:00" endTime="2025-09-07T07:41:22.0976684-05:00" testType="13cdc9d9-ddb5-4fa4-a97d-d965ccfc6d4b" outcome="Passed" testListId="8c84fa94-04c1-424b-9868-57a2d4851a1d" relativeResultsDirectory="d2c19b85-57c0-43f6-adb6-b4022d4059c2" />
    <UnitTestResult executionId="2120e0da-22fd-43a3-80de-72f5337a29cb" testId="1333c975-a0fd-d2a9-0e05-f08c9a3733cb" testName="ExecuteAsync_ShouldExcludeBuildDirectories" computerName="PPITM80-M0317" duration="00:00:00.0039300" startTime="2025-09-07T07:41:21.6585499-05:00" endTime="2025-09-07T07:41:21.6624800-05:00" testType="13cdc9d9-ddb5-4fa4-a97d-d965ccfc6d4b" outcome="Passed" testListId="8c84fa94-04c1-424b-9868-57a2d4851a1d" relativeResultsDirectory="2120e0da-22fd-43a3-80de-72f5337a29cb" />
    <UnitTestResult executionId="0964c357-f6bb-4128-ae1c-37a0938b8e84" testId="e4191209-378a-997a-f02e-aea14b87f30b" testName="ExecuteAsync_NonExistentFile_ReturnsError" computerName="PPITM80-M0317" duration="00:00:00.0037040" startTime="2025-09-07T07:41:22.1656723-05:00" endTime="2025-09-07T07:41:22.1693758-05:00" testType="13cdc9d9-ddb5-4fa4-a97d-d965ccfc6d4b" outcome="Passed" testListId="8c84fa94-04c1-424b-9868-57a2d4851a1d" relativeResultsDirectory="0964c357-f6bb-4128-ae1c-37a0938b8e84" />
    <UnitTestResult executionId="703380e2-0187-418c-88ff-0b029403a871" testId="49fa3b89-5d71-5009-3052-3331121d19d5" testName="ExecuteAsync_NoIndexExists_ReturnsError" computerName="PPITM80-M0317" duration="00:00:00.0175110" startTime="2025-09-07T07:41:22.4147626-05:00" endTime="2025-09-07T07:41:22.4322730-05:00" testType="13cdc9d9-ddb5-4fa4-a97d-d965ccfc6d4b" outcome="Passed" testListId="8c84fa94-04c1-424b-9868-57a2d4851a1d" relativeResultsDirectory="703380e2-0187-418c-88ff-0b029403a871" />
    <UnitTestResult executionId="ff782f0c-16a5-466e-b477-505cec70ff91" testId="374660f0-1cc7-f8b1-68ab-dc07bae98193" testName="ExecuteAsync_Should_Apply_Extension_Filter" computerName="PPITM80-M0317" duration="00:00:00.0316839" startTime="2025-09-07T07:41:21.6841357-05:00" endTime="2025-09-07T07:41:21.7158188-05:00" testType="13cdc9d9-ddb5-4fa4-a97d-d965ccfc6d4b" outcome="Passed" testListId="8c84fa94-04c1-424b-9868-57a2d4851a1d" relativeResultsDirectory="ff782f0c-16a5-466e-b477-505cec70ff91" />
    <UnitTestResult executionId="0caa3a79-da21-4e02-8f90-dd95fd70e03b" testId="bfa6ab72-fad6-99b9-6055-3a00e10d1609" testName="ExecuteAsync_Should_Not_Store_Metadata_When_Indexing_Fails" computerName="PPITM80-M0317" duration="00:00:00.0023170" startTime="2025-09-07T07:41:21.9113596-05:00" endTime="2025-09-07T07:41:21.9136762-05:00" testType="13cdc9d9-ddb5-4fa4-a97d-d965ccfc6d4b" outcome="Passed" testListId="8c84fa94-04c1-424b-9868-57a2d4851a1d" relativeResultsDirectory="0caa3a79-da21-4e02-8f90-dd95fd70e03b" />
    <UnitTestResult executionId="a630d1d3-5f1d-409f-960c-6e4993ae8675" testId="75df59d1-a393-9e0d-ba4a-bb2ffc775a87" testName="ExecuteAsync_Should_Validate_Required_Parameters" computerName="PPITM80-M0317" duration="00:00:00.0022300" startTime="2025-09-07T07:41:22.4987160-05:00" endTime="2025-09-07T07:41:22.5009455-05:00" testType="13cdc9d9-ddb5-4fa4-a97d-d965ccfc6d4b" outcome="Passed" testListId="8c84fa94-04c1-424b-9868-57a2d4851a1d" relativeResultsDirectory="a630d1d3-5f1d-409f-960c-6e4993ae8675" />
    <UnitTestResult executionId="57ad50dd-e735-412a-999f-1732c7fe70ed" testId="d1bc1e95-83d0-d8b9-cbfd-56bf29d413cb" testName="ExecuteAsync_Should_Handle_Search_Errors_Gracefully" computerName="PPITM80-M0317" duration="00:00:00.0031590" startTime="2025-09-07T07:41:22.4712448-05:00" endTime="2025-09-07T07:41:22.4744035-05:00" testType="13cdc9d9-ddb5-4fa4-a97d-d965ccfc6d4b" outcome="Passed" testListId="8c84fa94-04c1-424b-9868-57a2d4851a1d" relativeResultsDirectory="57ad50dd-e735-412a-999f-1732c7fe70ed" />
    <UnitTestResult executionId="3452a753-a2fe-4634-83b6-8b0e62959e7a" testId="2fafc078-2867-30f8-00bf-d16df72c938d" testName="ObjectInitialization_ProperNonNullableFields_NoWarnings" computerName="PPITM80-M0317" duration="00:00:00.0006720" startTime="2025-09-07T07:41:21.4690235-05:00" endTime="2025-09-07T07:41:21.4696950-05:00" testType="13cdc9d9-ddb5-4fa4-a97d-d965ccfc6d4b" outcome="Passed" testListId="8c84fa94-04c1-424b-9868-57a2d4851a1d" relativeResultsDirectory="3452a753-a2fe-4634-83b6-8b0e62959e7a" />
    <UnitTestResult executionId="7a888f70-85f3-43d1-8ffb-aca412e76a6d" testId="8abee6a6-94c6-2eab-4f04-f3aa86f43b78" testName="ExecuteAsync_ValidSymbolName_ReturnsDefinition" computerName="PPITM80-M0317" duration="00:00:00.0049600" startTime="2025-09-07T07:41:21.8656257-05:00" endTime="2025-09-07T07:41:21.8705858-05:00" testType="13cdc9d9-ddb5-4fa4-a97d-d965ccfc6d4b" outcome="Passed" testListId="8c84fa94-04c1-424b-9868-57a2d4851a1d" relativeResultsDirectory="7a888f70-85f3-43d1-8ffb-aca412e76a6d" />
    <UnitTestResult executionId="b589c9f2-a15e-4414-8a09-2075d3795eb5" testId="cb77d9ca-7498-f7ac-1878-23baa5d37d3c" testName="CalculateConfidence_WithFieldDefinition_ShouldReturnHighConfidence" computerName="PPITM80-M0317" duration="00:00:00.0069370" startTime="2025-09-07T07:41:20.9087899-05:00" endTime="2025-09-07T07:41:20.9157275-05:00" testType="13cdc9d9-ddb5-4fa4-a97d-d965ccfc6d4b" outcome="Passed" testListId="8c84fa94-04c1-424b-9868-57a2d4851a1d" relativeResultsDirectory="b589c9f2-a15e-4414-8a09-2075d3795eb5" />
    <UnitTestResult executionId="622f6420-e3b6-442c-81a9-e7d4d9085b1b" testId="9b546aeb-4f70-6fbd-f238-892a7751c263" testName="ExecuteAsync_ReplaceSingleLine_ReplacesCorrectly" computerName="PPITM80-M0317" duration="00:00:00.0048260" startTime="2025-09-07T07:41:22.1945459-05:00" endTime="2025-09-07T07:41:22.1993716-05:00" testType="13cdc9d9-ddb5-4fa4-a97d-d965ccfc6d4b" outcome="Passed" testListId="8c84fa94-04c1-424b-9868-57a2d4851a1d" relativeResultsDirectory="622f6420-e3b6-442c-81a9-e7d4d9085b1b" />
    <UnitTestResult executionId="2da6652d-231d-4513-b74e-705409df5b92" testId="0ee4eb4b-6b53-160e-fd6e-13587febf415" testName="ExecuteAsync_Should_Return_Error_When_Workspace_Not_Indexed" computerName="PPITM80-M0317" duration="00:00:00.0023770" startTime="2025-09-07T07:41:22.0754110-05:00" endTime="2025-09-07T07:41:22.0777879-05:00" testType="13cdc9d9-ddb5-4fa4-a97d-d965ccfc6d4b" outcome="Passed" testListId="8c84fa94-04c1-424b-9868-57a2d4851a1d" relativeResultsDirectory="2da6652d-231d-4513-b74e-705409df5b92" />
    <UnitTestResult executionId="624a37f9-4ff4-406a-8bfe-320926200f48" testId="4dfda5f5-3fea-e107-6811-cad8623ee176" testName="EnsureDirectoryExists_Should_Create_Directory_If_Not_Exists" computerName="PPITM80-M0317" duration="00:00:00.0015839" startTime="2025-09-07T07:41:21.4033907-05:00" endTime="2025-09-07T07:41:21.4049741-05:00" testType="13cdc9d9-ddb5-4fa4-a97d-d965ccfc6d4b" outcome="Passed" testListId="8c84fa94-04c1-424b-9868-57a2d4851a1d" relativeResultsDirectory="624a37f9-4ff4-406a-8bfe-320926200f48" />
    <UnitTestResult executionId="a2112583-af7d-4586-b6c2-93a003004ccb" testId="30a031d6-13bf-4af7-5783-84702af45522" testName="ReadFileWithEncodingAsync_ConsistentLineCounts_MatchesSplitLines" computerName="PPITM80-M0317" duration="00:00:00.0229680" startTime="2025-09-07T07:41:21.3203967-05:00" endTime="2025-09-07T07:41:21.3433634-05:00" testType="13cdc9d9-ddb5-4fa4-a97d-d965ccfc6d4b" outcome="Passed" testListId="8c84fa94-04c1-424b-9868-57a2d4851a1d" relativeResultsDirectory="a2112583-af7d-4586-b6c2-93a003004ccb" />
    <UnitTestResult executionId="ef2759a6-c207-4517-9765-a8c383c97e24" testId="34072cc7-629b-2658-b50c-132bbec0e5ed" testName="CalculateConfidence_RealWorldScenario_CommentVsCode" computerName="PPITM80-M0317" duration="00:00:00.0361430" startTime="2025-09-07T07:41:20.6263967-05:00" endTime="2025-09-07T07:41:20.6625385-05:00" testType="13cdc9d9-ddb5-4fa4-a97d-d965ccfc6d4b" outcome="Passed" testListId="8c84fa94-04c1-424b-9868-57a2d4851a1d" relativeResultsDirectory="ef2759a6-c207-4517-9765-a8c383c97e24" />
    <UnitTestResult executionId="519c6638-c2a6-46d5-8117-577f82ba5eb1" testId="d11800b1-7076-5599-655a-9c8af7056c0d" testName="ExecuteAsync_Should_Start_File_Watcher_When_Available" computerName="PPITM80-M0317" duration="00:00:00.0029730" startTime="2025-09-07T07:41:21.9197706-05:00" endTime="2025-09-07T07:41:21.9227434-05:00" testType="13cdc9d9-ddb5-4fa4-a97d-d965ccfc6d4b" outcome="Passed" testListId="8c84fa94-04c1-424b-9868-57a2d4851a1d" relativeResultsDirectory="519c6638-c2a6-46d5-8117-577f82ba5eb1" />
    <UnitTestResult executionId="c1445e2b-0682-4c23-888e-716ced007b3c" testId="ca885716-fd01-6799-df3f-dfe8148df324" testName="IntegrationTest_FileOperations_SafeNullHandling" computerName="PPITM80-M0317" duration="00:00:00.0050020" startTime="2025-09-07T07:41:20.6005765-05:00" endTime="2025-09-07T07:41:20.6055787-05:00" testType="13cdc9d9-ddb5-4fa4-a97d-d965ccfc6d4b" outcome="Passed" testListId="8c84fa94-04c1-424b-9868-57a2d4851a1d" relativeResultsDirectory="c1445e2b-0682-4c23-888e-716ced007b3c" />
    <UnitTestResult executionId="734fdaee-d3b6-4c53-880c-8ec82ddac80b" testId="8a165e3a-2840-cef6-75a4-28aa88375f44" testName="ExecuteAsync_Should_Handle_Initialization_Failure" computerName="PPITM80-M0317" duration="00:00:00.0026480" startTime="2025-09-07T07:41:21.9026095-05:00" endTime="2025-09-07T07:41:21.9052575-05:00" testType="13cdc9d9-ddb5-4fa4-a97d-d965ccfc6d4b" outcome="Passed" testListId="8c84fa94-04c1-424b-9868-57a2d4851a1d" relativeResultsDirectory="734fdaee-d3b6-4c53-880c-8ec82ddac80b" />
    <UnitTestResult executionId="2ad12b07-a574-43f2-b808-cc2d2e2dd502" testId="feb1363a-0943-d89e-e5f1-d7d186e0e225" testName="ExecuteAsync_InsertAtEnd_InsertsCorrectly" computerName="PPITM80-M0317" duration="00:00:00.0051450" startTime="2025-09-07T07:41:21.9677266-05:00" endTime="2025-09-07T07:41:21.9728706-05:00" testType="13cdc9d9-ddb5-4fa4-a97d-d965ccfc6d4b" outcome="Passed" testListId="8c84fa94-04c1-424b-9868-57a2d4851a1d" relativeResultsDirectory="2ad12b07-a574-43f2-b808-cc2d2e2dd502" />
    <UnitTestResult executionId="ca375b1f-742d-4b2a-b9de-dccbf38dda84" testId="15c48608-d196-d3c3-c14a-1ee4ed65a96b" testName="EnumerateDirectories_Should_Return_Subdirectories" computerName="PPITM80-M0317" duration="00:00:00.0026480" startTime="2025-09-07T07:41:21.4103337-05:00" endTime="2025-09-07T07:41:21.4129819-05:00" testType="13cdc9d9-ddb5-4fa4-a97d-d965ccfc6d4b" outcome="Passed" testListId="8c84fa94-04c1-424b-9868-57a2d4851a1d" relativeResultsDirectory="ca375b1f-742d-4b2a-b9de-dccbf38dda84" />
    <UnitTestResult executionId="1843cfca-4142-498f-8141-6bcaddf406c3" testId="22ae8358-e7fc-5ba2-5f0f-7069a8a56572" testName="NullableArguments_SafeMethodCalls_NoWarnings" computerName="PPITM80-M0317" duration="00:00:00.0002560" startTime="2025-09-07T07:41:21.4668483-05:00" endTime="2025-09-07T07:41:21.4671038-05:00" testType="13cdc9d9-ddb5-4fa4-a97d-d965ccfc6d4b" outcome="Passed" testListId="8c84fa94-04c1-424b-9868-57a2d4851a1d" relativeResultsDirectory="1843cfca-4142-498f-8141-6bcaddf406c3" />
    <UnitTestResult executionId="7c39140d-b5b2-4c39-accd-f7c015ba0258" testId="2cb5cff5-ecda-91bd-22a2-50646abf0bf1" testName="EnumerateFiles_Should_Return_Files_In_Directory" computerName="PPITM80-M0317" duration="00:00:00.0034820" startTime="2025-09-07T07:41:21.4174900-05:00" endTime="2025-09-07T07:41:21.4209714-05:00" testType="13cdc9d9-ddb5-4fa4-a97d-d965ccfc6d4b" outcome="Passed" testListId="8c84fa94-04c1-424b-9868-57a2d4851a1d" relativeResultsDirectory="7c39140d-b5b2-4c39-accd-f7c015ba0258" />
    <UnitTestResult executionId="06797950-64d6-44d6-9aff-45124c1acd43" testId="3eedc53e-4c04-cdaa-3c90-7824bfce322c" testName="TypeExtractionService_Should_Initialize" computerName="PPITM80-M0317" duration="00:00:00.0000540" startTime="2025-09-07T07:41:21.4527322-05:00" endTime="2025-09-07T07:41:21.4527866-05:00" testType="13cdc9d9-ddb5-4fa4-a97d-d965ccfc6d4b" outcome="Passed" testListId="8c84fa94-04c1-424b-9868-57a2d4851a1d" relativeResultsDirectory="06797950-64d6-44d6-9aff-45124c1acd43" />
    <UnitTestResult executionId="2365b00e-8ee7-4119-b8dd-f2dbcb991de3" testId="b8851efb-c901-3988-35d6-2f8cc864d993" testName="ExecuteAsync_ReplaceEntireFile_WorksCorrectly" computerName="PPITM80-M0317" duration="00:00:00.0059410" startTime="2025-09-07T07:41:22.1791858-05:00" endTime="2025-09-07T07:41:22.1851269-05:00" testType="13cdc9d9-ddb5-4fa4-a97d-d965ccfc6d4b" outcome="Passed" testListId="8c84fa94-04c1-424b-9868-57a2d4851a1d" relativeResultsDirectory="2365b00e-8ee7-4119-b8dd-f2dbcb991de3" />
    <UnitTestResult executionId="160b1df9-1b5a-4c26-be22-ba55e66633ac" testId="2526fdb1-d921-770e-521f-d9dd9ebeef1a" testName="ExecuteAsync_DeleteAllLines_WorksCorrectly" computerName="PPITM80-M0317" duration="00:00:00.0124110" startTime="2025-09-07T07:41:21.5416971-05:00" endTime="2025-09-07T07:41:21.5541074-05:00" testType="13cdc9d9-ddb5-4fa4-a97d-d965ccfc6d4b" outcome="Passed" testListId="8c84fa94-04c1-424b-9868-57a2d4851a1d" relativeResultsDirectory="160b1df9-1b5a-4c26-be22-ba55e66633ac" />
    <UnitTestResult executionId="3a4a86f1-e86d-4264-9d2f-74e310833d4b" testId="fc640a26-8f16-183f-4e88-2199c00abff9" testName="ExecuteAsync_EmptyOperations_ReturnsError" computerName="PPITM80-M0317" duration="00:00:00.0016940" startTime="2025-09-07T07:41:21.5242983-05:00" endTime="2025-09-07T07:41:21.5259925-05:00" testType="13cdc9d9-ddb5-4fa4-a97d-d965ccfc6d4b" outcome="Failed" testListId="8c84fa94-04c1-424b-9868-57a2d4851a1d" relativeResultsDirectory="3a4a86f1-e86d-4264-9d2f-74e310833d4b">
      <Output>
        <ErrorInfo>
          <Message>System.ArgumentException : Can not instantiate proxy of class: COA.CodeSearch.McpServer.Tools.TextSearchTool.&#xD;
Could not find a constructor that would match given arguments:&#xD;
Microsoft.Extensions.DependencyInjection.ServiceProvider&#xD;
Castle.Proxies.ILuceneIndexServiceProxy&#xD;
Castle.Proxies.IResponseCacheServiceProxy&#xD;
Castle.Proxies.IResourceStorageServiceProxy&#xD;
Castle.Proxies.ICacheKeyGeneratorProxy&#xD;
COA.CodeSearch.McpServer.Services.QueryPreprocessor&#xD;
&lt;null&gt;&#xD;
Castle.Proxies.IProjectKnowledgeServiceProxy&#xD;
COA.CodeSearch.McpServer.Services.SmartDocumentationService&#xD;
Castle.Proxies.IVSCodeBridgeProxy&#xD;
COA.CodeSearch.McpServer.Services.SmartQueryPreprocessor&#xD;
Castle.Proxies.ILogger`1Proxy_1&#xD;
 (Parameter 'constructorArguments')&#xD;
  ----&gt; System.MissingMethodException : Constructor on type 'Castle.Proxies.TextSearchToolProxy' not found.</Message>
          <StackTrace>   at Castle.DynamicProxy.ProxyGenerator.CreateClassProxyInstance(Type proxyType, List`1 proxyArguments, Type classToProxy, Object[] constructorArguments)&#xD;
   at Castle.DynamicProxy.ProxyGenerator.CreateClassProxy(Type classToProxy, Type[] additionalInterfacesToProxy, ProxyGenerationOptions options, Object[] constructorArguments, IInterceptor[] interceptors)&#xD;
   at Moq.CastleProxyFactory.CreateProxy(Type mockType, IInterceptor interceptor, Type[] interfaces, Object[] arguments) in /_/src/Moq/Interception/CastleProxyFactory.cs:line 62&#xD;
   at Moq.Mock`1.InitializeInstance() in /_/src/Moq/Mock`1.cs:line 309&#xD;
   at Moq.Mock`1.OnGetObject() in /_/src/Moq/Mock`1.cs:line 323&#xD;
   at Moq.Mock.get_Object() in /_/src/Moq/Mock.cs:line 181&#xD;
   at Moq.Mock`1.get_Object() in /_/src/Moq/Mock`1.cs:line 281&#xD;
   at COA.CodeSearch.McpServer.Tests.Tools.BatchOperationsToolTests.CreateTool() in C:\source\COA CodeSearch MCP\COA.CodeSearch.McpServer.Tests\Tools\BatchOperationsToolTests.cs:line 61&#xD;
   at COA.Mcp.Framework.Testing.Base.ToolTestBase`1.SetUp()&#xD;
   at InvokeStub_ToolTestBase`1.SetUp(Object, Object, IntPtr*)&#xD;
   at System.Reflection.MethodBaseInvoker.InvokeWithNoArgs(Object obj, BindingFlags invokeAttr)&#xD;
--MissingMethodException&#xD;
   at System.RuntimeType.CreateInstanceImpl(BindingFlags bindingAttr, Binder binder, Object[] args, CultureInfo culture)&#xD;
   at Castle.DynamicProxy.ProxyGenerator.CreateClassProxyInstance(Type proxyType, List`1 proxyArguments, Type classToProxy, Object[] constructorArguments)
</StackTrace>
        </ErrorInfo>
      </Output>
    </UnitTestResult>
    <UnitTestResult executionId="6ae791e4-0a1e-483c-85af-0e58cc860dc7" testId="2c6048a3-0e46-c805-9760-cb341a85318a" testName="TestPathProcessing" computerName="PPITM80-M0317" duration="00:00:00.0024890" startTime="2025-09-07T07:41:21.6800251-05:00" endTime="2025-09-07T07:41:21.6825140-05:00" testType="13cdc9d9-ddb5-4fa4-a97d-d965ccfc6d4b" outcome="Passed" testListId="8c84fa94-04c1-424b-9868-57a2d4851a1d" relativeResultsDirectory="6ae791e4-0a1e-483c-85af-0e58cc860dc7">
      <Output>
        <StdOut>Original: /workspace/src/components/App.tsx&#xD;
Normalized: workspace/src/components/App.tsx&#xD;
Segments: workspace, src, components, App.tsx&#xD;
Segment count: 4&#xD;
  i=0: segment=workspace, currentPath=workspace, fullPath=/workspace&#xD;
  i=1: segment=src, currentPath=workspace/src, fullPath=/workspace/src&#xD;
  i=2: segment=components, currentPath=workspace/src/components, fullPath=/workspace/src/components&#xD;
Directories found: workspace@/workspace, src@/workspace/src, components@/workspace/src/components</StdOut>
      </Output>
    </UnitTestResult>
    <UnitTestResult executionId="49c95779-5392-4f2e-bafd-6c72403c1e00" testId="0e44b9f9-b451-2c31-955c-2ed8c3e63498" testName="ExecuteAsync_Should_Handle_Search_Errors_Gracefully" computerName="PPITM80-M0317" duration="00:00:00.0033010" startTime="2025-09-07T07:41:21.7470805-05:00" endTime="2025-09-07T07:41:21.7503812-05:00" testType="13cdc9d9-ddb5-4fa4-a97d-d965ccfc6d4b" outcome="Passed" testListId="8c84fa94-04c1-424b-9868-57a2d4851a1d" relativeResultsDirectory="49c95779-5392-4f2e-bafd-6c72403c1e00" />
    <UnitTestResult executionId="49cc656b-dba2-49e3-9d23-2e30d44f3b4a" testId="30f15154-697f-538f-2c16-1d6308409c87" testName="Description_ShouldContainGrepReferenceAndFeatures" computerName="PPITM80-M0317" duration="00:00:00.0021520" startTime="2025-09-07T07:41:22.0105646-05:00" endTime="2025-09-07T07:41:22.0127168-05:00" testType="13cdc9d9-ddb5-4fa4-a97d-d965ccfc6d4b" outcome="Passed" testListId="8c84fa94-04c1-424b-9868-57a2d4851a1d" relativeResultsDirectory="49cc656b-dba2-49e3-9d23-2e30d44f3b4a" />
    <UnitTestResult executionId="74756d0f-3e82-4bc3-98d0-bac1c6ad9854" testId="7281b73a-557a-a394-84fe-16d1ffda6257" testName="ExecuteAsync_WithNoIndex_ShouldReturnIndexNotFoundError" computerName="PPITM80-M0317" duration="00:00:00.0022529" startTime="2025-09-07T07:41:21.6699027-05:00" endTime="2025-09-07T07:41:21.6721555-05:00" testType="13cdc9d9-ddb5-4fa4-a97d-d965ccfc6d4b" outcome="Passed" testListId="8c84fa94-04c1-424b-9868-57a2d4851a1d" relativeResultsDirectory="74756d0f-3e82-4bc3-98d0-bac1c6ad9854" />
    <UnitTestResult executionId="e7e00297-a7ae-468f-8cc8-2ac1ddc73888" testId="64192cf5-0f47-c89f-33f9-510f4a3eb54e" testName="NullableDereference_LineDataOperations_SafeAccess" computerName="PPITM80-M0317" duration="00:00:00.0002540" startTime="2025-09-07T07:41:20.6097002-05:00" endTime="2025-09-07T07:41:20.6099544-05:00" testType="13cdc9d9-ddb5-4fa4-a97d-d965ccfc6d4b" outcome="Passed" testListId="8c84fa94-04c1-424b-9868-57a2d4851a1d" relativeResultsDirectory="e7e00297-a7ae-468f-8cc8-2ac1ddc73888" />
    <UnitTestResult executionId="987189c5-f399-418c-9f49-c6315313b7c6" testId="e7e96ba6-37ce-6c9e-8536-2567f17f6580" testName="FileExists_Should_Return_True_For_Existing_File" computerName="PPITM80-M0317" duration="00:00:00.0018220" startTime="2025-09-07T07:41:21.4215937-05:00" endTime="2025-09-07T07:41:21.4234157-05:00" testType="13cdc9d9-ddb5-4fa4-a97d-d965ccfc6d4b" outcome="Passed" testListId="8c84fa94-04c1-424b-9868-57a2d4851a1d" relativeResultsDirectory="987189c5-f399-418c-9f49-c6315313b7c6" />
    <UnitTestResult executionId="d7008bdd-d8ac-449c-8cf4-7b382c5fc6cf" testId="4558bb5d-5889-8718-6567-8aa2e363bd16" testName="ExecuteAsync_OriginalContentCapture_StoresCorrectContent" computerName="PPITM80-M0317" duration="00:00:00.0058680" startTime="2025-09-07T07:41:22.1732316-05:00" endTime="2025-09-07T07:41:22.1790946-05:00" testType="13cdc9d9-ddb5-4fa4-a97d-d965ccfc6d4b" outcome="Passed" testListId="8c84fa94-04c1-424b-9868-57a2d4851a1d" relativeResultsDirectory="d7008bdd-d8ac-449c-8cf4-7b382c5fc6cf" />
    <UnitTestResult executionId="fb3ed47f-d0c3-454f-8aca-5f1f3d0e39f3" testId="e3f3d1a3-00e0-986a-903b-e4b218f256b9" testName="ExecuteAsync_InsertAtBeginning_InsertsCorrectly" computerName="PPITM80-M0317" duration="00:00:00.0046810" startTime="2025-09-07T07:41:21.9630233-05:00" endTime="2025-09-07T07:41:21.9677033-05:00" testType="13cdc9d9-ddb5-4fa4-a97d-d965ccfc6d4b" outcome="Passed" testListId="8c84fa94-04c1-424b-9868-57a2d4851a1d" relativeResultsDirectory="fb3ed47f-d0c3-454f-8aca-5f1f3d0e39f3" />
    <UnitTestResult executionId="ea76ce5b-2024-4bed-8ed7-e5ff7bb707f0" testId="6fbc4280-c107-0f5f-1e78-82fa85ec326d" testName="ExecuteAsync_WithFullContext_IncludesSnippet" computerName="PPITM80-M0317" duration="00:00:00.0030490" startTime="2025-09-07T07:41:21.8706262-05:00" endTime="2025-09-07T07:41:21.8736750-05:00" testType="13cdc9d9-ddb5-4fa4-a97d-d965ccfc6d4b" outcome="Passed" testListId="8c84fa94-04c1-424b-9868-57a2d4851a1d" relativeResultsDirectory="ea76ce5b-2024-4bed-8ed7-e5ff7bb707f0" />
    <UnitTestResult executionId="4c759b23-81f4-4d8c-92a3-76e11ffbe5b0" testId="0289a2e7-b4eb-8ae7-0d13-e964073eba07" testName="ExecuteAsync_WithCaching_ReturnsCachedResult" computerName="PPITM80-M0317" duration="00:00:00.0031920" startTime="2025-09-07T07:41:22.4024366-05:00" endTime="2025-09-07T07:41:22.4056287-05:00" testType="13cdc9d9-ddb5-4fa4-a97d-d965ccfc6d4b" outcome="Passed" testListId="8c84fa94-04c1-424b-9868-57a2d4851a1d" relativeResultsDirectory="4c759b23-81f4-4d8c-92a3-76e11ffbe5b0" />
    <UnitTestResult executionId="6965ccaa-99db-4868-9055-407daa175d88" testId="73651905-b1d3-1bb3-c32a-23411992705b" testName="ExecuteAsync_WithContextLines_GeneratesCorrectContext" computerName="PPITM80-M0317" duration="00:00:00.0038100" startTime="2025-09-07T07:41:21.5872772-05:00" endTime="2025-09-07T07:41:21.5910871-05:00" testType="13cdc9d9-ddb5-4fa4-a97d-d965ccfc6d4b" outcome="Passed" testListId="8c84fa94-04c1-424b-9868-57a2d4851a1d" relativeResultsDirectory="6965ccaa-99db-4868-9055-407daa175d88" />
    <UnitTestResult executionId="ce226a6b-2117-4bb6-b89e-5b14e3bd161c" testId="9913925c-6c4b-8343-5be6-f836a949a47a" testName="ExecuteAsync_Should_Return_Error_When_Directory_Not_Found" computerName="PPITM80-M0317" duration="00:00:00.0021960" startTime="2025-09-07T07:41:21.9175582-05:00" endTime="2025-09-07T07:41:21.9197542-05:00" testType="13cdc9d9-ddb5-4fa4-a97d-d965ccfc6d4b" outcome="Passed" testListId="8c84fa94-04c1-424b-9868-57a2d4851a1d" relativeResultsDirectory="ce226a6b-2117-4bb6-b89e-5b14e3bd161c" />
    <UnitTestResult executionId="eeda855b-a97f-493e-92c5-bfa8ea4bfa27" testId="2bd0d672-c2c5-aca9-dbd3-9ce7376f1b88" testName="ExecuteAsync_Should_Create_New_Index_When_None_Exists" computerName="PPITM80-M0317" duration="00:00:00.0244630" startTime="2025-09-07T07:41:21.8738379-05:00" endTime="2025-09-07T07:41:21.8982986-05:00" testType="13cdc9d9-ddb5-4fa4-a97d-d965ccfc6d4b" outcome="Passed" testListId="8c84fa94-04c1-424b-9868-57a2d4851a1d" relativeResultsDirectory="eeda855b-a97f-493e-92c5-bfa8ea4bfa27" />
    <UnitTestResult executionId="744d871c-7406-4482-a923-98f2235012d0" testId="00326768-0d79-bb1c-d72a-a3b937cd3e7c" testName="ComputeWorkspaceHash_Should_Be_Deterministic" computerName="PPITM80-M0317" duration="00:00:00.0430340" startTime="2025-09-07T07:41:21.3556491-05:00" endTime="2025-09-07T07:41:21.3986812-05:00" testType="13cdc9d9-ddb5-4fa4-a97d-d965ccfc6d4b" outcome="Passed" testListId="8c84fa94-04c1-424b-9868-57a2d4851a1d" relativeResultsDirectory="744d871c-7406-4482-a923-98f2235012d0" />
    <UnitTestResult executionId="ed90156c-0b63-4159-9f47-26f71d5c73d8" testId="6231a3f1-7b08-83ec-5532-335dc2b26f1d" testName="ExecuteAsync_GroupByFileEnabled_GroupsResultsByFile" computerName="PPITM80-M0317" duration="00:00:00.0562950" startTime="2025-09-07T07:41:21.7722298-05:00" endTime="2025-09-07T07:41:21.8285229-05:00" testType="13cdc9d9-ddb5-4fa4-a97d-d965ccfc6d4b" outcome="Passed" testListId="8c84fa94-04c1-424b-9868-57a2d4851a1d" relativeResultsDirectory="ed90156c-0b63-4159-9f47-26f71d5c73d8" />
    <UnitTestResult executionId="76b08d9f-35c3-4449-b63f-0cbcb92f3709" testId="cee38744-169c-f64b-0ed0-b2f6db3a9da1" testName="CalculateConfidence_WithEmptyQuery_ShouldReturnZero" computerName="PPITM80-M0317" duration="00:00:00.0007829" startTime="2025-09-07T07:41:20.8625204-05:00" endTime="2025-09-07T07:41:20.8633030-05:00" testType="13cdc9d9-ddb5-4fa4-a97d-d965ccfc6d4b" outcome="Passed" testListId="8c84fa94-04c1-424b-9868-57a2d4851a1d" relativeResultsDirectory="76b08d9f-35c3-4449-b63f-0cbcb92f3709" />
    <UnitTestResult executionId="67febe3e-43be-43fa-b779-f7cd518e0e06" testId="1b48cf27-1a1e-eda4-ff5f-7d22fcff0181" testName="ExecuteAsync_IndexNotFound_ReturnsError" computerName="PPITM80-M0317" duration="00:00:00.0029359" startTime="2025-09-07T07:41:22.2449512-05:00" endTime="2025-09-07T07:41:22.2478873-05:00" testType="13cdc9d9-ddb5-4fa4-a97d-d965ccfc6d4b" outcome="Passed" testListId="8c84fa94-04c1-424b-9868-57a2d4851a1d" relativeResultsDirectory="67febe3e-43be-43fa-b779-f7cd518e0e06" />
    <UnitTestResult executionId="aff507c7-75e8-488d-aa0e-9bc81db98c7d" testId="b6645825-0e2d-b86c-d3eb-82a8c700376e" testName="ExecuteAsync_ContextLines_GeneratesCorrectContext" computerName="PPITM80-M0317" duration="00:00:00.0076150" startTime="2025-09-07T07:41:21.9394076-05:00" endTime="2025-09-07T07:41:21.9470220-05:00" testType="13cdc9d9-ddb5-4fa4-a97d-d965ccfc6d4b" outcome="Passed" testListId="8c84fa94-04c1-424b-9868-57a2d4851a1d" relativeResultsDirectory="aff507c7-75e8-488d-aa0e-9bc81db98c7d" />
    <UnitTestResult executionId="8f3082af-968f-48a3-a287-26dba8f4fc69" testId="c41b1d63-dd1b-5812-a822-5d35a364f148" testName="ExecuteAsync_ShouldCalculateDepthCorrectly" computerName="PPITM80-M0317" duration="00:00:00.0515479" startTime="2025-09-07T07:41:21.6030954-05:00" endTime="2025-09-07T07:41:21.6546420-05:00" testType="13cdc9d9-ddb5-4fa4-a97d-d965ccfc6d4b" outcome="Passed" testListId="8c84fa94-04c1-424b-9868-57a2d4851a1d" relativeResultsDirectory="8f3082af-968f-48a3-a287-26dba8f4fc69" />
    <UnitTestResult executionId="89244e62-d4e4-4fe8-bae6-fc73b3c574f6" testId="0ab2e78f-df9e-ee65-c2fa-b6228220d9cd" testName="ExecuteAsync_Should_Cache_Results_By_Default" computerName="PPITM80-M0317" duration="00:00:00.0040720" startTime="2025-09-07T07:41:21.7322215-05:00" endTime="2025-09-07T07:41:21.7362935-05:00" testType="13cdc9d9-ddb5-4fa4-a97d-d965ccfc6d4b" outcome="Passed" testListId="8c84fa94-04c1-424b-9868-57a2d4851a1d" relativeResultsDirectory="89244e62-d4e4-4fe8-bae6-fc73b3c574f6" />
    <UnitTestResult executionId="5a6928c8-2b17-4798-ac64-08611fbd9aa5" testId="11edbe62-8f83-8c3f-4458-b3f3e6ff0e75" testName="CalculateConfidence_WithRegexSpecialCharacters_ShouldEscapeProperly" computerName="PPITM80-M0317" duration="00:00:00.0372240" startTime="2025-09-07T07:41:21.0955169-05:00" endTime="2025-09-07T07:41:21.1327401-05:00" testType="13cdc9d9-ddb5-4fa4-a97d-d965ccfc6d4b" outcome="Passed" testListId="8c84fa94-04c1-424b-9868-57a2d4851a1d" relativeResultsDirectory="5a6928c8-2b17-4798-ac64-08611fbd9aa5" />
    <UnitTestResult executionId="2573530b-1f57-4eba-9bd7-84a282fd0041" testId="21cde39f-b612-6ef0-0d36-40c508419484" testName="IntegrationTest_SearchHitProcessing_FullPipeline" computerName="PPITM80-M0317" duration="00:00:00.0009430" startTime="2025-09-07T07:41:20.6055952-05:00" endTime="2025-09-07T07:41:20.6065375-05:00" testType="13cdc9d9-ddb5-4fa4-a97d-d965ccfc6d4b" outcome="Passed" testListId="8c84fa94-04c1-424b-9868-57a2d4851a1d" relativeResultsDirectory="2573530b-1f57-4eba-9bd7-84a282fd0041" />
    <UnitTestResult executionId="be0ff949-06cc-4359-a153-dd17f70ee869" testId="80df271d-77a9-1b07-13b6-2ab9973e92a6" testName="ValidateRequired_NullWorkspacePath_ThrowsArgumentNullException" computerName="PPITM80-M0317" duration="00:00:00.0014460" startTime="2025-09-07T07:41:21.5290290-05:00" endTime="2025-09-07T07:41:21.5304752-05:00" testType="13cdc9d9-ddb5-4fa4-a97d-d965ccfc6d4b" outcome="Failed" testListId="8c84fa94-04c1-424b-9868-57a2d4851a1d" relativeResultsDirectory="be0ff949-06cc-4359-a153-dd17f70ee869">
      <Output>
        <ErrorInfo>
          <Message>System.ArgumentException : Can not instantiate proxy of class: COA.CodeSearch.McpServer.Tools.TextSearchTool.&#xD;
Could not find a constructor that would match given arguments:&#xD;
Microsoft.Extensions.DependencyInjection.ServiceProvider&#xD;
Castle.Proxies.ILuceneIndexServiceProxy&#xD;
Castle.Proxies.IResponseCacheServiceProxy&#xD;
Castle.Proxies.IResourceStorageServiceProxy&#xD;
Castle.Proxies.ICacheKeyGeneratorProxy&#xD;
COA.CodeSearch.McpServer.Services.QueryPreprocessor&#xD;
&lt;null&gt;&#xD;
Castle.Proxies.IProjectKnowledgeServiceProxy&#xD;
COA.CodeSearch.McpServer.Services.SmartDocumentationService&#xD;
Castle.Proxies.IVSCodeBridgeProxy&#xD;
COA.CodeSearch.McpServer.Services.SmartQueryPreprocessor&#xD;
Castle.Proxies.ILogger`1Proxy_1&#xD;
 (Parameter 'constructorArguments')&#xD;
  ----&gt; System.MissingMethodException : Constructor on type 'Castle.Proxies.TextSearchToolProxy' not found.</Message>
          <StackTrace>   at Castle.DynamicProxy.ProxyGenerator.CreateClassProxyInstance(Type proxyType, List`1 proxyArguments, Type classToProxy, Object[] constructorArguments)&#xD;
   at Castle.DynamicProxy.ProxyGenerator.CreateClassProxy(Type classToProxy, Type[] additionalInterfacesToProxy, ProxyGenerationOptions options, Object[] constructorArguments, IInterceptor[] interceptors)&#xD;
   at Moq.CastleProxyFactory.CreateProxy(Type mockType, IInterceptor interceptor, Type[] interfaces, Object[] arguments) in /_/src/Moq/Interception/CastleProxyFactory.cs:line 62&#xD;
   at Moq.Mock`1.InitializeInstance() in /_/src/Moq/Mock`1.cs:line 309&#xD;
   at Moq.Mock`1.OnGetObject() in /_/src/Moq/Mock`1.cs:line 323&#xD;
   at Moq.Mock.get_Object() in /_/src/Moq/Mock.cs:line 181&#xD;
   at Moq.Mock`1.get_Object() in /_/src/Moq/Mock`1.cs:line 281&#xD;
   at COA.CodeSearch.McpServer.Tests.Tools.BatchOperationsToolTests.CreateTool() in C:\source\COA CodeSearch MCP\COA.CodeSearch.McpServer.Tests\Tools\BatchOperationsToolTests.cs:line 61&#xD;
   at COA.Mcp.Framework.Testing.Base.ToolTestBase`1.SetUp()&#xD;
   at InvokeStub_ToolTestBase`1.SetUp(Object, Object, IntPtr*)&#xD;
   at System.Reflection.MethodBaseInvoker.InvokeWithNoArgs(Object obj, BindingFlags invokeAttr)&#xD;
--MissingMethodException&#xD;
   at System.RuntimeType.CreateInstanceImpl(BindingFlags bindingAttr, Binder binder, Object[] args, CultureInfo culture)&#xD;
   at Castle.DynamicProxy.ProxyGenerator.CreateClassProxyInstance(Type proxyType, List`1 proxyArguments, Type classToProxy, Object[] constructorArguments)
</StackTrace>
        </ErrorInfo>
      </Output>
    </UnitTestResult>
    <UnitTestResult executionId="713bcb57-e44f-47ae-b8e6-896a9b9aad9c" testId="12902737-c6bb-b696-0484-0e60b86be4a0" testName="ExecuteAsync_Should_Store_Metadata_Multiple_Times_During_Workflow" computerName="PPITM80-M0317" duration="00:00:00.0033840" startTime="2025-09-07T07:41:21.9258653-05:00" endTime="2025-09-07T07:41:21.9292493-05:00" testType="13cdc9d9-ddb5-4fa4-a97d-d965ccfc6d4b" outcome="Passed" testListId="8c84fa94-04c1-424b-9868-57a2d4851a1d" relativeResultsDirectory="713bcb57-e44f-47ae-b8e6-896a9b9aad9c" />
    <UnitTestResult executionId="a4e4dc9f-2594-4877-9781-6599620508d9" testId="3c754275-dd5c-c5a1-00ea-c44d22195e34" testName="ExecuteAsync_Should_Return_Error_When_Workspace_Not_Indexed" computerName="PPITM80-M0317" duration="00:00:00.0027169" startTime="2025-09-07T07:41:21.7595841-05:00" endTime="2025-09-07T07:41:21.7623004-05:00" testType="13cdc9d9-ddb5-4fa4-a97d-d965ccfc6d4b" outcome="Passed" testListId="8c84fa94-04c1-424b-9868-57a2d4851a1d" relativeResultsDirectory="a4e4dc9f-2594-4877-9781-6599620508d9" />
    <UnitTestResult executionId="be934421-dbc6-4372-b431-b8929310ccb8" testId="cfa9bb7c-3da8-7ed4-7083-9603c6f639fd" testName="CalculateConfidence_WithCommentLine_ShouldHavePenalty" computerName="PPITM80-M0317" duration="00:00:00.0339100" startTime="2025-09-07T07:41:20.7924577-05:00" endTime="2025-09-07T07:41:20.8263662-05:00" testType="13cdc9d9-ddb5-4fa4-a97d-d965ccfc6d4b" outcome="Passed" testListId="8c84fa94-04c1-424b-9868-57a2d4851a1d" relativeResultsDirectory="be934421-dbc6-4372-b431-b8929310ccb8" />
    <UnitTestResult executionId="ed4c8396-59e5-442b-9763-736443820638" testId="37e8be23-ac0e-3b93-d012-15085cad5135" testName="CalculateConfidence_WithPartialWordMatch_ShouldNotGetExactBonus" computerName="PPITM80-M0317" duration="00:00:00.0383870" startTime="2025-09-07T07:41:21.0477691-05:00" endTime="2025-09-07T07:41:21.0861528-05:00" testType="13cdc9d9-ddb5-4fa4-a97d-d965ccfc6d4b" outcome="Passed" testListId="8c84fa94-04c1-424b-9868-57a2d4851a1d" relativeResultsDirectory="ed4c8396-59e5-442b-9763-736443820638" />
    <UnitTestResult executionId="d7a15537-777d-41c9-acd9-d376aaef3e14" testId="de474172-f53b-37d4-a0d9-58e31ba08c58" testName="Tool_Should_Have_Correct_Metadata" computerName="PPITM80-M0317" duration="00:00:00.0014730" startTime="2025-09-07T07:41:21.6825294-05:00" endTime="2025-09-07T07:41:21.6840018-05:00" testType="13cdc9d9-ddb5-4fa4-a97d-d965ccfc6d4b" outcome="Passed" testListId="8c84fa94-04c1-424b-9868-57a2d4851a1d" relativeResultsDirectory="d7a15537-777d-41c9-acd9-d376aaef3e14" />
    <UnitTestResult executionId="252b980c-a60a-4c86-8b87-7148387d07a0" testId="b2f947a9-5ebd-89e8-5f9c-55078a1bde5c" testName="ExecuteAsync_NoDuplicateLines_FixesCarriageReturnBug" computerName="PPITM80-M0317" duration="00:00:00.0158370" startTime="2025-09-07T07:41:22.2479058-05:00" endTime="2025-09-07T07:41:22.2637421-05:00" testType="13cdc9d9-ddb5-4fa4-a97d-d965ccfc6d4b" outcome="Failed" testListId="8c84fa94-04c1-424b-9868-57a2d4851a1d" relativeResultsDirectory="252b980c-a60a-4c86-8b87-7148387d07a0">
      <Output>
        <ErrorInfo>
          <Message>Expected lines.Length to be 3 because should not create duplicate/empty lines due to carriage returns, but found 4.</Message>
          <StackTrace>   at FluentAssertions.Execution.LateBoundTestFramework.Throw(String message)&#xD;
   at FluentAssertions.Execution.TestFrameworkProvider.Throw(String message)&#xD;
   at FluentAssertions.Execution.DefaultAssertionStrategy.HandleFailure(String message)&#xD;
   at FluentAssertions.Execution.AssertionScope.FailWith(Func`1 failReasonFunc)&#xD;
   at FluentAssertions.Execution.AssertionScope.FailWith(Func`1 failReasonFunc)&#xD;
   at FluentAssertions.Execution.AssertionScope.FailWith(String message, Object[] args)&#xD;
   at FluentAssertions.Numeric.NumericAssertions`2.Be(T expected, String because, Object[] becauseArgs)&#xD;
   at COA.CodeSearch.McpServer.Tests.Tools.SearchAndReplaceToolTests.ExecuteAsync_NoDuplicateLines_FixesCarriageReturnBug() in C:\source\COA CodeSearch MCP\COA.CodeSearch.McpServer.Tests\Tools\SearchAndReplaceToolTests.cs:line 427&#xD;
   at NUnit.Framework.Internal.TaskAwaitAdapter.GenericAdapter`1.BlockUntilCompleted()&#xD;
   at NUnit.Framework.Internal.MessagePumpStrategy.NoMessagePumpStrategy.WaitForCompletion(AwaitAdapter awaiter)&#xD;
   at NUnit.Framework.Internal.AsyncToSyncAdapter.Await[TResult](TestExecutionContext context, Func`1 invoke)&#xD;
   at NUnit.Framework.Internal.AsyncToSyncAdapter.Await(TestExecutionContext context, Func`1 invoke)&#xD;
   at NUnit.Framework.Internal.Commands.TestMethodCommand.RunTestMethod(TestExecutionContext context)&#xD;
   at NUnit.Framework.Internal.Commands.TestMethodCommand.Execute(TestExecutionContext context)&#xD;
   at NUnit.Framework.Internal.Commands.BeforeAndAfterTestCommand.&lt;&gt;c__DisplayClass1_0.&lt;Execute&gt;b__0()&#xD;
   at NUnit.Framework.Internal.Commands.DelegatingTestCommand.RunTestMethodInThreadAbortSafeZone(TestExecutionContext context, Action action)&#xD;

</StackTrace>
        </ErrorInfo>
      </Output>
    </UnitTestResult>
    <UnitTestResult executionId="d3bf4ee5-68f6-4cf8-a67c-5963649508e5" testId="3dba743f-1dfa-642a-f863-d8cd5566b6a0" testName="ExecuteAsync_InvalidEndLine_ReturnsError" computerName="PPITM80-M0317" duration="00:00:00.0035590" startTime="2025-09-07T07:41:21.5672468-05:00" endTime="2025-09-07T07:41:21.5708055-05:00" testType="13cdc9d9-ddb5-4fa4-a97d-d965ccfc6d4b" outcome="Passed" testListId="8c84fa94-04c1-424b-9868-57a2d4851a1d" relativeResultsDirectory="d3bf4ee5-68f6-4cf8-a67c-5963649508e5" />
    <UnitTestResult executionId="6ef7e883-58e3-4bc5-aa33-1368324de051" testId="33f0c61d-3d45-8a2b-4853-f23039402d4e" testName="GetFullPath_Should_Return_Absolute_Path" computerName="PPITM80-M0317" duration="00:00:00.0004770" startTime="2025-09-07T07:41:21.4277686-05:00" endTime="2025-09-07T07:41:21.4282456-05:00" testType="13cdc9d9-ddb5-4fa4-a97d-d965ccfc6d4b" outcome="Passed" testListId="8c84fa94-04c1-424b-9868-57a2d4851a1d" relativeResultsDirectory="6ef7e883-58e3-4bc5-aa33-1368324de051" />
    <UnitTestResult executionId="047ba1e4-749b-4f9d-acad-63c3c4ac29ee" testId="50c1f765-c727-a1c9-6180-f72f0f5c651d" testName="BatchOperation_DefaultValues_AreCorrect" computerName="PPITM80-M0317" duration="00:00:00.0493590" startTime="2025-09-07T07:41:21.4706276-05:00" endTime="2025-09-07T07:41:21.5199852-05:00" testType="13cdc9d9-ddb5-4fa4-a97d-d965ccfc6d4b" outcome="Failed" testListId="8c84fa94-04c1-424b-9868-57a2d4851a1d" relativeResultsDirectory="047ba1e4-749b-4f9d-acad-63c3c4ac29ee">
      <Output>
        <ErrorInfo>
          <Message>System.ArgumentException : Can not instantiate proxy of class: COA.CodeSearch.McpServer.Tools.TextSearchTool.&#xD;
Could not find a constructor that would match given arguments:&#xD;
Microsoft.Extensions.DependencyInjection.ServiceProvider&#xD;
Castle.Proxies.ILuceneIndexServiceProxy&#xD;
Castle.Proxies.IResponseCacheServiceProxy&#xD;
Castle.Proxies.IResourceStorageServiceProxy&#xD;
Castle.Proxies.ICacheKeyGeneratorProxy&#xD;
COA.CodeSearch.McpServer.Services.QueryPreprocessor&#xD;
&lt;null&gt;&#xD;
Castle.Proxies.IProjectKnowledgeServiceProxy&#xD;
COA.CodeSearch.McpServer.Services.SmartDocumentationService&#xD;
Castle.Proxies.IVSCodeBridgeProxy&#xD;
COA.CodeSearch.McpServer.Services.SmartQueryPreprocessor&#xD;
Castle.Proxies.ILogger`1Proxy_1&#xD;
 (Parameter 'constructorArguments')&#xD;
  ----&gt; System.MissingMethodException : Constructor on type 'Castle.Proxies.TextSearchToolProxy' not found.</Message>
          <StackTrace>   at Castle.DynamicProxy.ProxyGenerator.CreateClassProxyInstance(Type proxyType, List`1 proxyArguments, Type classToProxy, Object[] constructorArguments)&#xD;
   at Castle.DynamicProxy.ProxyGenerator.CreateClassProxy(Type classToProxy, Type[] additionalInterfacesToProxy, ProxyGenerationOptions options, Object[] constructorArguments, IInterceptor[] interceptors)&#xD;
   at Moq.CastleProxyFactory.CreateProxy(Type mockType, IInterceptor interceptor, Type[] interfaces, Object[] arguments) in /_/src/Moq/Interception/CastleProxyFactory.cs:line 62&#xD;
   at Moq.Mock`1.InitializeInstance() in /_/src/Moq/Mock`1.cs:line 309&#xD;
   at Moq.Mock`1.OnGetObject() in /_/src/Moq/Mock`1.cs:line 323&#xD;
   at Moq.Mock.get_Object() in /_/src/Moq/Mock.cs:line 181&#xD;
   at Moq.Mock`1.get_Object() in /_/src/Moq/Mock`1.cs:line 281&#xD;
   at COA.CodeSearch.McpServer.Tests.Tools.BatchOperationsToolTests.CreateTool() in C:\source\COA CodeSearch MCP\COA.CodeSearch.McpServer.Tests\Tools\BatchOperationsToolTests.cs:line 61&#xD;
   at COA.Mcp.Framework.Testing.Base.ToolTestBase`1.SetUp()&#xD;
   at System.RuntimeMethodHandle.InvokeMethod(Object target, Void** arguments, Signature sig, Boolean isConstructor)&#xD;
   at System.Reflection.MethodBaseInvoker.InvokeWithNoArgs(Object obj, BindingFlags invokeAttr)&#xD;
--MissingMethodException&#xD;
   at System.RuntimeType.CreateInstanceImpl(BindingFlags bindingAttr, Binder binder, Object[] args, CultureInfo culture)&#xD;
   at Castle.DynamicProxy.ProxyGenerator.CreateClassProxyInstance(Type proxyType, List`1 proxyArguments, Type classToProxy, Object[] constructorArguments)
</StackTrace>
        </ErrorInfo>
      </Output>
    </UnitTestResult>
    <UnitTestResult executionId="781d1ed1-d042-43d8-aaa0-f1a8f0ffeef7" testId="8a1a5481-1047-5d08-155b-1c1e6d4f09bd" testName="CalculateConfidence_WithNullMatchedLine_ShouldReturnZero" computerName="PPITM80-M0317" duration="00:00:00.0009570" startTime="2025-09-07T07:41:20.9965825-05:00" endTime="2025-09-07T07:41:20.9975396-05:00" testType="13cdc9d9-ddb5-4fa4-a97d-d965ccfc6d4b" outcome="Passed" testListId="8c84fa94-04c1-424b-9868-57a2d4851a1d" relativeResultsDirectory="781d1ed1-d042-43d8-aaa0-f1a8f0ffeef7" />
    <UnitTestResult executionId="873db587-aed2-4209-bf64-a9c36aa03598" testId="67928f42-e0e7-792e-610f-c8c54ef6ea08" testName="Should_Extract_Class_And_Method_From_CSharp_Code" computerName="PPITM80-M0317" duration="00:00:00.0005840" startTime="2025-09-07T07:41:21.4475789-05:00" endTime="2025-09-07T07:41:21.4481625-05:00" testType="13cdc9d9-ddb5-4fa4-a97d-d965ccfc6d4b" outcome="Passed" testListId="8c84fa94-04c1-424b-9868-57a2d4851a1d" relativeResultsDirectory="873db587-aed2-4209-bf64-a9c36aa03598" />
    <UnitTestResult executionId="c1e439fe-a738-4dbe-a862-a02d9a909ea3" testId="2646abdc-bf49-4e89-6a96-0bea5964eaad" testName="ExecuteAsync_EncodingPreservation_MaintainsOriginalEncoding" computerName="PPITM80-M0317" duration="00:00:00.0052769" startTime="2025-09-07T07:41:22.1532936-05:00" endTime="2025-09-07T07:41:22.1585699-05:00" testType="13cdc9d9-ddb5-4fa4-a97d-d965ccfc6d4b" outcome="Passed" testListId="8c84fa94-04c1-424b-9868-57a2d4851a1d" relativeResultsDirectory="c1e439fe-a738-4dbe-a862-a02d9a909ea3" />
    <UnitTestResult executionId="e5dbb64d-9e00-4b0b-ac22-6dc9467892c8" testId="6a0457b2-a3b5-f21c-34c9-5bd6c9262a88" testName="ExecuteAsync_Should_Validate_Required_Parameters" computerName="PPITM80-M0317" duration="00:00:00.0020460" startTime="2025-09-07T07:41:21.9357122-05:00" endTime="2025-09-07T07:41:21.9377578-05:00" testType="13cdc9d9-ddb5-4fa4-a97d-d965ccfc6d4b" outcome="Passed" testListId="8c84fa94-04c1-424b-9868-57a2d4851a1d" relativeResultsDirectory="e5dbb64d-9e00-4b0b-ac22-6dc9467892c8" />
    <UnitTestResult executionId="9ad1134c-882b-4405-bd36-67c959b7dd9c" testId="1db6a257-3d49-dc8a-db0e-7d6b298bc39e" testName="TestGlobPatternMatching" computerName="PPITM80-M0317" duration="00:00:00.0019650" startTime="2025-09-07T07:41:21.6780418-05:00" endTime="2025-09-07T07:41:21.6800068-05:00" testType="13cdc9d9-ddb5-4fa4-a97d-d965ccfc6d4b" outcome="Passed" testListId="8c84fa94-04c1-424b-9868-57a2d4851a1d" relativeResultsDirectory="9ad1134c-882b-4405-bd36-67c959b7dd9c">
      <Output>
        <StdOut>Pattern: *&#xD;
Regex: ^.*$&#xD;
  src: True&#xD;
  components: True&#xD;
  tests: True&#xD;
  unit: True</StdOut>
      </Output>
    </UnitTestResult>
[...]
    <TestEntry testId="8b155b4d-a580-439b-a45e-2bdf45aad182" executionId="6f0a30e3-e634-412d-af76-d6c7778f2749" testListId="8c84fa94-04c1-424b-9868-57a2d4851a1d" />
    <TestEntry testId="de647e1e-4bc0-49d6-887d-65ed4daad473" executionId="1b371fce-57f5-42f4-ad67-a2e22d7fa4c0" testListId="8c84fa94-04c1-424b-9868-57a2d4851a1d" />
    <TestEntry testId="54d8571e-6a01-ce32-d565-e72d698f01a3" executionId="e95b5bbc-b58d-45ce-94fd-15272693d1bb" testListId="8c84fa94-04c1-424b-9868-57a2d4851a1d" />
    <TestEntry testId="21b53016-2dd4-875f-1a22-977b3ac956fe" executionId="b0ac9c43-8d75-4d9e-aa3b-a95e67df2835" testListId="8c84fa94-04c1-424b-9868-57a2d4851a1d" />
    <TestEntry testId="101fcbac-e23e-6f19-a8b9-dced6321cc05" executionId="af6fa9cb-084d-4c4c-9c19-a9a7ccc32364" testListId="8c84fa94-04c1-424b-9868-57a2d4851a1d" />
    <TestEntry testId="a1ff12d7-a827-39d6-04e6-2bfdba90bc71" executionId="5198e119-4c05-4885-a24d-1c7e2bda81e7" testListId="8c84fa94-04c1-424b-9868-57a2d4851a1d" />
    <TestEntry testId="b77d6b3b-d007-061b-469a-caff9e8bb15d" executionId="addebf73-7852-4a5d-8291-7dd3854e0484" testListId="8c84fa94-04c1-424b-9868-57a2d4851a1d" />
    <TestEntry testId="824d46d8-3bb8-ccc9-bd77-9559d8eb8b6f" executionId="b7f533a4-b71f-46a4-ae04-aa533e682565" testListId="8c84fa94-04c1-424b-9868-57a2d4851a1d" />
    <TestEntry testId="22a3245c-8cb4-74c9-db31-ee1f39e8557d" executionId="fab01a03-9df0-4264-bcc8-5c00b04bf0a0" testListId="8c84fa94-04c1-424b-9868-57a2d4851a1d" />
    <TestEntry testId="e5ec02cd-e55d-3c73-d8b6-50965793b334" executionId="725acd56-1a53-4f6b-8d57-82202d706ec6" testListId="8c84fa94-04c1-424b-9868-57a2d4851a1d" />
    <TestEntry testId="5a7358ad-0de1-e151-10c6-8a60449e3631" executionId="e5137aa4-47ba-4832-9d14-b0a7d5aa1f0c" testListId="8c84fa94-04c1-424b-9868-57a2d4851a1d" />
    <TestEntry testId="eed83322-98cb-a81b-359f-d05a5291974b" executionId="36a4f693-3c21-49c6-93b7-f4e323e664a0" testListId="8c84fa94-04c1-424b-9868-57a2d4851a1d" />
    <TestEntry testId="ce06ba38-12e2-bfe6-fb43-78086f861f86" executionId="6038e0cd-a70c-4576-aeef-8034a4fb5f97" testListId="8c84fa94-04c1-424b-9868-57a2d4851a1d" />
    <TestEntry testId="49321e41-8407-7aa4-45b1-515098c73901" executionId="0d2077ab-a895-482c-abd9-006d576690b2" testListId="8c84fa94-04c1-424b-9868-57a2d4851a1d" />
    <TestEntry testId="654ff909-4e27-8a9e-bc29-4be280a61f94" executionId="3ec7c383-adec-4774-bd0d-66a7e3be1ad2" testListId="8c84fa94-04c1-424b-9868-57a2d4851a1d" />
    <TestEntry testId="bb3e078b-d385-fc3c-7d6f-238b06f1ba0d" executionId="4edccc47-2eaf-4e8b-9cd6-591ccad929a7" testListId="8c84fa94-04c1-424b-9868-57a2d4851a1d" />
    <TestEntry testId="a48bd2c4-ea8f-7724-f717-7c2e5483260c" executionId="991e7a8e-64c5-4f73-84d6-ef117d6a6dbe" testListId="8c84fa94-04c1-424b-9868-57a2d4851a1d" />
    <TestEntry testId="ffe22006-d59e-d5b9-594d-2f2c99f21f4e" executionId="356b1239-6211-46fa-883b-ced15d81eb4a" testListId="8c84fa94-04c1-424b-9868-57a2d4851a1d" />
    <TestEntry testId="ac5955ae-3076-629b-8575-02aacdfe5d01" executionId="0cf8c080-d050-4ab7-bbba-c46969703ceb" testListId="8c84fa94-04c1-424b-9868-57a2d4851a1d" />
    <TestEntry testId="c92a5998-3d01-3c96-05bc-87d2f0b7510a" executionId="c9015c46-d66c-4073-8187-73a3608cfcba" testListId="8c84fa94-04c1-424b-9868-57a2d4851a1d" />
    <TestEntry testId="a7717790-3d51-7752-0b58-bdf55d681a24" executionId="9db163b3-a8ef-4989-9374-ec25eed5d420" testListId="8c84fa94-04c1-424b-9868-57a2d4851a1d" />
    <TestEntry testId="9796d5e0-1095-4ab6-88f8-3d8e2a604d5b" executionId="9e6397a5-b991-4521-ace6-da85a417b535" testListId="8c84fa94-04c1-424b-9868-57a2d4851a1d" />
    <TestEntry testId="4cfc9d4d-2caa-d5be-2f93-cbcca2518011" executionId="7ba00769-cec5-4c3f-b4a9-9c6e5da3701f" testListId="8c84fa94-04c1-424b-9868-57a2d4851a1d" />
    <TestEntry testId="9b0c71cb-b156-596b-3243-55ebe09ed2b6" executionId="898e8a8c-f3db-4dfc-922c-317c7962c846" testListId="8c84fa94-04c1-424b-9868-57a2d4851a1d" />
    <TestEntry testId="018ebbcd-6355-0126-db30-75204f88f30c" executionId="8e5a2513-98ea-4d72-b400-1539bba37b0f" testListId="8c84fa94-04c1-424b-9868-57a2d4851a1d" />
    <TestEntry testId="bf98c7cb-9b7f-3ebb-41db-4438a45e9b06" executionId="48ef5aa8-401e-40b5-b6e1-8ee5155659dc" testListId="8c84fa94-04c1-424b-9868-57a2d4851a1d" />
    <TestEntry testId="a67e9eb8-8d1f-a396-1bbd-d09fa3036a2b" executionId="a3e4cf88-56f7-4155-82ef-25028105f0a7" testListId="8c84fa94-04c1-424b-9868-57a2d4851a1d" />
    <TestEntry testId="3d3e396c-0afe-9f78-4e51-2d818dd14e00" executionId="4e00b377-cd93-49c1-bd66-ceb4f86472c7" testListId="8c84fa94-04c1-424b-9868-57a2d4851a1d" />
    <TestEntry testId="0f757c72-1179-de8d-a9b4-a8095c376440" executionId="00d9c62e-fa02-4b7f-be35-a6a84d4b6a30" testListId="8c84fa94-04c1-424b-9868-57a2d4851a1d" />
    <TestEntry testId="fa93fffd-8efb-880f-fee3-4653ea6df719" executionId="4addf9e5-c31b-4574-a130-8dec352296df" testListId="8c84fa94-04c1-424b-9868-57a2d4851a1d" />
    <TestEntry testId="82ad39dc-0184-3b21-9add-a730ae927107" executionId="7d2b5147-aaf9-4042-9b9b-769cf236ee20" testListId="8c84fa94-04c1-424b-9868-57a2d4851a1d" />
    <TestEntry testId="326eb41d-b5f5-53f1-0d6f-0f5d466bccc1" executionId="c95c6350-a48e-4354-b478-8c716a7dcf95" testListId="8c84fa94-04c1-424b-9868-57a2d4851a1d" />
    <TestEntry testId="53c196cc-1dd5-931b-3fad-178da16e285a" executionId="e73acf57-7cc8-49a1-b01a-af8203f5459d" testListId="8c84fa94-04c1-424b-9868-57a2d4851a1d" />
    <TestEntry testId="affcaea5-fc17-1749-de40-678d162823fe" executionId="8d2f13da-14f3-41b4-8bd4-23ab548d7328" testListId="8c84fa94-04c1-424b-9868-57a2d4851a1d" />
    <TestEntry testId="aac13105-6bba-4068-36af-e95ad7b826ba" executionId="3962f3c9-b0f7-410b-bbfc-c7e77aa04a58" testListId="8c84fa94-04c1-424b-9868-57a2d4851a1d" />
    <TestEntry testId="e1dc1fb8-c131-bfac-35bb-827b770d4634" executionId="e8466164-8571-4e15-8fb6-29b0ada26728" testListId="8c84fa94-04c1-424b-9868-57a2d4851a1d" />
    <TestEntry testId="e830c9a2-0b7d-76d9-0434-a7ec37a581fc" executionId="b032dff6-2aea-4e55-bb3c-64764483c490" testListId="8c84fa94-04c1-424b-9868-57a2d4851a1d" />
    <TestEntry testId="1977d3aa-09f7-de3d-61bc-5bfde8841759" executionId="02c191a8-f661-40a4-bc08-89de45353c70" testListId="8c84fa94-04c1-424b-9868-57a2d4851a1d" />
    <TestEntry testId="114fc7b6-e37e-0cd8-a271-1b0f6918971f" executionId="5807c446-985f-4d9c-b23a-06bb4e22db1c" testListId="8c84fa94-04c1-424b-9868-57a2d4851a1d" />
    <TestEntry testId="630e9802-3830-6ab7-b2a2-da3bc6b08053" executionId="39819fd6-38ac-40b0-8a04-234da2e8a9a6" testListId="8c84fa94-04c1-424b-9868-57a2d4851a1d" />
    <TestEntry testId="5b966598-59eb-430e-ea26-6cec0c85e92f" executionId="2b3541da-72e5-45f7-8a1e-a7c249ad74d0" testListId="8c84fa94-04c1-424b-9868-57a2d4851a1d" />
    <TestEntry testId="09cea5f4-f732-1d4e-9bb2-954f155f4594" executionId="d7f44e3c-26bf-4975-87e8-289fb54919ec" testListId="8c84fa94-04c1-424b-9868-57a2d4851a1d" />
    <TestEntry testId="d975f63f-5e92-66d2-a4f7-4775138e65da" executionId="13d06000-2bfd-41d1-bc3b-4ceae8a68b4e" testListId="8c84fa94-04c1-424b-9868-57a2d4851a1d" />
    <TestEntry testId="72170669-1a4b-b64d-93c5-3d45ab3b701a" executionId="274c1169-d109-420a-995d-6fe35fb1d09d" testListId="8c84fa94-04c1-424b-9868-57a2d4851a1d" />
    <TestEntry testId="3ae00c58-bce0-aae6-6277-df331731bcb4" executionId="4b9a934c-9fad-4810-840c-1eebd962ee27" testListId="8c84fa94-04c1-424b-9868-57a2d4851a1d" />
    <TestEntry testId="87f395f8-a8ed-890d-e556-dfd2cec00790" executionId="5b2d83d5-68b9-49a4-a956-29b409b41051" testListId="8c84fa94-04c1-424b-9868-57a2d4851a1d" />
    <TestEntry testId="e6a08d27-4df8-86a9-296f-623999e304b6" executionId="12a40b6e-d252-4e0a-b00b-dae21665ad56" testListId="8c84fa94-04c1-424b-9868-57a2d4851a1d" />
    <TestEntry testId="0d29fa0b-c2e9-f69d-31c9-d9b22d38e871" executionId="60c21aca-08f2-4a52-aa6d-6da8e54bf8e5" testListId="8c84fa94-04c1-424b-9868-57a2d4851a1d" />
    <TestEntry testId="a90f6a83-4ab2-5198-0e57-89e320db99a6" executionId="616f580d-8bb2-47a8-94e0-903c9cd0f9a5" testListId="8c84fa94-04c1-424b-9868-57a2d4851a1d" />
    <TestEntry testId="4a87e8ad-04fb-a693-b697-a98f46f8aea8" executionId="d45f240c-7dd2-437a-80e7-60f9a5eb097f" testListId="8c84fa94-04c1-424b-9868-57a2d4851a1d" />
    <TestEntry testId="b9239865-81ea-25a3-e27a-8564f519f23d" executionId="8f471546-a3ee-48e3-81f0-011cc38ca305" testListId="8c84fa94-04c1-424b-9868-57a2d4851a1d" />
    <TestEntry testId="55b7a186-6ad6-9eb4-c4dc-5206eb7b0fe3" executionId="0181ebac-6704-4e00-89da-85d544473656" testListId="8c84fa94-04c1-424b-9868-57a2d4851a1d" />
    <TestEntry testId="7a4bcd52-be30-bb94-f492-e2a0890765ce" executionId="643c886d-1a9d-429d-987a-e424cfd7a5a8" testListId="8c84fa94-04c1-424b-9868-57a2d4851a1d" />
    <TestEntry testId="a870daab-bd6c-368a-ec73-9dcd3316463b" executionId="6accf250-936e-41cc-88f5-9bdd71903a14" testListId="8c84fa94-04c1-424b-9868-57a2d4851a1d" />
    <TestEntry testId="8dfad606-9d2a-4a27-fd8d-4d2ee6f173aa" executionId="6c089993-e3e9-4977-9bc7-5304e31abca1" testListId="8c84fa94-04c1-424b-9868-57a2d4851a1d" />
    <TestEntry testId="14ab1410-34c7-ceec-2e9f-26dfa0408cb6" executionId="7461cd5c-0f2d-46b8-be92-16cea607799b" testListId="8c84fa94-04c1-424b-9868-57a2d4851a1d" />
    <TestEntry testId="d9639a47-b934-e44a-f236-d0ccde0de455" executionId="fd15f769-9be6-4b48-976c-72eab3844750" testListId="8c84fa94-04c1-424b-9868-57a2d4851a1d" />
    <TestEntry testId="6d350cc0-3b63-9f42-1109-cf1df9afcb45" executionId="735a8084-ca64-44e6-9ba0-7f23fe2c16ed" testListId="8c84fa94-04c1-424b-9868-57a2d4851a1d" />
    <TestEntry testId="6e0417db-69d3-bf89-9fbc-8140fb464450" executionId="1b201b94-9c66-4897-996b-639616338c7b" testListId="8c84fa94-04c1-424b-9868-57a2d4851a1d" />
    <TestEntry testId="e3ace1cf-4bae-65a1-fc8d-b0e1853d6737" executionId="a87803f3-a566-48d5-a523-5f58dbda52f2" testListId="8c84fa94-04c1-424b-9868-57a2d4851a1d" />
    <TestEntry testId="045daf24-03ff-197b-1cef-a9193cb7610e" executionId="90253763-d2cb-433a-b187-4df6e803a304" testListId="8c84fa94-04c1-424b-9868-57a2d4851a1d" />
    <TestEntry testId="ec485ea5-9daa-a0d9-a9c8-f4b69700c81c" executionId="20d0a741-dd02-4bb7-bd5b-42f7f634e91d" testListId="8c84fa94-04c1-424b-9868-57a2d4851a1d" />
    <TestEntry testId="d3e136b8-5a0a-a773-d9e9-8101eb1d6114" executionId="0631d3e7-5e76-4393-b323-9c514624926f" testListId="8c84fa94-04c1-424b-9868-57a2d4851a1d" />
    <TestEntry testId="9c0b05bf-f5e7-7c8d-2fb8-c8f6375a2eb1" executionId="9d5ca14e-a01a-4c6c-8f15-d04ccc9276b0" testListId="8c84fa94-04c1-424b-9868-57a2d4851a1d" />
    <TestEntry testId="0602473d-5866-8e4d-4f94-570f7e7c2237" executionId="628c8cd5-cdc4-43d7-98fb-2206a390d96d" testListId="8c84fa94-04c1-424b-9868-57a2d4851a1d" />
    <TestEntry testId="785814fe-dcbc-30c4-7d8c-7ed2f30ead9b" executionId="f0a4c3e5-3229-440f-989f-5089ffeaa807" testListId="8c84fa94-04c1-424b-9868-57a2d4851a1d" />
    <TestEntry testId="6c81ab54-0bec-8762-90d9-f28435852df7" executionId="44e69ca3-eb08-42dd-a9ea-f26e54f4e60b" testListId="8c84fa94-04c1-424b-9868-57a2d4851a1d" />
    <TestEntry testId="da66ce0c-ee92-38d1-3250-0e465c55c251" executionId="df27c1b9-a656-4d51-991c-b656b96138c5" testListId="8c84fa94-04c1-424b-9868-57a2d4851a1d" />
    <TestEntry testId="96ed2a8c-630c-0612-03fb-0814a1a0e6e9" executionId="b99d1bef-bc90-4246-abf6-5f914d3ab969" testListId="8c84fa94-04c1-424b-9868-57a2d4851a1d" />
    <TestEntry testId="8f14774a-cd75-6f8c-84d0-7bdcc9968328" executionId="3a1490ad-408d-4258-a3f4-0dbafbc2d49f" testListId="8c84fa94-04c1-424b-9868-57a2d4851a1d" />
    <TestEntry testId="5d5fb8b4-c2e5-6615-593f-fb4afc53ab6d" executionId="539fd365-bc75-4b42-95f3-89c0b35e9969" testListId="8c84fa94-04c1-424b-9868-57a2d4851a1d" />
    <TestEntry testId="9db8600d-9030-4fcc-0b7c-2880aaf6b24a" executionId="d9f82d5d-e1b4-46dc-9258-847ad3fe3462" testListId="8c84fa94-04c1-424b-9868-57a2d4851a1d" />
    <TestEntry testId="e74ca356-302c-d244-498c-021a1f823191" executionId="37ee2622-e924-4d73-976f-345523edee0a" testListId="8c84fa94-04c1-424b-9868-57a2d4851a1d" />
    <TestEntry testId="ac09df77-c344-062f-53a9-7c78d1199a22" executionId="b3d7a744-4b3b-4fd8-9e79-41b36fbec509" testListId="8c84fa94-04c1-424b-9868-57a2d4851a1d" />
    <TestEntry testId="d79b73c7-91e7-2a10-e650-22891b64b201" executionId="22ff18bd-0df2-43cd-b181-73f824dc5eb1" testListId="8c84fa94-04c1-424b-9868-57a2d4851a1d" />
    <TestEntry testId="a7b3ab64-fc62-c210-2e83-ae9496a94697" executionId="2280fd1e-597f-4606-bdc4-abb063f56317" testListId="8c84fa94-04c1-424b-9868-57a2d4851a1d" />
    <TestEntry testId="a3dd116a-32ea-3da7-9f78-87baa5939597" executionId="8a515df0-3cc8-46d5-9930-dafeef355676" testListId="8c84fa94-04c1-424b-9868-57a2d4851a1d" />
    <TestEntry testId="beb0b5b5-24dc-a8c2-882a-b3d0c6d92a7f" executionId="a0a5e346-27e8-43f0-9898-e4b5c45d4de5" testListId="8c84fa94-04c1-424b-9868-57a2d4851a1d" />
    <TestEntry testId="6808b8dc-b448-e0b2-d22c-0c66085fdfdf" executionId="60fe173b-3d00-41c8-8e65-e9abb2f25caa" testListId="8c84fa94-04c1-424b-9868-57a2d4851a1d" />
    <TestEntry testId="e324d320-e3d3-c088-35aa-a58ee7a7e89b" executionId="7b024c94-770e-4559-856f-f5cfb02eaf00" testListId="8c84fa94-04c1-424b-9868-57a2d4851a1d" />
    <TestEntry testId="de5e07f6-1dde-b49c-e0bc-431e4d1b4244" executionId="53d6b2e4-abd7-4c25-b0d6-a9dd9d4a1187" testListId="8c84fa94-04c1-424b-9868-57a2d4851a1d" />
    <TestEntry testId="1b2024d7-53f3-0b2b-9619-eed3364080df" executionId="fa75f623-6052-4e66-a59e-ee3391e72bf9" testListId="8c84fa94-04c1-424b-9868-57a2d4851a1d" />
    <TestEntry testId="c6b65c98-ccbc-7df3-e37f-f4694a6d7677" executionId="b083ff28-6f91-4a4d-b83e-1639a57b78c8" testListId="8c84fa94-04c1-424b-9868-57a2d4851a1d" />
    <TestEntry testId="788e6d6b-e6ab-66cd-f33e-99e77d27f96c" executionId="05722c25-81a6-4070-a990-2287b103cd95" testListId="8c84fa94-04c1-424b-9868-57a2d4851a1d" />
    <TestEntry testId="1f875262-2752-ffca-8a22-70fb87d03e65" executionId="90689aa4-9082-4483-85a2-243aef990f46" testListId="8c84fa94-04c1-424b-9868-57a2d4851a1d" />
    <TestEntry testId="15a72174-ebeb-2f2c-0cdd-551d10bb4ddc" executionId="c308f36b-1406-49d9-b193-b383372463a2" testListId="8c84fa94-04c1-424b-9868-57a2d4851a1d" />
    <TestEntry testId="e86d6d82-0ce0-d851-dd71-ebc98ec473ec" executionId="9c192594-9ab4-418a-8551-b6e1d49a99d6" testListId="8c84fa94-04c1-424b-9868-57a2d4851a1d" />
    <TestEntry testId="2c56d30c-a374-c58e-e93b-b09a90625bd9" executionId="4ea09774-578d-4f36-9656-4e5e709b6290" testListId="8c84fa94-04c1-424b-9868-57a2d4851a1d" />
    <TestEntry testId="5942facf-bcc2-e09a-d3d5-3a9d91228a22" executionId="98d794d3-53ee-4319-be4e-f9869b1602c5" testListId="8c84fa94-04c1-424b-9868-57a2d4851a1d" />
    <TestEntry testId="e2d9e28b-1238-7e2e-962d-cfac413c8263" executionId="1b678388-4e14-4182-b51e-e5fe877f0d73" testListId="8c84fa94-04c1-424b-9868-57a2d4851a1d" />
    <TestEntry testId="b9c310f0-baf7-9474-e47c-10c22c803cff" executionId="559ffdae-c54e-49fc-b6d3-46f480c3e728" testListId="8c84fa94-04c1-424b-9868-57a2d4851a1d" />
    <TestEntry testId="336a5061-4247-7712-2200-ed245d122176" executionId="3a1b9e21-a060-45fc-9310-41c99d824956" testListId="8c84fa94-04c1-424b-9868-57a2d4851a1d" />
    <TestEntry testId="77d07cd0-babe-a442-f286-fa3ce5a4f058" executionId="4ab01ca6-57b1-4a65-a73a-b2b932b9a36c" testListId="8c84fa94-04c1-424b-9868-57a2d4851a1d" />
    <TestEntry testId="822d575c-063c-8256-e5c3-5aaf7cd9adad" executionId="ae55a312-8a8b-44bf-b2a3-f9c9000fcc4c" testListId="8c84fa94-04c1-424b-9868-57a2d4851a1d" />
    <TestEntry testId="a7c88a6a-fde8-12e9-433b-e91055519590" executionId="c87aa679-0f0c-4863-9a9c-7a1ecac2bb84" testListId="8c84fa94-04c1-424b-9868-57a2d4851a1d" />
    <TestEntry testId="a5c84b4a-9f54-559b-a7bf-5f80afbe74e5" executionId="fd47a927-1875-43dd-855b-c8efb904c742" testListId="8c84fa94-04c1-424b-9868-57a2d4851a1d" />
    <TestEntry testId="9d0da409-94ac-6a8a-e640-cd59d7bb110a" executionId="e646f287-b9b1-430a-8769-7455aa66e530" testListId="8c84fa94-04c1-424b-9868-57a2d4851a1d" />
    <TestEntry testId="113f7348-1f99-f3af-5ae5-2b47fcfeabb6" executionId="1a6f7f80-17a9-450f-8da7-5ea84998b269" testListId="8c84fa94-04c1-424b-9868-57a2d4851a1d" />
    <TestEntry testId="7a8f82da-0cf3-069d-48de-8d0f29914d1e" executionId="d2b47d8f-cc80-4733-93f3-195ef152db37" testListId="8c84fa94-04c1-424b-9868-57a2d4851a1d" />
    <TestEntry testId="8c229d53-8022-24e1-a75b-9eebad5fcce6" executionId="6af9b19f-d3ba-46a2-bc97-861eef8df05e" testListId="8c84fa94-04c1-424b-9868-57a2d4851a1d" />
    <TestEntry testId="831c1e55-6e64-04a9-2fab-a7fba60fbbd9" executionId="51fd77aa-3b8e-4b75-86f9-30d36a1d508a" testListId="8c84fa94-04c1-424b-9868-57a2d4851a1d" />
    <TestEntry testId="81130f8b-48ae-419b-15fb-a870943c43b7" executionId="15cc8714-5390-44cf-abb7-fa101cd4986c" testListId="8c84fa94-04c1-424b-9868-57a2d4851a1d" />
    <TestEntry testId="20bdfa7d-50f5-36be-b72b-d381bae27e03" executionId="c8171a52-1648-45cf-ab50-f1d70239d55b" testListId="8c84fa94-04c1-424b-9868-57a2d4851a1d" />
    <TestEntry testId="1cd8cb23-e96d-1f20-0ebf-8ebe7bc08ac8" executionId="117f640c-c848-455a-a5ce-b8294bdd242d" testListId="8c84fa94-04c1-424b-9868-57a2d4851a1d" />
    <TestEntry testId="3218e2d1-fd33-a329-dc48-180ea7d0cd0e" executionId="1ead5855-970c-49e3-87a9-10be7bfc033c" testListId="8c84fa94-04c1-424b-9868-57a2d4851a1d" />
  </TestEntries>
  <TestLists>
    <TestList name="Results Not in a List" id="8c84fa94-04c1-424b-9868-57a2d4851a1d" />
    <TestList name="All Loaded Results" id="19431567-8539-422a-85d7-44ee4e166bda" />
  </TestLists>
  <ResultSummary outcome="Failed">
    <Counters total="262" executed="262" passed="253" failed="9" error="0" timeout="0" aborted="0" inconclusive="0" passedButRunAborted="0" notRunnable="0" notExecuted="0" disconnected="0" warning="0" completed="0" inProgress="0" pending="0" />
    <Output>
      <StdOut>NUnit Adapter 4.6.0.0: Test execution started&#xD;
Running all tests in C:\source\COA CodeSearch MCP\COA.CodeSearch.McpServer.Tests\bin\Debug\net9.0\COA.CodeSearch.McpServer.Tests.dll&#xD;
   NUnit3TestExecutor discovered 262 of 262 NUnit test cases using Current Discovery mode, Non-Explicit run&#xD;
BuildValidation_CriticalFiles_ExistAndAccessible: All 2 critical files are present and accessible.&#xD;
BuildValidation_ProjectCompiles_WithoutWarnings: Build successful with 0 warnings. Output contained 7 lines.&#xD;
BuildValidation_SpecificWarningTypes_NotPresent: No problematic warning types detected in build output.&#xD;
BuildValidation_TestProject_CompilesCleanly: Test project builds cleanly without warnings.&#xD;
RegressionTest_WarningFixesIntact_NoRegressionDetected: No regression detected - warning fixes are intact.&#xD;
Method Name: GetName&#xD;
Return Type: 'string'&#xD;
Signature: public string GetName() { return "test"; }&#xD;
Modifiers: public&#xD;
&#xD;
Method Name: AsyncVoidMethod&#xD;
Return Type: 'Task'&#xD;
Signature: public Task AsyncVoidMethod() { return Task.CompletedTask; }&#xD;
Modifiers: public&#xD;
&#xD;
Pattern: *&#xD;
Regex: ^.*$&#xD;
  src: True&#xD;
  components: True&#xD;
  tests: True&#xD;
  unit: True&#xD;
&#xD;
Original: /workspace/src/components/App.tsx&#xD;
Normalized: workspace/src/components/App.tsx&#xD;
Segments: workspace, src, components, App.tsx&#xD;
Segment count: 4&#xD;
  i=0: segment=workspace, currentPath=workspace, fullPath=/workspace&#xD;
  i=1: segment=src, currentPath=workspace/src, fullPath=/workspace/src&#xD;
  i=2: segment=components, currentPath=workspace/src/components, fullPath=/workspace/src/components&#xD;
Directories found: workspace@/workspace, src@/workspace/src, components@/workspace/src/components&#xD;
&#xD;
Results type: COA.CodeSearch.McpServer.Tools.FileSearchResult, Count in Results: -1, Data.Count: 2&#xD;
&#xD;
NUnit Adapter 4.6.0.0: Test execution complete&#xD;
</StdOut>
    </Output>
  </ResultSummary>
</TestRun>