<?xml version="1.0" encoding="utf-8"?>
<TestRun id="2c33d38e-b80f-4221-8a2a-4c1b3de33ec9" name="CHS300372@PPITM80-M0317 2025-09-08 07:17:50" runUser="TCHA-NTNET\CHS300372" xmlns="http://microsoft.com/schemas/VisualStudio/TeamTest/2010">
  <Times creation="2025-09-08T07:17:50.3842979-05:00" queuing="2025-09-08T07:17:50.3842983-05:00" start="2025-09-08T07:17:48.4990697-05:00" finish="2025-09-08T07:17:58.5757994-05:00" />
  <TestSettings name="default" id="7f329a02-2331-4c6c-adce-4f674d82d9b5">
    <Deployment runDeploymentRoot="CHS300372_PPITM80-M0317_2025-09-08_07_17_50" />
  </TestSettings>
  <Results>
    <UnitTestResult executionId="573843f2-cd6c-4713-a640-4f560df2647d" testId="0289a2e7-b4eb-8ae7-0d13-e964073eba07" testName="ExecuteAsync_WithCaching_ReturnsCachedResult" computerName="PPITM80-M0317" duration="00:00:00.0066970" startTime="2025-09-08T07:17:58.2647635-05:00" endTime="2025-09-08T07:17:58.2714601-05:00" testType="13cdc9d9-ddb5-4fa4-a97d-d965ccfc6d4b" outcome="Passed" testListId="8c84fa94-04c1-424b-9868-57a2d4851a1d" relativeResultsDirectory="573843f2-cd6c-4713-a640-4f560df2647d" />
    <UnitTestResult executionId="dc54be37-e8e1-400e-9678-3b9114ab2ab4" testId="7e268be7-07e0-df66-4f5a-188c961085a4" testName="ExecuteAsync_InvalidStartLine_ReturnsError" computerName="PPITM80-M0317" duration="00:00:00.0029400" startTime="2025-09-08T07:17:57.2810322-05:00" endTime="2025-09-08T07:17:57.2839716-05:00" testType="13cdc9d9-ddb5-4fa4-a97d-d965ccfc6d4b" outcome="Passed" testListId="8c84fa94-04c1-424b-9868-57a2d4851a1d" relativeResultsDirectory="dc54be37-e8e1-400e-9678-3b9114ab2ab4" />
    <UnitTestResult executionId="9fa0a164-c582-4f53-830c-8f74a80d16aa" testId="cb77d9ca-7498-f7ac-1878-23baa5d37d3c" testName="CalculateConfidence_WithFieldDefinition_ShouldReturnHighConfidence" computerName="PPITM80-M0317" duration="00:00:00.0065400" startTime="2025-09-08T07:17:56.5039388-05:00" endTime="2025-09-08T07:17:56.5104785-05:00" testType="13cdc9d9-ddb5-4fa4-a97d-d965ccfc6d4b" outcome="Passed" testListId="8c84fa94-04c1-424b-9868-57a2d4851a1d" relativeResultsDirectory="9fa0a164-c582-4f53-830c-8f74a80d16aa" />
    <UnitTestResult executionId="d9a881b7-1685-4f39-a826-1bd66ee181a6" testId="1131870c-8fea-1f32-8a7c-dcb61ec50b9d" testName="DiffValidator_RightToLeftText_ShouldValidateCorrectly" computerName="PPITM80-M0317" duration="00:00:00.0036150" startTime="2025-09-08T07:17:56.1870500-05:00" endTime="2025-09-08T07:17:56.1906654-05:00" testType="13cdc9d9-ddb5-4fa4-a97d-d965ccfc6d4b" outcome="Passed" testListId="8c84fa94-04c1-424b-9868-57a2d4851a1d" relativeResultsDirectory="d9a881b7-1685-4f39-a826-1bd66ee181a6" />
    <UnitTestResult executionId="395a7a77-71a7-45d0-80f1-d06742f5901a" testId="5a7358ad-0de1-e151-10c6-8a60449e3631" testName="ExecuteAsync_Should_Include_Directories_When_Requested" computerName="PPITM80-M0317" duration="00:00:00.0062090" startTime="2025-09-08T07:17:57.4666038-05:00" endTime="2025-09-08T07:17:57.4728127-05:00" testType="13cdc9d9-ddb5-4fa4-a97d-d965ccfc6d4b" outcome="Passed" testListId="8c84fa94-04c1-424b-9868-57a2d4851a1d" relativeResultsDirectory="395a7a77-71a7-45d0-80f1-d06742f5901a" />
    <UnitTestResult executionId="5ac2779f-9976-4d63-a9de-8f43309ae816" testId="36a91bdd-c3d5-277c-3a6b-0394ec010faa" testName="ValidateEdit_UnicodeContent_ShouldPreserveCorrectly" computerName="PPITM80-M0317" duration="00:00:00.0028570" startTime="2025-09-08T07:17:55.4068325-05:00" endTime="2025-09-08T07:17:55.4096895-05:00" testType="13cdc9d9-ddb5-4fa4-a97d-d965ccfc6d4b" outcome="Passed" testListId="8c84fa94-04c1-424b-9868-57a2d4851a1d" relativeResultsDirectory="5ac2779f-9976-4d63-a9de-8f43309ae816" />
    <UnitTestResult executionId="90880543-c230-418e-8f90-f5ad244c442c" testId="e7e96ba6-37ce-6c9e-8536-2567f17f6580" testName="FileExists_Should_Return_True_For_Existing_File" computerName="PPITM80-M0317" duration="00:00:00.0022140" startTime="2025-09-08T07:17:56.9630692-05:00" endTime="2025-09-08T07:17:56.9652830-05:00" testType="13cdc9d9-ddb5-4fa4-a97d-d965ccfc6d4b" outcome="Passed" testListId="8c84fa94-04c1-424b-9868-57a2d4851a1d" relativeResultsDirectory="90880543-c230-418e-8f90-f5ad244c442c" />
    <UnitTestResult executionId="80e3e8f9-e8fb-4d82-aff8-75cbb6dac8f2" testId="08183f80-42fa-c064-54ec-87dd489f1eb0" testName="EnhanceWithSnippetsAsync_Should_Handle_Leading_Wildcard_Query_Gracefully" computerName="PPITM80-M0317" duration="00:00:00.0082180" startTime="2025-09-08T07:17:57.1612459-05:00" endTime="2025-09-08T07:17:57.1694640-05:00" testType="13cdc9d9-ddb5-4fa4-a97d-d965ccfc6d4b" outcome="Passed" testListId="8c84fa94-04c1-424b-9868-57a2d4851a1d" relativeResultsDirectory="80e3e8f9-e8fb-4d82-aff8-75cbb6dac8f2" />
    <UnitTestResult executionId="91843b33-0cba-4987-a834-c75021f900d7" testId="1977d3aa-09f7-de3d-61bc-5bfde8841759" testName="ExecuteAsync_NoReferencesFound_ReturnsEmptyResults" computerName="PPITM80-M0317" duration="00:00:00.0058389" startTime="2025-09-08T07:17:57.6672588-05:00" endTime="2025-09-08T07:17:57.6730971-05:00" testType="13cdc9d9-ddb5-4fa4-a97d-d965ccfc6d4b" outcome="Passed" testListId="8c84fa94-04c1-424b-9868-57a2d4851a1d" relativeResultsDirectory="91843b33-0cba-4987-a834-c75021f900d7" />
    <UnitTestResult executionId="a796b642-1e20-4193-9def-cd4f649a5d74" testId="a5c90eb6-6d18-bae3-3ebd-1cd0ea3b995b" testName="DiffValidator_NoTrailingNewlinePreservation_ShouldValidateCorrectly" computerName="PPITM80-M0317" duration="00:00:00.0033000" startTime="2025-09-08T07:17:55.4610734-05:00" endTime="2025-09-08T07:17:55.4643731-05:00" testType="13cdc9d9-ddb5-4fa4-a97d-d965ccfc6d4b" outcome="Passed" testListId="8c84fa94-04c1-424b-9868-57a2d4851a1d" relativeResultsDirectory="a796b642-1e20-4193-9def-cd4f649a5d74" />
    <UnitTestResult executionId="da2bedaa-3c6d-46d5-8794-3a035f02c411" testId="a082c3ce-e2d1-200c-cdba-112b0003326f" testName="PerformanceBenchmark_VeryLargeFileOperations_RemainsUsable" computerName="PPITM80-M0317" duration="00:00:00.1128280" startTime="2025-09-08T07:17:56.0513918-05:00" endTime="2025-09-08T07:17:56.1642195-05:00" testType="13cdc9d9-ddb5-4fa4-a97d-d965ccfc6d4b" outcome="Passed" testListId="8c84fa94-04c1-424b-9868-57a2d4851a1d" relativeResultsDirectory="da2bedaa-3c6d-46d5-8794-3a035f02c411">
      <Output>
        <StdOut>Very Large File Performance Results:&#xD;
  Beginning edit: 13.74ms&#xD;
  Middle edit: 43.00ms&#xD;
  End edit: 12.19ms</StdOut>
      </Output>
    </UnitTestResult>
    <UnitTestResult executionId="ddd83f0a-455a-4ab3-b89d-3698d3297a0c" testId="21b53016-2dd4-875f-1a22-977b3ac956fe" testName="CalculateConfidence_WithWhitespaceQuery_ShouldReturnZero" computerName="PPITM80-M0317" duration="00:00:00.0006480" startTime="2025-09-08T07:17:56.8475771-05:00" endTime="2025-09-08T07:17:56.8482245-05:00" testType="13cdc9d9-ddb5-4fa4-a97d-d965ccfc6d4b" outcome="Passed" testListId="8c84fa94-04c1-424b-9868-57a2d4851a1d" relativeResultsDirectory="ddd83f0a-455a-4ab3-b89d-3698d3297a0c" />
    <UnitTestResult executionId="f74ab582-b6a2-4b66-a573-5fcc2f2cf6ea" testId="4c58b71a-ac72-d6c1-76f3-f24cbe6f496a" testName="GetRelativePath_Should_Calculate_Relative_Path" computerName="PPITM80-M0317" duration="00:00:00.0008660" startTime="2025-09-08T07:17:56.9738254-05:00" endTime="2025-09-08T07:17:56.9746908-05:00" testType="13cdc9d9-ddb5-4fa4-a97d-d965ccfc6d4b" outcome="Passed" testListId="8c84fa94-04c1-424b-9868-57a2d4851a1d" relativeResultsDirectory="f74ab582-b6a2-4b66-a573-5fcc2f2cf6ea" />
    <UnitTestResult executionId="a1826bc9-bd5a-4e95-981e-11b1ba9742a0" testId="68516648-4a86-408d-b0bf-e8823cf08007" testName="BuildValidation_TestProject_CompilesCleanly" computerName="PPITM80-M0317" duration="00:00:01.6559710" startTime="2025-09-08T07:17:52.1658563-05:00" endTime="2025-09-08T07:17:53.8218261-05:00" testType="13cdc9d9-ddb5-4fa4-a97d-d965ccfc6d4b" outcome="Passed" testListId="8c84fa94-04c1-424b-9868-57a2d4851a1d" relativeResultsDirectory="a1826bc9-bd5a-4e95-981e-11b1ba9742a0">
      <Output>
        <StdOut>Test project builds cleanly without warnings.</StdOut>
      </Output>
    </UnitTestResult>
    <UnitTestResult executionId="a35811b8-bf78-4501-956f-2322bc11e493" testId="1aa7279c-8a67-9c39-8baf-9ea59ed49bd7" testName="CalculateConfidence_WithNoMatch_ShouldReturnMinimalConfidence" computerName="PPITM80-M0317" duration="00:00:00.0342380" startTime="2025-09-08T07:17:56.5590848-05:00" endTime="2025-09-08T07:17:56.5933220-05:00" testType="13cdc9d9-ddb5-4fa4-a97d-d965ccfc6d4b" outcome="Passed" testListId="8c84fa94-04c1-424b-9868-57a2d4851a1d" relativeResultsDirectory="a35811b8-bf78-4501-956f-2322bc11e493" />
    <UnitTestResult executionId="2f02a265-150e-4cd9-99ee-ea9ff3a4e99b" testId="30a031d6-13bf-4af7-5783-84702af45522" testName="ReadFileWithEncodingAsync_ConsistentLineCounts_MatchesSplitLines" computerName="PPITM80-M0317" duration="00:00:00.0164870" startTime="2025-09-08T07:17:56.9105223-05:00" endTime="2025-09-08T07:17:56.9270091-05:00" testType="13cdc9d9-ddb5-4fa4-a97d-d965ccfc6d4b" outcome="Passed" testListId="8c84fa94-04c1-424b-9868-57a2d4851a1d" relativeResultsDirectory="2f02a265-150e-4cd9-99ee-ea9ff3a4e99b" />
    <UnitTestResult executionId="66b9ecac-b36f-4ce1-8c70-473c27464055" testId="1f875262-2752-ffca-8a22-70fb87d03e65" testName="IntegrationTest_SearchResultProcessing_NoWarnings" computerName="PPITM80-M0317" duration="00:00:00.0012870" startTime="2025-09-08T07:17:57.2005428-05:00" endTime="2025-09-08T07:17:57.2018298-05:00" testType="13cdc9d9-ddb5-4fa4-a97d-d965ccfc6d4b" outcome="Passed" testListId="8c84fa94-04c1-424b-9868-57a2d4851a1d" relativeResultsDirectory="66b9ecac-b36f-4ce1-8c70-473c27464055" />
    <UnitTestResult executionId="616964d7-d766-4195-b9c7-48badfd2bf1a" testId="bfa6ab72-fad6-99b9-6055-3a00e10d1609" testName="ExecuteAsync_Should_Not_Store_Metadata_When_Indexing_Fails" computerName="PPITM80-M0317" duration="00:00:00.0023170" startTime="2025-09-08T07:17:57.8571807-05:00" endTime="2025-09-08T07:17:57.8594977-05:00" testType="13cdc9d9-ddb5-4fa4-a97d-d965ccfc6d4b" outcome="Passed" testListId="8c84fa94-04c1-424b-9868-57a2d4851a1d" relativeResultsDirectory="616964d7-d766-4195-b9c7-48badfd2bf1a" />
    <UnitTestResult executionId="d1452d1b-933b-4d35-860e-572f20a10864" testId="b7c32585-29ed-8590-7dd4-52055f81162f" testName="ExecuteAsync_WithIndexedFiles_ShouldExtractDirectories" computerName="PPITM80-M0317" duration="00:00:00.0040080" startTime="2025-09-08T07:17:57.3696501-05:00" endTime="2025-09-08T07:17:57.3736583-05:00" testType="13cdc9d9-ddb5-4fa4-a97d-d965ccfc6d4b" outcome="Passed" testListId="8c84fa94-04c1-424b-9868-57a2d4851a1d" relativeResultsDirectory="d1452d1b-933b-4d35-860e-572f20a10864" />
    <UnitTestResult executionId="cd36d79a-9368-4dfc-b5b5-c828c30f9b39" testId="115d073d-323e-5c4d-1b89-4f45db9420cc" testName="EdgeCase_OnlyEmptyLinesFile_HandlesGracefully" computerName="PPITM80-M0317" duration="00:00:00.0059699" startTime="2025-09-08T07:17:55.8754146-05:00" endTime="2025-09-08T07:17:55.8813845-05:00" testType="13cdc9d9-ddb5-4fa4-a97d-d965ccfc6d4b" outcome="Passed" testListId="8c84fa94-04c1-424b-9868-57a2d4851a1d" relativeResultsDirectory="cd36d79a-9368-4dfc-b5b5-c828c30f9b39">
      <Output>
        <StdOut>Successfully handled file containing only empty lines</StdOut>
      </Output>
    </UnitTestResult>
    <UnitTestResult executionId="4bea0dd0-b038-44e5-ac7b-85070bb9df9b" testId="b6645825-0e2d-b86c-d3eb-82a8c700376e" testName="ExecuteAsync_ContextLines_GeneratesCorrectContext" computerName="PPITM80-M0317" duration="00:00:00.0049190" startTime="2025-09-08T07:17:57.9083047-05:00" endTime="2025-09-08T07:17:57.9132238-05:00" testType="13cdc9d9-ddb5-4fa4-a97d-d965ccfc6d4b" outcome="Passed" testListId="8c84fa94-04c1-424b-9868-57a2d4851a1d" relativeResultsDirectory="4bea0dd0-b038-44e5-ac7b-85070bb9df9b" />
    <UnitTestResult executionId="5ddaed02-303c-4f70-b630-65a09fe2de6c" testId="c85b8a97-5946-3d73-4b40-c2b28fa6df80" testName="InsertAtLine_PrioritizesSurroundingContext_ShouldNotUseInconsistentTargetLineIndentation" computerName="PPITM80-M0317" duration="00:00:00.0066620" startTime="2025-09-08T07:17:57.8958826-05:00" endTime="2025-09-08T07:17:57.9025444-05:00" testType="13cdc9d9-ddb5-4fa4-a97d-d965ccfc6d4b" outcome="Passed" testListId="8c84fa94-04c1-424b-9868-57a2d4851a1d" relativeResultsDirectory="5ddaed02-303c-4f70-b630-65a09fe2de6c">
      <Output>
        <StdOut>=== MODIFIED CONTENT ===&#xD;
namespace Test;&#xD;
&#xD;
public static class ToolNames&#xD;
{&#xD;
    // Core operations  &#xD;
    public const string TextSearch = "text_search";&#xD;
    public const string FileSearch = "file_search";&#xD;
    // Navigation tools (added by test)&#xD;
	// This line has TAB indentation (inconsistent)&#xD;
    public const string SymbolSearch = "symbol_search";&#xD;
    public const string GoToDefinition = "goto_definition";&#xD;
}&#xD;
&#xD;
=== END ===</StdOut>
      </Output>
    </UnitTestResult>
    <UnitTestResult executionId="d5072b32-b702-4670-8c44-8b943c7fdb8a" testId="58ecfbb6-3219-1740-780d-2b68b5e2ecf5" testName="Should_Extract_Correct_Return_Types_For_Various_Method_Signatures" computerName="PPITM80-M0317" duration="00:00:00.0014150" startTime="2025-09-08T07:17:57.1879280-05:00" endTime="2025-09-08T07:17:57.1893431-05:00" testType="13cdc9d9-ddb5-4fa4-a97d-d965ccfc6d4b" outcome="Passed" testListId="8c84fa94-04c1-424b-9868-57a2d4851a1d" relativeResultsDirectory="d5072b32-b702-4670-8c44-8b943c7fdb8a" />
    <UnitTestResult executionId="40193174-fcaf-41a3-b209-6e79331ec10f" testId="29bd3670-5518-af4d-a10d-c558d9a8adba" testName="Name_ShouldReturnCorrectToolName" computerName="PPITM80-M0317" duration="00:00:00.0014950" startTime="2025-09-08T07:17:57.9934996-05:00" endTime="2025-09-08T07:17:57.9949948-05:00" testType="13cdc9d9-ddb5-4fa4-a97d-d965ccfc6d4b" outcome="Passed" testListId="8c84fa94-04c1-424b-9868-57a2d4851a1d" relativeResultsDirectory="40193174-fcaf-41a3-b209-6e79331ec10f" />
    <UnitTestResult executionId="86e45059-e28b-49e1-9c5b-0900f2caa217" testId="feb1363a-0943-d89e-e5f1-d7d186e0e225" testName="ExecuteAsync_InsertAtEnd_InsertsCorrectly" computerName="PPITM80-M0317" duration="00:00:00.0047780" startTime="2025-09-08T07:17:57.9309747-05:00" endTime="2025-09-08T07:17:57.9357529-05:00" testType="13cdc9d9-ddb5-4fa4-a97d-d965ccfc6d4b" outcome="Passed" testListId="8c84fa94-04c1-424b-9868-57a2d4851a1d" relativeResultsDirectory="86e45059-e28b-49e1-9c5b-0900f2caa217" />
    <UnitTestResult executionId="bb02160f-1e71-4be9-a32c-61b0b8d03cbc" testId="b9b5e1e6-2f31-0f77-90dc-797d268a1f9e" testName="EnhanceWithSnippetsAsync_Should_Handle_FieldPrefixedWildcardQueries_WithoutException(&quot;filename_lower:*Service.cs&quot;)" computerName="PPITM80-M0317" duration="00:00:00.0008040" startTime="2025-09-08T07:17:57.1525236-05:00" endTime="2025-09-08T07:17:57.1533271-05:00" testType="13cdc9d9-ddb5-4fa4-a97d-d965ccfc6d4b" outcome="Passed" testListId="8c84fa94-04c1-424b-9868-57a2d4851a1d" relativeResultsDirectory="bb02160f-1e71-4be9-a32c-61b0b8d03cbc" />
    <UnitTestResult executionId="16403d99-cd0a-483c-928a-9bba77b7fc27" testId="54d8571e-6a01-ce32-d565-e72d698f01a3" testName="ExecuteAsync_EncodingPreservation_MaintainsOriginalEncoding" computerName="PPITM80-M0317" duration="00:00:00.0051060" startTime="2025-09-08T07:17:57.9210836-05:00" endTime="2025-09-08T07:17:57.9261892-05:00" testType="13cdc9d9-ddb5-4fa4-a97d-d965ccfc6d4b" outcome="Passed" testListId="8c84fa94-04c1-424b-9868-57a2d4851a1d" relativeResultsDirectory="16403d99-cd0a-483c-928a-9bba77b7fc27" />
    <UnitTestResult executionId="cdf6fd98-0ecc-4051-aa28-bfa8d8e5c1b0" testId="c4551258-4c82-1521-e027-e441b7bf927a" testName="Tool_Should_Have_Correct_Metadata" computerName="PPITM80-M0317" duration="00:00:00.0021090" startTime="2025-09-08T07:17:57.7802662-05:00" endTime="2025-09-08T07:17:57.7823754-05:00" testType="13cdc9d9-ddb5-4fa4-a97d-d965ccfc6d4b" outcome="Passed" testListId="8c84fa94-04c1-424b-9868-57a2d4851a1d" relativeResultsDirectory="cdf6fd98-0ecc-4051-aa28-bfa8d8e5c1b0" />
    <UnitTestResult executionId="807a89ff-6276-4485-bf0a-fdac60d51934" testId="988ffa7f-3064-3484-177e-dbe1c7328854" testName="ExecuteAsync_Should_Exclude_Line_Numbers_When_Not_Requested" computerName="PPITM80-M0317" duration="00:00:00.0079690" startTime="2025-09-08T07:17:57.7129228-05:00" endTime="2025-09-08T07:17:57.7208915-05:00" testType="13cdc9d9-ddb5-4fa4-a97d-d965ccfc6d4b" outcome="Passed" testListId="8c84fa94-04c1-424b-9868-57a2d4851a1d" relativeResultsDirectory="807a89ff-6276-4485-bf0a-fdac60d51934" />
    <UnitTestResult executionId="95709ee5-77d0-45ea-87db-7caba539c457" testId="641c634e-4606-fd53-623b-3c984bfc61aa" testName="ValidateEdit_IdenticalFiles_ShouldBeValid" computerName="PPITM80-M0317" duration="00:00:00.0031540" startTime="2025-09-08T07:17:55.3801468-05:00" endTime="2025-09-08T07:17:55.3833011-05:00" testType="13cdc9d9-ddb5-4fa4-a97d-d965ccfc6d4b" outcome="Passed" testListId="8c84fa94-04c1-424b-9868-57a2d4851a1d" relativeResultsDirectory="95709ee5-77d0-45ea-87db-7caba539c457" />
    <UnitTestResult executionId="da3cfd67-ad65-4601-ad9c-f1af5eb700e3" testId="c491b78e-5e66-36f0-be47-7ad42f7f11f7" testName="Tool_Should_Have_Correct_Metadata" computerName="PPITM80-M0317" duration="00:00:00.0013990" startTime="2025-09-08T07:17:57.8861448-05:00" endTime="2025-09-08T07:17:57.8875434-05:00" testType="13cdc9d9-ddb5-4fa4-a97d-d965ccfc6d4b" outcome="Passed" testListId="8c84fa94-04c1-424b-9868-57a2d4851a1d" relativeResultsDirectory="da3cfd67-ad65-4601-ad9c-f1af5eb700e3" />
    <UnitTestResult executionId="1df88d86-9875-4856-b6f0-76e2de317f30" testId="336a5061-4247-7712-2200-ed245d122176" testName="ExecuteAsync_EndLineBeforeStartLine_ReturnsError" computerName="PPITM80-M0317" duration="00:00:00.0032850" startTime="2025-09-08T07:17:58.0671210-05:00" endTime="2025-09-08T07:17:58.0704055-05:00" testType="13cdc9d9-ddb5-4fa4-a97d-d965ccfc6d4b" outcome="Passed" testListId="8c84fa94-04c1-424b-9868-57a2d4851a1d" relativeResultsDirectory="1df88d86-9875-4856-b6f0-76e2de317f30" />
    <UnitTestResult executionId="a7f0809f-1bba-410b-91bc-06e7139a7cd3" testId="e2d9e28b-1238-7e2e-962d-cfac413c8263" testName="ExecuteAsync_EdgeCaseIndentation_HandlesTabsAndSpaces" computerName="PPITM80-M0317" duration="00:00:00.0050950" startTime="2025-09-08T07:17:58.0570659-05:00" endTime="2025-09-08T07:17:58.0621604-05:00" testType="13cdc9d9-ddb5-4fa4-a97d-d965ccfc6d4b" outcome="Passed" testListId="8c84fa94-04c1-424b-9868-57a2d4851a1d" relativeResultsDirectory="a7f0809f-1bba-410b-91bc-06e7139a7cd3" />
    <UnitTestResult executionId="080e741d-62b1-4b6d-8606-2320b48a3801" testId="3a8f31e8-6c87-f81c-421c-5c3352191657" testName="EditCSharpClass_AddProperties_PreservesStructure" computerName="PPITM80-M0317" duration="00:00:00.0088310" startTime="2025-09-08T07:17:55.9055300-05:00" endTime="2025-09-08T07:17:55.9143611-05:00" testType="13cdc9d9-ddb5-4fa4-a97d-d965ccfc6d4b" outcome="Passed" testListId="8c84fa94-04c1-424b-9868-57a2d4851a1d" relativeResultsDirectory="080e741d-62b1-4b6d-8606-2320b48a3801" />
    <UnitTestResult executionId="a03c413d-6bd9-4699-9751-39057522f93c" testId="45987928-ca77-d223-443f-59cc06c11a50" testName="ExecuteAsync_Should_Exclude_Inheritance_When_Not_Requested" computerName="PPITM80-M0317" duration="00:00:00.0077430" startTime="2025-09-08T07:17:57.7051141-05:00" endTime="2025-09-08T07:17:57.7128564-05:00" testType="13cdc9d9-ddb5-4fa4-a97d-d965ccfc6d4b" outcome="Passed" testListId="8c84fa94-04c1-424b-9868-57a2d4851a1d" relativeResultsDirectory="a03c413d-6bd9-4699-9751-39057522f93c" />
    <UnitTestResult executionId="e78b4676-0b03-4186-8be6-0be2b24200a6" testId="cb96603a-b6c5-2087-2ba7-4ed2f241e41d" testName="ExecuteAsync_EmptySearchResults_ReturnsNoMatches" computerName="PPITM80-M0317" duration="00:00:00.0036340" startTime="2025-09-08T07:17:58.1874243-05:00" endTime="2025-09-08T07:17:58.1910585-05:00" testType="13cdc9d9-ddb5-4fa4-a97d-d965ccfc6d4b" outcome="Passed" testListId="8c84fa94-04c1-424b-9868-57a2d4851a1d" relativeResultsDirectory="e78b4676-0b03-4186-8be6-0be2b24200a6" />
    <UnitTestResult executionId="5e4bc298-143b-4340-a2cb-0ff7ed69fd0a" testId="4febb879-85fd-0a7d-8fb1-ed3b0f8987fb" testName="ExecuteAsync_FileNotInWorkspace_ReturnsError" computerName="PPITM80-M0317" duration="00:00:00.0055840" startTime="2025-09-08T07:17:58.2297234-05:00" endTime="2025-09-08T07:17:58.2353065-05:00" testType="13cdc9d9-ddb5-4fa4-a97d-d965ccfc6d4b" outcome="Passed" testListId="8c84fa94-04c1-424b-9868-57a2d4851a1d" relativeResultsDirectory="5e4bc298-143b-4340-a2cb-0ff7ed69fd0a" />
    <UnitTestResult executionId="1cae4eb6-7a7b-4fa1-b029-5c7215d2d393" testId="b9c310f0-baf7-9474-e47c-10c22c803cff" testName="CalculateConfidence_WithVeryLongQuery_ShouldHandleGracefully" computerName="PPITM80-M0317" duration="00:00:00.0357000" startTime="2025-09-08T07:17:56.8110230-05:00" endTime="2025-09-08T07:17:56.8467229-05:00" testType="13cdc9d9-ddb5-4fa4-a97d-d965ccfc6d4b" outcome="Passed" testListId="8c84fa94-04c1-424b-9868-57a2d4851a1d" relativeResultsDirectory="1cae4eb6-7a7b-4fa1-b029-5c7215d2d393" />
    <UnitTestResult executionId="9f9e39b7-2ba3-4a97-b7e8-ce21e883b06a" testId="14ab1410-34c7-ceec-2e9f-26dfa0408cb6" testName="ExecuteAsync_Should_Use_Existing_Index_When_Not_Force_Rebuild" computerName="PPITM80-M0317" duration="00:00:00.0029580" startTime="2025-09-08T07:17:57.8812513-05:00" endTime="2025-09-08T07:17:57.8842094-05:00" testType="13cdc9d9-ddb5-4fa4-a97d-d965ccfc6d4b" outcome="Passed" testListId="8c84fa94-04c1-424b-9868-57a2d4851a1d" relativeResultsDirectory="9f9e39b7-2ba3-4a97-b7e8-ce21e883b06a" />
    <UnitTestResult executionId="f35af53a-a784-4843-bff9-3f657ad5bb8a" testId="a7717790-3d51-7752-0b58-bdf55d681a24" testName="CalculateConfidence_WithXmlDocComment_ShouldHavePenalty" computerName="PPITM80-M0317" duration="00:00:00.0353210" startTime="2025-09-08T07:17:56.8553558-05:00" endTime="2025-09-08T07:17:56.8906762-05:00" testType="13cdc9d9-ddb5-4fa4-a97d-d965ccfc6d4b" outcome="Passed" testListId="8c84fa94-04c1-424b-9868-57a2d4851a1d" relativeResultsDirectory="f35af53a-a784-4843-bff9-3f657ad5bb8a" />
    <UnitTestResult executionId="31ae46d1-4715-4d39-814a-32d2105f0bd8" testId="bed99d7e-a80e-6e92-46cb-8a690d6c823d" testName="EnhanceWithSnippetsAsync_Should_Handle_Invalid_Wildcard_Patterns(&quot;*test&quot;)" computerName="PPITM80-M0317" duration="00:00:00.0033110" startTime="2025-09-08T07:17:57.1555586-05:00" endTime="2025-09-08T07:17:57.1588696-05:00" testType="13cdc9d9-ddb5-4fa4-a97d-d965ccfc6d4b" outcome="Passed" testListId="8c84fa94-04c1-424b-9868-57a2d4851a1d" relativeResultsDirectory="31ae46d1-4715-4d39-814a-32d2105f0bd8" />
    <UnitTestResult executionId="33ef3a68-6296-4cdb-8061-1a481056b2ad" testId="02ae6d7c-eb83-871f-6572-a3160312ced6" testName="ValidateEdit_FileWithoutTrailingNewline_ShouldHandleCorrectly" computerName="PPITM80-M0317" duration="00:00:00.0038390" startTime="2025-09-08T07:17:55.3762829-05:00" endTime="2025-09-08T07:17:55.3801221-05:00" testType="13cdc9d9-ddb5-4fa4-a97d-d965ccfc6d4b" outcome="Passed" testListId="8c84fa94-04c1-424b-9868-57a2d4851a1d" relativeResultsDirectory="33ef3a68-6296-4cdb-8061-1a481056b2ad" />
    <UnitTestResult executionId="ca05deb4-0687-4736-9f54-974d76b64dd8" testId="0d896243-c614-5ded-5873-5abd0a986977" testName="ExecuteAsync_EmptySymbolName_ReturnsError" computerName="PPITM80-M0317" duration="00:00:00.0050220" startTime="2025-09-08T07:17:58.2803153-05:00" endTime="2025-09-08T07:17:58.2853372-05:00" testType="13cdc9d9-ddb5-4fa4-a97d-d965ccfc6d4b" outcome="Passed" testListId="8c84fa94-04c1-424b-9868-57a2d4851a1d" relativeResultsDirectory="ca05deb4-0687-4736-9f54-974d76b64dd8" />
    <UnitTestResult executionId="88bc7a64-cb27-44b1-a95e-a67d4e9c60df" testId="82ad39dc-0184-3b21-9add-a730ae927107" testName="ExecuteAsync_Should_Store_Metadata_Even_When_Reindexing" computerName="PPITM80-M0317" duration="00:00:00.0027930" startTime="2025-09-08T07:17:57.8689686-05:00" endTime="2025-09-08T07:17:57.8717611-05:00" testType="13cdc9d9-ddb5-4fa4-a97d-d965ccfc6d4b" outcome="Passed" testListId="8c84fa94-04c1-424b-9868-57a2d4851a1d" relativeResultsDirectory="88bc7a64-cb27-44b1-a95e-a67d4e9c60df" />
    <UnitTestResult executionId="b513ed6e-f668-428d-9d83-6a5d3b21185e" testId="e26d7ccf-cee0-62d1-b931-abf14357b0bb" testName="EnhanceWithSnippetsAsync_Should_Handle_Invalid_Wildcard_Patterns(&quot;?test&quot;)" computerName="PPITM80-M0317" duration="00:00:00.0006870" startTime="2025-09-08T07:17:57.1588827-05:00" endTime="2025-09-08T07:17:57.1595695-05:00" testType="13cdc9d9-ddb5-4fa4-a97d-d965ccfc6d4b" outcome="Passed" testListId="8c84fa94-04c1-424b-9868-57a2d4851a1d" relativeResultsDirectory="b513ed6e-f668-428d-9d83-6a5d3b21185e" />
    <UnitTestResult executionId="05136f81-e483-452b-9bbf-7e16ef4f5c59" testId="1333c975-a0fd-d2a9-0e05-f08c9a3733cb" testName="ExecuteAsync_ShouldExcludeBuildDirectories" computerName="PPITM80-M0317" duration="00:00:00.0076720" startTime="2025-09-08T07:17:57.3586405-05:00" endTime="2025-09-08T07:17:57.3663124-05:00" testType="13cdc9d9-ddb5-4fa4-a97d-d965ccfc6d4b" outcome="Passed" testListId="8c84fa94-04c1-424b-9868-57a2d4851a1d" relativeResultsDirectory="05136f81-e483-452b-9bbf-7e16ef4f5c59" />
    <UnitTestResult executionId="58626dfe-d51a-4bb9-9331-6a4f3c57f1f6" testId="c40a1f24-94d7-62f6-d1b5-dcc1e2a509df" testName="Name_ReturnsCorrectToolName" computerName="PPITM80-M0317" duration="00:00:00.0011630" startTime="2025-09-08T07:17:58.2790292-05:00" endTime="2025-09-08T07:17:58.2801922-05:00" testType="13cdc9d9-ddb5-4fa4-a97d-d965ccfc6d4b" outcome="Passed" testListId="8c84fa94-04c1-424b-9868-57a2d4851a1d" relativeResultsDirectory="58626dfe-d51a-4bb9-9331-6a4f3c57f1f6" />
    <UnitTestResult executionId="beecf2df-2683-4330-a0d0-4629c36c67c7" testId="831c1e55-6e64-04a9-2fab-a7fba60fbbd9" testName="ExecuteAsync_InvalidLineNumber_ReturnsError" computerName="PPITM80-M0317" duration="00:00:00.0036610" startTime="2025-09-08T07:17:57.9409706-05:00" endTime="2025-09-08T07:17:57.9446315-05:00" testType="13cdc9d9-ddb5-4fa4-a97d-d965ccfc6d4b" outcome="Passed" testListId="8c84fa94-04c1-424b-9868-57a2d4851a1d" relativeResultsDirectory="beecf2df-2683-4330-a0d0-4629c36c67c7" />
    <UnitTestResult executionId="7c1f40e9-a52b-4561-bff0-9376b3190edf" testId="4d6e7b7e-5391-116c-74e3-4f7efab7b719" testName="ValidateEdit_EncodingChange_ShouldDetectViolation" computerName="PPITM80-M0317" duration="00:00:00.0061069" startTime="2025-09-08T07:17:55.3701435-05:00" endTime="2025-09-08T07:17:55.3762504-05:00" testType="13cdc9d9-ddb5-4fa4-a97d-d965ccfc6d4b" outcome="Passed" testListId="8c84fa94-04c1-424b-9868-57a2d4851a1d" relativeResultsDirectory="7c1f40e9-a52b-4561-bff0-9376b3190edf">
      <Output>
        <StdOut>Encoding violation: Encoding changed from Unicode (UTF-8) to Unicode</StdOut>
      </Output>
    </UnitTestResult>
    <UnitTestResult executionId="f5a40f1e-fd4d-4b51-a710-01630b9bfd2d" testId="3c754275-dd5c-c5a1-00ea-c44d22195e34" testName="ExecuteAsync_Should_Return_Error_When_Workspace_Not_Indexed" computerName="PPITM80-M0317" duration="00:00:00.0029220" startTime="2025-09-08T07:17:57.4765128-05:00" endTime="2025-09-08T07:17:57.4794344-05:00" testType="13cdc9d9-ddb5-4fa4-a97d-d965ccfc6d4b" outcome="Passed" testListId="8c84fa94-04c1-424b-9868-57a2d4851a1d" relativeResultsDirectory="f5a40f1e-fd4d-4b51-a710-01630b9bfd2d" />
    <UnitTestResult executionId="98773bab-cb31-409b-923f-e27a1e0f14d3" testId="fbe36bc5-ef2c-ef9c-6d5d-459f2e687717" testName="EdgeCase_SingleCharacterFile_HandlesCorrectly" computerName="PPITM80-M0317" duration="00:00:00.0104040" startTime="2025-09-08T07:17:55.8814078-05:00" endTime="2025-09-08T07:17:55.8918114-05:00" testType="13cdc9d9-ddb5-4fa4-a97d-d965ccfc6d4b" outcome="Passed" testListId="8c84fa94-04c1-424b-9868-57a2d4851a1d" relativeResultsDirectory="98773bab-cb31-409b-923f-e27a1e0f14d3">
      <Output>
        <StdOut>Validation1 failed with 1 issues: Line endings changed from [] to [CRLF]&#xD;
Current content1: 'INSERTED: Before single char&#xD;
X&#xD;
'&#xD;
Validation2 failed with 1 issues: Line endings changed from [] to [CRLF]&#xD;
Current content2: 'X&#xD;
INSERTED: After single char&#xD;
'&#xD;
Successfully handled single character file</StdOut>
      </Output>
    </UnitTestResult>
    <UnitTestResult executionId="1e3d125d-611d-467a-ada6-435fd67097f5" testId="30f15154-697f-538f-2c16-1d6308409c87" testName="Description_ShouldContainGrepReferenceAndFeatures" computerName="PPITM80-M0317" duration="00:00:00.0022830" startTime="2025-09-08T07:17:57.9753743-05:00" endTime="2025-09-08T07:17:57.9776574-05:00" testType="13cdc9d9-ddb5-4fa4-a97d-d965ccfc6d4b" outcome="Passed" testListId="8c84fa94-04c1-424b-9868-57a2d4851a1d" relativeResultsDirectory="1e3d125d-611d-467a-ada6-435fd67097f5" />
    <UnitTestResult executionId="c41d89be-abb9-4888-a3a8-5084e89241ff" testId="20bd5a90-1aca-554c-f334-3cf5e0c2c1a8" testName="EnhanceWithSnippetsAsync_Should_Handle_QueryParser_Exception_Gracefully" computerName="PPITM80-M0317" duration="00:00:00.0022060" startTime="2025-09-08T07:17:57.1706301-05:00" endTime="2025-09-08T07:17:57.1728362-05:00" testType="13cdc9d9-ddb5-4fa4-a97d-d965ccfc6d4b" outcome="Passed" testListId="8c84fa94-04c1-424b-9868-57a2d4851a1d" relativeResultsDirectory="c41d89be-abb9-4888-a3a8-5084e89241ff" />
    <UnitTestResult executionId="d550b026-5322-4e8b-a5bc-adcdf50f722e" testId="de647e1e-4bc0-49d6-887d-65ed4daad473" testName="SplitLines_ConsistentEmptyLineHandling_ReturnsConsistentResults" computerName="PPITM80-M0317" duration="00:00:00.0008850" startTime="2025-09-08T07:17:56.9280466-05:00" endTime="2025-09-08T07:17:56.9289313-05:00" testType="13cdc9d9-ddb5-4fa4-a97d-d965ccfc6d4b" outcome="Passed" testListId="8c84fa94-04c1-424b-9868-57a2d4851a1d" relativeResultsDirectory="d550b026-5322-4e8b-a5bc-adcdf50f722e" />
    <UnitTestResult executionId="6129050f-068f-43be-a17b-ddae6468ea89" testId="cee38744-169c-f64b-0ed0-b2f6db3a9da1" testName="CalculateConfidence_WithEmptyQuery_ShouldReturnZero" computerName="PPITM80-M0317" duration="00:00:00.0009280" startTime="2025-09-08T07:17:56.4524639-05:00" endTime="2025-09-08T07:17:56.4533916-05:00" testType="13cdc9d9-ddb5-4fa4-a97d-d965ccfc6d4b" outcome="Passed" testListId="8c84fa94-04c1-424b-9868-57a2d4851a1d" relativeResultsDirectory="6129050f-068f-43be-a17b-ddae6468ea89" />
    <UnitTestResult executionId="114767f2-54a4-451d-93e2-f65d98afb4ea" testId="b6a2ae4a-18ec-d713-ebb7-3990ce6b8ee1" testName="ExecuteAsync_WithCacheEnabled_ShouldUseCachedResults" computerName="PPITM80-M0317" duration="00:00:00.0033090" startTime="2025-09-08T07:17:57.3663262-05:00" endTime="2025-09-08T07:17:57.3696347-05:00" testType="13cdc9d9-ddb5-4fa4-a97d-d965ccfc6d4b" outcome="Passed" testListId="8c84fa94-04c1-424b-9868-57a2d4851a1d" relativeResultsDirectory="114767f2-54a4-451d-93e2-f65d98afb4ea" />
    <UnitTestResult executionId="d2d1e33b-cb3f-4246-8db1-62e727768f28" testId="5942facf-bcc2-e09a-d3d5-3a9d91228a22" testName="BuildValidation_ProjectCompiles_WithoutWarnings" computerName="PPITM80-M0317" duration="00:00:01.5493830" startTime="2025-09-08T07:17:49.0299767-05:00" endTime="2025-09-08T07:17:50.5793585-05:00" testType="13cdc9d9-ddb5-4fa4-a97d-d965ccfc6d4b" outcome="Passed" testListId="8c84fa94-04c1-424b-9868-57a2d4851a1d" relativeResultsDirectory="d2d1e33b-cb3f-4246-8db1-62e727768f28">
      <Output>
        <StdOut>Build successful with 0 warnings. Output contained 7 lines.</StdOut>
      </Output>
    </UnitTestResult>
    <UnitTestResult executionId="95f1127a-d696-4f66-98d4-6913a2b780bb" testId="4a87e8ad-04fb-a693-b697-a98f46f8aea8" testName="CalculateConfidence_WithExactWordMatch_ShouldReturnHighConfidence" computerName="PPITM80-M0317" duration="00:00:00.0182400" startTime="2025-09-08T07:17:56.4658120-05:00" endTime="2025-09-08T07:17:56.4840505-05:00" testType="13cdc9d9-ddb5-4fa4-a97d-d965ccfc6d4b" outcome="Passed" testListId="8c84fa94-04c1-424b-9868-57a2d4851a1d" relativeResultsDirectory="95f1127a-d696-4f66-98d4-6913a2b780bb" />
    <UnitTestResult executionId="36528d49-de22-43a5-a04c-e1ce076c2961" testId="77d07cd0-babe-a442-f286-fa3ce5a4f058" testName="ExecuteAsync_ValidFilePath_ReturnsSimilarFiles" computerName="PPITM80-M0317" duration="00:00:00.0047890" startTime="2025-09-08T07:17:58.2599503-05:00" endTime="2025-09-08T07:17:58.2647396-05:00" testType="13cdc9d9-ddb5-4fa4-a97d-d965ccfc6d4b" outcome="Passed" testListId="8c84fa94-04c1-424b-9868-57a2d4851a1d" relativeResultsDirectory="36528d49-de22-43a5-a04c-e1ce076c2961" />
    <UnitTestResult executionId="18cbbe68-a1aa-440f-87ff-8c683af118b2" testId="0d29fa0b-c2e9-f69d-31c9-d9b22d38e871" testName="GetBasePath_Should_Return_Consistent_Path" computerName="PPITM80-M0317" duration="00:00:00.0010529" startTime="2025-09-08T07:17:56.9652960-05:00" endTime="2025-09-08T07:17:56.9663493-05:00" testType="13cdc9d9-ddb5-4fa4-a97d-d965ccfc6d4b" outcome="Passed" testListId="8c84fa94-04c1-424b-9868-57a2d4851a1d" relativeResultsDirectory="18cbbe68-a1aa-440f-87ff-8c683af118b2" />
    <UnitTestResult executionId="f62ae19c-636c-4b00-8097-28b288937f5b" testId="e324d320-e3d3-c088-35aa-a58ee7a7e89b" testName="ExecuteAsync_Should_Filter_By_Extension_When_Specified" computerName="PPITM80-M0317" duration="00:00:00.0041130" startTime="2025-09-08T07:17:58.0115077-05:00" endTime="2025-09-08T07:17:58.0156207-05:00" testType="13cdc9d9-ddb5-4fa4-a97d-d965ccfc6d4b" outcome="Passed" testListId="8c84fa94-04c1-424b-9868-57a2d4851a1d" relativeResultsDirectory="f62ae19c-636c-4b00-8097-28b288937f5b" />
    <UnitTestResult executionId="7c6e4693-90e7-49aa-b12b-dcde7fb2d3d0" testId="e86d6d82-0ce0-d851-dd71-ebc98ec473ec" testName="ValidateAndResolvePath_ValidPath_ReturnsAbsolutePath" computerName="PPITM80-M0317" duration="00:00:00.0008120" startTime="2025-09-08T07:17:56.9328341-05:00" endTime="2025-09-08T07:17:56.9336458-05:00" testType="13cdc9d9-ddb5-4fa4-a97d-d965ccfc6d4b" outcome="Passed" testListId="8c84fa94-04c1-424b-9868-57a2d4851a1d" relativeResultsDirectory="7c6e4693-90e7-49aa-b12b-dcde7fb2d3d0" />
    <UnitTestResult executionId="d0a1bb4b-f4d5-4e49-9d66-628b31945285" testId="09cea5f4-f732-1d4e-9bb2-954f155f4594" testName="ExecuteAsync_RegexPattern_HandlesRegex" computerName="PPITM80-M0317" duration="00:00:00.0032750" startTime="2025-09-08T07:17:58.2147827-05:00" endTime="2025-09-08T07:17:58.2180576-05:00" testType="13cdc9d9-ddb5-4fa4-a97d-d965ccfc6d4b" outcome="Passed" testListId="8c84fa94-04c1-424b-9868-57a2d4851a1d" relativeResultsDirectory="d0a1bb4b-f4d5-4e49-9d66-628b31945285" />
    <UnitTestResult executionId="eb741655-6999-4816-acfd-5b3ad92eddaf" testId="15c48608-d196-d3c3-c14a-1ee4ed65a96b" testName="EnumerateDirectories_Should_Return_Subdirectories" computerName="PPITM80-M0317" duration="00:00:00.0029890" startTime="2025-09-08T07:17:56.9488574-05:00" endTime="2025-09-08T07:17:56.9518464-05:00" testType="13cdc9d9-ddb5-4fa4-a97d-d965ccfc6d4b" outcome="Passed" testListId="8c84fa94-04c1-424b-9868-57a2d4851a1d" relativeResultsDirectory="eb741655-6999-4816-acfd-5b3ad92eddaf" />
    <UnitTestResult executionId="4cd9c018-42c9-442e-b70d-ecde839204d0" testId="5d84348a-4728-f743-fb4d-aa4f4b1cd017" testName="AsyncPatterns_ProperUsage_NoWarnings" computerName="PPITM80-M0317" duration="00:00:00.0062450" startTime="2025-09-08T07:17:57.1917625-05:00" endTime="2025-09-08T07:17:57.1980072-05:00" testType="13cdc9d9-ddb5-4fa4-a97d-d965ccfc6d4b" outcome="Passed" testListId="8c84fa94-04c1-424b-9868-57a2d4851a1d" relativeResultsDirectory="4cd9c018-42c9-442e-b70d-ecde839204d0" />
    <UnitTestResult executionId="f607469f-1dbb-4b4f-8065-bdc95374a3ff" testId="3900264b-2cb3-b232-f26d-4523cbbedbd5" testName="ExecuteAsync_Should_Return_Error_When_FilePath_Is_Missing" computerName="PPITM80-M0317" duration="00:00:00.0042290" startTime="2025-09-08T07:17:57.7626032-05:00" endTime="2025-09-08T07:17:57.7668315-05:00" testType="13cdc9d9-ddb5-4fa4-a97d-d965ccfc6d4b" outcome="Passed" testListId="8c84fa94-04c1-424b-9868-57a2d4851a1d" relativeResultsDirectory="f607469f-1dbb-4b4f-8065-bdc95374a3ff" />
    <UnitTestResult executionId="6ffd208e-389a-4cc7-8c31-7d22fdfdb7a3" testId="07078b4b-51c8-42f8-1af8-af9098a00313" testName="GetIndexPath_Should_Return_Hashed_Directory_Name" computerName="PPITM80-M0317" duration="00:00:00.0007550" startTime="2025-09-08T07:17:56.9720498-05:00" endTime="2025-09-08T07:17:56.9728042-05:00" testType="13cdc9d9-ddb5-4fa4-a97d-d965ccfc6d4b" outcome="Passed" testListId="8c84fa94-04c1-424b-9868-57a2d4851a1d" relativeResultsDirectory="6ffd208e-389a-4cc7-8c31-7d22fdfdb7a3" />
    <UnitTestResult executionId="36e2ccd8-ea12-4d00-ac3f-db6f29c3454b" testId="f7270f64-5f9c-70db-c262-ebf57259aafb" testName="Concurrency_FileLockedByAnotherProcess_HandlesGracefully" computerName="PPITM80-M0317" duration="00:00:00.0056429" startTime="2025-09-08T07:17:55.6371784-05:00" endTime="2025-09-08T07:17:55.6428213-05:00" testType="13cdc9d9-ddb5-4fa4-a97d-d965ccfc6d4b" outcome="Passed" testListId="8c84fa94-04c1-424b-9868-57a2d4851a1d" relativeResultsDirectory="36e2ccd8-ea12-4d00-ac3f-db6f29c3454b">
      <Output>
        <StdOut>Insert operation failed gracefully: Success = False&#xD;
Replace operation failed gracefully: Success = False&#xD;
Delete operation failed gracefully: Success = False&#xD;
Successfully handled locked file scenario&#xD;
Insert error: &#xD;
Replace error: &#xD;
Delete error:</StdOut>
      </Output>
    </UnitTestResult>
    <UnitTestResult executionId="a10f188c-6ae4-4618-9870-5dff36f5b5fe" testId="8b155b4d-a580-439b-a45e-2bdf45aad182" testName="CalculateConfidence_RealWorldScenario_MultipleQueries" computerName="PPITM80-M0317" duration="00:00:00.0357510" startTime="2025-09-08T07:17:56.2936941-05:00" endTime="2025-09-08T07:17:56.3294427-05:00" testType="13cdc9d9-ddb5-4fa4-a97d-d965ccfc6d4b" outcome="Passed" testListId="8c84fa94-04c1-424b-9868-57a2d4851a1d" relativeResultsDirectory="a10f188c-6ae4-4618-9870-5dff36f5b5fe" />
    <UnitTestResult executionId="4a87c546-80a0-45b8-a69d-457bf7dfc299" testId="30dc8060-afd6-3b40-8152-960c12345ec6" testName="DiffValidator_UnixLFPreservation_ShouldValidateCorrectly" computerName="PPITM80-M0317" duration="00:00:00.0039980" startTime="2025-09-08T07:17:55.4643923-05:00" endTime="2025-09-08T07:17:55.4683900-05:00" testType="13cdc9d9-ddb5-4fa4-a97d-d965ccfc6d4b" outcome="Passed" testListId="8c84fa94-04c1-424b-9868-57a2d4851a1d" relativeResultsDirectory="4a87c546-80a0-45b8-a69d-457bf7dfc299" />
    <UnitTestResult executionId="72ed0401-98e1-428f-9623-458792a07b7e" testId="484b8c1d-4df6-b62b-b60c-57a9dfa12014" testName="ExecuteAsync_ReplaceWithMinimalContent_ReplacesCorrectly" computerName="PPITM80-M0317" duration="00:00:00.0052820" startTime="2025-09-08T07:17:58.1289355-05:00" endTime="2025-09-08T07:17:58.1342168-05:00" testType="13cdc9d9-ddb5-4fa4-a97d-d965ccfc6d4b" outcome="Passed" testListId="8c84fa94-04c1-424b-9868-57a2d4851a1d" relativeResultsDirectory="72ed0401-98e1-428f-9623-458792a07b7e" />
    <UnitTestResult executionId="c77ab097-3a12-4f2f-9a8c-db69f8196a4a" testId="326eb41d-b5f5-53f1-0d6f-0f5d466bccc1" testName="Constructor_ShouldInitializeRegexPatternsCorrectly" computerName="PPITM80-M0317" duration="00:00:00.0158510" startTime="2025-09-08T07:17:56.8907856-05:00" endTime="2025-09-08T07:17:56.9066358-05:00" testType="13cdc9d9-ddb5-4fa4-a97d-d965ccfc6d4b" outcome="Passed" testListId="8c84fa94-04c1-424b-9868-57a2d4851a1d" relativeResultsDirectory="c77ab097-3a12-4f2f-9a8c-db69f8196a4a" />
    <UnitTestResult executionId="0499bc6a-c4f3-4c1c-84eb-e178a09bc7eb" testId="c41b1d63-dd1b-5812-a822-5d35a364f148" testName="ExecuteAsync_ShouldCalculateDepthCorrectly" computerName="PPITM80-M0317" duration="00:00:00.0393600" startTime="2025-09-08T07:17:57.3130246-05:00" endTime="2025-09-08T07:17:57.3523849-05:00" testType="13cdc9d9-ddb5-4fa4-a97d-d965ccfc6d4b" outcome="Passed" testListId="8c84fa94-04c1-424b-9868-57a2d4851a1d" relativeResultsDirectory="0499bc6a-c4f3-4c1c-84eb-e178a09bc7eb" />
    <UnitTestResult executionId="5668b431-7c0a-48a1-859e-51faeacbbd80" testId="d9639a47-b934-e44a-f236-d0ccde0de455" testName="NonNullableField_ObjectInitialization_ProperInitialization" computerName="PPITM80-M0317" duration="00:00:00.0007940" startTime="2025-09-08T07:17:56.2018448-05:00" endTime="2025-09-08T07:17:56.2026391-05:00" testType="13cdc9d9-ddb5-4fa4-a97d-d965ccfc6d4b" outcome="Passed" testListId="8c84fa94-04c1-424b-9868-57a2d4851a1d" relativeResultsDirectory="5668b431-7c0a-48a1-859e-51faeacbbd80" />
    <UnitTestResult executionId="550ce4c3-08c5-42ef-adf1-4ecf5df301c9" testId="5e4a8e81-44ad-86eb-ab92-6a71f1e8a5cc" testName="ExecuteAsync_Should_Detect_Large_Methods" computerName="PPITM80-M0317" duration="00:00:00.0066850" startTime="2025-09-08T07:17:57.5315934-05:00" endTime="2025-09-08T07:17:57.5382782-05:00" testType="13cdc9d9-ddb5-4fa4-a97d-d965ccfc6d4b" outcome="Passed" testListId="8c84fa94-04c1-424b-9868-57a2d4851a1d" relativeResultsDirectory="550ce4c3-08c5-42ef-adf1-4ecf5df301c9">
      <Output>
        <StdOut>DEBUG: Type extraction success: True</StdOut>
      </Output>
    </UnitTestResult>
    <UnitTestResult executionId="9052fcbb-3cd7-40ec-a31d-c5246065b865" testId="66043dc8-527f-e3c8-75cc-54ba4ab46e71" testName="ExecuteAsync_Should_Use_Cache_When_Available" computerName="PPITM80-M0317" duration="00:00:00.0053099" startTime="2025-09-08T07:17:57.7749355-05:00" endTime="2025-09-08T07:17:57.7802453-05:00" testType="13cdc9d9-ddb5-4fa4-a97d-d965ccfc6d4b" outcome="Passed" testListId="8c84fa94-04c1-424b-9868-57a2d4851a1d" relativeResultsDirectory="9052fcbb-3cd7-40ec-a31d-c5246065b865" />
    <UnitTestResult executionId="1d086efd-7517-4fdd-b7ac-832b610ea908" testId="81130f8b-48ae-419b-15fb-a870943c43b7" testName="ExecuteAsync_SearchForMethod_ReturnsMethodDefinition" computerName="PPITM80-M0317" duration="00:00:00.0139180" startTime="2025-09-08T07:17:57.7865252-05:00" endTime="2025-09-08T07:17:57.8004423-05:00" testType="13cdc9d9-ddb5-4fa4-a97d-d965ccfc6d4b" outcome="Passed" testListId="8c84fa94-04c1-424b-9868-57a2d4851a1d" relativeResultsDirectory="1d086efd-7517-4fdd-b7ac-832b610ea908" />
    <UnitTestResult executionId="88abd601-9147-4997-be1a-957dfbdfaba8" testId="507cb46e-cb05-9c7d-742b-d2d660f1d588" testName="DiffValidator_MixedLineEndingsConsistency_ShouldValidateCorrectly" computerName="PPITM80-M0317" duration="00:00:00.0043070" startTime="2025-09-08T07:17:55.4567493-05:00" endTime="2025-09-08T07:17:55.4610563-05:00" testType="13cdc9d9-ddb5-4fa4-a97d-d965ccfc6d4b" outcome="Passed" testListId="8c84fa94-04c1-424b-9868-57a2d4851a1d" relativeResultsDirectory="88abd601-9147-4997-be1a-957dfbdfaba8" />
    <UnitTestResult executionId="b1c9bd85-03e1-4d0d-bb69-bc852aa0dcd8" testId="1636785a-249b-321f-8f2e-2033f39cebcb" testName="ValidateRequired_NullWorkspacePath_ThrowsToolExecutionException" computerName="PPITM80-M0317" duration="00:00:00.0040390" startTime="2025-09-08T07:17:57.2481609-05:00" endTime="2025-09-08T07:17:57.2521991-05:00" testType="13cdc9d9-ddb5-4fa4-a97d-d965ccfc6d4b" outcome="Passed" testListId="8c84fa94-04c1-424b-9868-57a2d4851a1d" relativeResultsDirectory="b1c9bd85-03e1-4d0d-bb69-bc852aa0dcd8" />
    <UnitTestResult executionId="df38b76a-34f7-4102-8e45-1303e92cf5f2" testId="53c196cc-1dd5-931b-3fad-178da16e285a" testName="NullableString_SafeOperations_NoWarnings" computerName="PPITM80-M0317" duration="00:00:00.0006750" startTime="2025-09-08T07:17:57.2033226-05:00" endTime="2025-09-08T07:17:57.2039973-05:00" testType="13cdc9d9-ddb5-4fa4-a97d-d965ccfc6d4b" outcome="Passed" testListId="8c84fa94-04c1-424b-9868-57a2d4851a1d" relativeResultsDirectory="df38b76a-34f7-4102-8e45-1303e92cf5f2" />
    <UnitTestResult executionId="048013f9-f7ba-4036-b2ed-e4b4c987d130" testId="03f10ceb-8c61-5203-a7c0-b1256a0a5c2f" testName="ExecuteAsync_Should_Handle_Mixed_Path_Separators" computerName="PPITM80-M0317" duration="00:00:00.0055550" startTime="2025-09-08T07:17:57.4568473-05:00" endTime="2025-09-08T07:17:57.4624019-05:00" testType="13cdc9d9-ddb5-4fa4-a97d-d965ccfc6d4b" outcome="Failed" testListId="8c84fa94-04c1-424b-9868-57a2d4851a1d" relativeResultsDirectory="048013f9-f7ba-4036-b2ed-e4b4c987d130">
      <Output>
        <ErrorInfo>
          <Message>Expected result.Result.Data.Count to be 2, but found 0 (difference of -2).</Message>
          <StackTrace>   at FluentAssertions.Execution.LateBoundTestFramework.Throw(String message)&#xD;
   at FluentAssertions.Execution.TestFrameworkProvider.Throw(String message)&#xD;
   at FluentAssertions.Execution.DefaultAssertionStrategy.HandleFailure(String message)&#xD;
   at FluentAssertions.Execution.AssertionScope.FailWith(Func`1 failReasonFunc)&#xD;
   at FluentAssertions.Execution.AssertionScope.FailWith(Func`1 failReasonFunc)&#xD;
   at FluentAssertions.Execution.AssertionScope.FailWith(String message, Object[] args)&#xD;
   at FluentAssertions.Numeric.NumericAssertions`2.Be(T expected, String because, Object[] becauseArgs)&#xD;
   at COA.CodeSearch.McpServer.Tests.Tools.FileSearchToolTests.ExecuteAsync_Should_Handle_Mixed_Path_Separators() in C:\source\COA CodeSearch MCP\COA.CodeSearch.McpServer.Tests\Tools\FileSearchToolTests.cs:line 648&#xD;
   at NUnit.Framework.Internal.TaskAwaitAdapter.GenericAdapter`1.GetResult()&#xD;
   at NUnit.Framework.Internal.AsyncToSyncAdapter.Await[TResult](TestExecutionContext context, Func`1 invoke)&#xD;
   at NUnit.Framework.Internal.AsyncToSyncAdapter.Await(TestExecutionContext context, Func`1 invoke)&#xD;
   at NUnit.Framework.Internal.Commands.TestMethodCommand.RunTestMethod(TestExecutionContext context)&#xD;
   at NUnit.Framework.Internal.Commands.TestMethodCommand.Execute(TestExecutionContext context)&#xD;
   at NUnit.Framework.Internal.Commands.BeforeAndAfterTestCommand.&lt;&gt;c__DisplayClass1_0.&lt;Execute&gt;b__0()&#xD;
   at NUnit.Framework.Internal.Commands.DelegatingTestCommand.RunTestMethodInThreadAbortSafeZone(TestExecutionContext context, Action action)&#xD;

</StackTrace>
        </ErrorInfo>
      </Output>
    </UnitTestResult>
    <UnitTestResult executionId="cad1e4f4-de2d-4801-9e58-5b6e78b40538" testId="313f1450-0286-0926-7515-7079060e98c0" testName="ReplaceLines_ReproducesToolNamesIndentationBug_ShouldNotCreateDuplicatesOrBadIndentation" computerName="PPITM80-M0317" duration="00:00:00.0064910" startTime="2025-09-08T07:17:57.8106540-05:00" endTime="2025-09-08T07:17:57.8171445-05:00" testType="13cdc9d9-ddb5-4fa4-a97d-d965ccfc6d4b" outcome="Passed" testListId="8c84fa94-04c1-424b-9868-57a2d4851a1d" relativeResultsDirectory="cad1e4f4-de2d-4801-9e58-5b6e78b40538">
      <Output>
        <StdOut>=== ACTUAL MODIFIED CONTENT ===&#xD;
namespace Test;&#xD;
&#xD;
public static class ToolNames&#xD;
{&#xD;
    // Core operations  &#xD;
    public const string TextSearch = "text_search";&#xD;
    public const string FileSearch = "file_search";&#xD;
    &#xD;
    // Navigation tools&#xD;
    public const string SymbolSearch = "symbol_search";&#xD;
    public const string GoToDefinition = "goto_definition";&#xD;
    &#xD;
    // Editing tools&#xD;
    public const string InsertAtLine = "insert_at_line";&#xD;
    public const string ReplaceLines = "replace_lines";&#xD;
    public const string DeleteLines = "delete_lines";&#xD;
    &#xD;
    // Advanced semantic tools&#xD;
    public const string GetSymbolsOverview = "get_symbols_overview";&#xD;
}&#xD;
&#xD;
=== END CONTENT ===&#xD;
&#xD;
Original file lines: 17&#xD;
Modified file lines: 21&#xD;
DeleteLines count: 1&#xD;
Constant lines: 8&#xD;
Expected indentation: '    '</StdOut>
      </Output>
    </UnitTestResult>
    <UnitTestResult executionId="049dca3d-82c7-4a32-a4be-3a79f21d73cd" testId="0f757c72-1179-de8d-a9b4-a8095c376440" testName="ExecuteAsync_Should_Handle_Unexpected_Exceptions" computerName="PPITM80-M0317" duration="00:00:00.0023120" startTime="2025-09-08T07:17:57.8511621-05:00" endTime="2025-09-08T07:17:57.8534737-05:00" testType="13cdc9d9-ddb5-4fa4-a97d-d965ccfc6d4b" outcome="Passed" testListId="8c84fa94-04c1-424b-9868-57a2d4851a1d" relativeResultsDirectory="049dca3d-82c7-4a32-a4be-3a79f21d73cd" />
    <UnitTestResult executionId="4f3d85ce-9671-4a71-b1e2-b5c98941663f" testId="a60937a1-c011-bdcb-934e-62440d204a5a" testName="DiffValidator_UnicodeNormalization_ShouldPreserveOriginalForm" computerName="PPITM80-M0317" duration="00:00:00.0033530" startTime="2025-09-08T07:17:56.1942762-05:00" endTime="2025-09-08T07:17:56.1976291-05:00" testType="13cdc9d9-ddb5-4fa4-a97d-d965ccfc6d4b" outcome="Passed" testListId="8c84fa94-04c1-424b-9868-57a2d4851a1d" relativeResultsDirectory="4f3d85ce-9671-4a71-b1e2-b5c98941663f">
      <Output>
        <StdOut>Original bytes: 27&#xD;
Modified bytes: 29&#xD;
Original: const café1 = 'NFC form';&#xD;
&#xD;
Modified: const café22 = 'NFD form';</StdOut>
      </Output>
    </UnitTestResult>
    <UnitTestResult executionId="77cc1573-1f8a-4c13-b104-9ecf266dea20" testId="72170669-1a4b-b64d-93c5-3d45ab3b701a" testName="NullableList_SafeOperations_NoWarnings" computerName="PPITM80-M0317" duration="00:00:00.0004590" startTime="2025-09-08T07:17:57.2028476-05:00" endTime="2025-09-08T07:17:57.2033064-05:00" testType="13cdc9d9-ddb5-4fa4-a97d-d965ccfc6d4b" outcome="Passed" testListId="8c84fa94-04c1-424b-9868-57a2d4851a1d" relativeResultsDirectory="77cc1573-1f8a-4c13-b104-9ecf266dea20" />
    <UnitTestResult executionId="07fa1c1d-cd32-45b5-b4d0-92832320ab28" testId="61e4a80c-0dab-fe3f-1d1f-21e3d7caa899" testName="ExecuteAsync_Should_Return_Error_When_Workspace_Not_Indexed" computerName="PPITM80-M0317" duration="00:00:00.0083520" startTime="2025-09-08T07:17:58.3733402-05:00" endTime="2025-09-08T07:17:58.3816907-05:00" testType="13cdc9d9-ddb5-4fa4-a97d-d965ccfc6d4b" outcome="Passed" testListId="8c84fa94-04c1-424b-9868-57a2d4851a1d" relativeResultsDirectory="07fa1c1d-cd32-45b5-b4d0-92832320ab28" />
    <UnitTestResult executionId="90ecb55c-4425-4386-9ea7-2df08105e182" testId="a48bd2c4-ea8f-7724-f717-7c2e5483260c" testName="CalculateConfidence_WithExactFileNameMatch_ShouldHaveBonus" computerName="PPITM80-M0317" duration="00:00:00.0069990" startTime="2025-09-08T07:17:56.4587873-05:00" endTime="2025-09-08T07:17:56.4657856-05:00" testType="13cdc9d9-ddb5-4fa4-a97d-d965ccfc6d4b" outcome="Passed" testListId="8c84fa94-04c1-424b-9868-57a2d4851a1d" relativeResultsDirectory="90ecb55c-4425-4386-9ea7-2df08105e182" />
    <UnitTestResult executionId="5574d819-03ae-44df-b7d2-ee6a5c08bf91" testId="a809a78b-26be-b9bf-8d07-fb39672da280" testName="ExecuteAsync_Should_Not_Detect_Acceptable_Numbers" computerName="PPITM80-M0317" duration="00:00:00.0110430" startTime="2025-09-08T07:17:57.5770150-05:00" endTime="2025-09-08T07:17:57.5880570-05:00" testType="13cdc9d9-ddb5-4fa4-a97d-d965ccfc6d4b" outcome="Passed" testListId="8c84fa94-04c1-424b-9868-57a2d4851a1d" relativeResultsDirectory="5574d819-03ae-44df-b7d2-ee6a5c08bf91">
      <Output>
        <StdOut>DEBUG: Type extraction success: True</StdOut>
      </Output>
    </UnitTestResult>
    <UnitTestResult executionId="2ac3c16d-d8ee-4d70-94a8-c6c1bcd0f4f4" testId="31769117-32da-d390-1e8a-ff55d181993d" testName="ExecuteAsync_NoSimilarFilesFound_ReturnsEmptyResult" computerName="PPITM80-M0317" duration="00:00:00.0078970" startTime="2025-09-08T07:17:58.2416093-05:00" endTime="2025-09-08T07:17:58.2495059-05:00" testType="13cdc9d9-ddb5-4fa4-a97d-d965ccfc6d4b" outcome="Passed" testListId="8c84fa94-04c1-424b-9868-57a2d4851a1d" relativeResultsDirectory="2ac3c16d-d8ee-4d70-94a8-c6c1bcd0f4f4" />
    <UnitTestResult executionId="d13b2859-e057-4cf8-9345-d6e87495d652" testId="fab978dc-046d-4e0c-321a-b4162e9d195e" testName="ExecuteAsync_Should_Return_Error_When_File_Does_Not_Exist" computerName="PPITM80-M0317" duration="00:00:00.0026880" startTime="2025-09-08T07:17:57.6006834-05:00" endTime="2025-09-08T07:17:57.6033715-05:00" testType="13cdc9d9-ddb5-4fa4-a97d-d965ccfc6d4b" outcome="Passed" testListId="8c84fa94-04c1-424b-9868-57a2d4851a1d" relativeResultsDirectory="d13b2859-e057-4cf8-9345-d6e87495d652" />
    <UnitTestResult executionId="311fde19-f2a8-4a3c-a516-a1e9212548cc" testId="dc053fd2-ff23-067f-a296-e7998a2cbbbf" testName="ApplyIndentation_ConsistentBehavior_PreservesLogic" computerName="PPITM80-M0317" duration="00:00:00.0024960" startTime="2025-09-08T07:17:56.9067968-05:00" endTime="2025-09-08T07:17:56.9092926-05:00" testType="13cdc9d9-ddb5-4fa4-a97d-d965ccfc6d4b" outcome="Passed" testListId="8c84fa94-04c1-424b-9868-57a2d4851a1d" relativeResultsDirectory="311fde19-f2a8-4a3c-a516-a1e9212548cc" />
    <UnitTestResult executionId="d688ee54-8024-44f0-9fa1-b0a95bc72002" testId="2c6048a3-0e46-c805-9760-cb341a85318a" testName="TestPathProcessing" computerName="PPITM80-M0317" duration="00:00:00.0014420" startTime="2025-09-08T07:17:57.3831031-05:00" endTime="2025-09-08T07:17:57.3845453-05:00" testType="13cdc9d9-ddb5-4fa4-a97d-d965ccfc6d4b" outcome="Passed" testListId="8c84fa94-04c1-424b-9868-57a2d4851a1d" relativeResultsDirectory="d688ee54-8024-44f0-9fa1-b0a95bc72002">
      <Output>
        <StdOut>Original: /workspace/src/components/App.tsx&#xD;
Normalized: workspace/src/components/App.tsx&#xD;
Segments: workspace, src, components, App.tsx&#xD;
Segment count: 4&#xD;
  i=0: segment=workspace, currentPath=workspace, fullPath=/workspace&#xD;
  i=1: segment=src, currentPath=workspace/src, fullPath=/workspace/src&#xD;
  i=2: segment=components, currentPath=workspace/src/components, fullPath=/workspace/src/components&#xD;
Directories found: workspace@/workspace, src@/workspace/src, components@/workspace/src/components</StdOut>
      </Output>
    </UnitTestResult>
    <UnitTestResult executionId="fd67ce9b-170b-4757-acfd-2e1e32ed45ca" testId="8dfad606-9d2a-4a27-fd8d-4d2ee6f173aa" testName="Category_ShouldBeQuery" computerName="PPITM80-M0317" duration="00:00:00.0073620" startTime="2025-09-08T07:17:58.1530692-05:00" endTime="2025-09-08T07:17:58.1604311-05:00" testType="13cdc9d9-ddb5-4fa4-a97d-d965ccfc6d4b" outcome="Passed" testListId="8c84fa94-04c1-424b-9868-57a2d4851a1d" relativeResultsDirectory="fd67ce9b-170b-4757-acfd-2e1e32ed45ca" />
    <UnitTestResult executionId="c13e2996-89ee-4a7d-b344-0951470695ef" testId="f08f1d24-ac21-aabb-874f-af933b9dc232" testName="ExecuteAsync_Should_Parse_TimeFrame_Correctly(&quot;1w&quot;,7)" computerName="PPITM80-M0317" duration="00:00:00.0020590" startTime="2025-09-08T07:17:58.0219278-05:00" endTime="2025-09-08T07:17:58.0239869-05:00" testType="13cdc9d9-ddb5-4fa4-a97d-d965ccfc6d4b" outcome="Passed" testListId="8c84fa94-04c1-424b-9868-57a2d4851a1d" relativeResultsDirectory="c13e2996-89ee-4a7d-b344-0951470695ef" />
    <UnitTestResult executionId="8cbc9ae2-9d69-4523-9341-59cb1f925814" testId="a870daab-bd6c-368a-ec73-9dcd3316463b" testName="ExecuteAsync_Should_Include_Statistics_In_Response" computerName="PPITM80-M0317" duration="00:00:00.0036810" startTime="2025-09-08T07:17:57.8534864-05:00" endTime="2025-09-08T07:17:57.8571669-05:00" testType="13cdc9d9-ddb5-4fa4-a97d-d965ccfc6d4b" outcome="Passed" testListId="8c84fa94-04c1-424b-9868-57a2d4851a1d" relativeResultsDirectory="8cbc9ae2-9d69-4523-9341-59cb1f925814" />
    <UnitTestResult executionId="e46db36e-09a3-4e81-b15b-ebdb37301587" testId="9b0c71cb-b156-596b-3243-55ebe09ed2b6" testName="ExecuteAsync_InvalidJson_ReturnsError" computerName="PPITM80-M0317" duration="00:00:00.0045590" startTime="2025-09-08T07:17:57.2411397-05:00" endTime="2025-09-08T07:17:57.2456987-05:00" testType="13cdc9d9-ddb5-4fa4-a97d-d965ccfc6d4b" outcome="Passed" testListId="8c84fa94-04c1-424b-9868-57a2d4851a1d" relativeResultsDirectory="e46db36e-09a3-4e81-b15b-ebdb37301587" />
    <UnitTestResult executionId="6a7b240f-c5c5-4b12-8fcc-18d79d2538b3" testId="bfd3c89a-6e46-0090-981a-0c23d83c682f" testName="ExecuteAsync_Should_Return_Error_When_FilePath_Is_Missing" computerName="PPITM80-M0317" duration="00:00:00.0024130" startTime="2025-09-08T07:17:57.6033862-05:00" endTime="2025-09-08T07:17:57.6057986-05:00" testType="13cdc9d9-ddb5-4fa4-a97d-d965ccfc6d4b" outcome="Passed" testListId="8c84fa94-04c1-424b-9868-57a2d4851a1d" relativeResultsDirectory="6a7b240f-c5c5-4b12-8fcc-18d79d2538b3" />
    <UnitTestResult executionId="ca820f56-751e-4574-92ac-e9f9566bfcbb" testId="9913925c-6c4b-8343-5be6-f836a949a47a" testName="ExecuteAsync_Should_Return_Error_When_Directory_Not_Found" computerName="PPITM80-M0317" duration="00:00:00.0024350" startTime="2025-09-08T07:17:57.8635516-05:00" endTime="2025-09-08T07:17:57.8659862-05:00" testType="13cdc9d9-ddb5-4fa4-a97d-d965ccfc6d4b" outcome="Passed" testListId="8c84fa94-04c1-424b-9868-57a2d4851a1d" relativeResultsDirectory="ca820f56-751e-4574-92ac-e9f9566bfcbb" />
    <UnitTestResult executionId="a11c200d-0d79-4df5-a8cd-5fe4ae6ff0b0" testId="f20cf19a-e862-061b-cf70-432700f8b23d" testName="EnhanceWithSnippetsAsync_Should_Handle_Invalid_Wildcard_Patterns(&quot;***&quot;)" computerName="PPITM80-M0317" duration="00:00:00.0005460" startTime="2025-09-08T07:17:57.1606447-05:00" endTime="2025-09-08T07:17:57.1611909-05:00" testType="13cdc9d9-ddb5-4fa4-a97d-d965ccfc6d4b" outcome="Passed" testListId="8c84fa94-04c1-424b-9868-57a2d4851a1d" relativeResultsDirectory="a11c200d-0d79-4df5-a8cd-5fe4ae6ff0b0" />
    <UnitTestResult executionId="3c6c7306-3ea7-46d1-8420-9798f8ad3dbf" testId="6fbc4280-c107-0f5f-1e78-82fa85ec326d" testName="ExecuteAsync_WithFullContext_IncludesSnippet" computerName="PPITM80-M0317" duration="00:00:00.0028760" startTime="2025-09-08T07:17:57.8076324-05:00" endTime="2025-09-08T07:17:57.8105081-05:00" testType="13cdc9d9-ddb5-4fa4-a97d-d965ccfc6d4b" outcome="Passed" testListId="8c84fa94-04c1-424b-9868-57a2d4851a1d" relativeResultsDirectory="3c6c7306-3ea7-46d1-8420-9798f8ad3dbf" />
    <UnitTestResult executionId="1ee86c29-8c91-4406-acc7-869fbbab8223" testId="101fcbac-e23e-6f19-a8b9-dced6321cc05" testName="ExecuteAsync_WithoutIndentationPreservation_NoIndentation" computerName="PPITM80-M0317" duration="00:00:00.0054830" startTime="2025-09-08T07:17:58.1474053-05:00" endTime="2025-09-08T07:17:58.1528881-05:00" testType="13cdc9d9-ddb5-4fa4-a97d-d965ccfc6d4b" outcome="Passed" testListId="8c84fa94-04c1-424b-9868-57a2d4851a1d" relativeResultsDirectory="1ee86c29-8c91-4406-acc7-869fbbab8223" />
    <UnitTestResult executionId="42238dc2-ffd0-4c5d-9939-347e4a7bc104" testId="ff27a340-2752-6234-dd37-911015eaa47b" testName="ExecuteAsync_Should_Find_Files_Matching_Regex_Pattern" computerName="PPITM80-M0317" duration="00:00:00.0312830" startTime="2025-09-08T07:17:57.4253829-05:00" endTime="2025-09-08T07:17:57.4566650-05:00" testType="13cdc9d9-ddb5-4fa4-a97d-d965ccfc6d4b" outcome="Failed" testListId="8c84fa94-04c1-424b-9868-57a2d4851a1d" relativeResultsDirectory="42238dc2-ffd0-4c5d-9939-347e4a7bc104">
      <Output>
        <ErrorInfo>
          <Message>Expected result.Result.Data.Count to be 2, but found 0 (difference of -2).</Message>
          <StackTrace>   at FluentAssertions.Execution.LateBoundTestFramework.Throw(String message)&#xD;
   at FluentAssertions.Execution.TestFrameworkProvider.Throw(String message)&#xD;
   at FluentAssertions.Execution.DefaultAssertionStrategy.HandleFailure(String message)&#xD;
   at FluentAssertions.Execution.AssertionScope.FailWith(Func`1 failReasonFunc)&#xD;
   at FluentAssertions.Execution.AssertionScope.FailWith(Func`1 failReasonFunc)&#xD;
   at FluentAssertions.Execution.AssertionScope.FailWith(String message, Object[] args)&#xD;
   at FluentAssertions.Numeric.NumericAssertions`2.Be(T expected, String because, Object[] becauseArgs)&#xD;
   at COA.CodeSearch.McpServer.Tests.Tools.FileSearchToolTests.ExecuteAsync_Should_Find_Files_Matching_Regex_Pattern() in C:\source\COA CodeSearch MCP\COA.CodeSearch.McpServer.Tests\Tools\FileSearchToolTests.cs:line 168&#xD;
   at NUnit.Framework.Internal.TaskAwaitAdapter.GenericAdapter`1.GetResult()&#xD;
   at NUnit.Framework.Internal.AsyncToSyncAdapter.Await[TResult](TestExecutionContext context, Func`1 invoke)&#xD;
   at NUnit.Framework.Internal.AsyncToSyncAdapter.Await(TestExecutionContext context, Func`1 invoke)&#xD;
   at NUnit.Framework.Internal.Commands.TestMethodCommand.RunTestMethod(TestExecutionContext context)&#xD;
   at NUnit.Framework.Internal.Commands.TestMethodCommand.Execute(TestExecutionContext context)&#xD;
   at NUnit.Framework.Internal.Commands.BeforeAndAfterTestCommand.&lt;&gt;c__DisplayClass1_0.&lt;Execute&gt;b__0()&#xD;
   at NUnit.Framework.Internal.Commands.DelegatingTestCommand.RunTestMethodInThreadAbortSafeZone(TestExecutionContext context, Action action)&#xD;

</StackTrace>
        </ErrorInfo>
      </Output>
    </UnitTestResult>
    <UnitTestResult executionId="56ea5cfa-7673-43e4-949b-b87fe1d9ab85" testId="71d0ea7b-0946-271c-ac1a-5651081c8972" testName="Concurrency_RapidSuccessiveOperations_MaintainsConsistency" computerName="PPITM80-M0317" duration="00:00:00.1818640" startTime="2025-09-08T07:17:55.6751029-05:00" endTime="2025-09-08T07:17:55.8569669-05:00" testType="13cdc9d9-ddb5-4fa4-a97d-d965ccfc6d4b" outcome="Passed" testListId="8c84fa94-04c1-424b-9868-57a2d4851a1d" relativeResultsDirectory="56ea5cfa-7673-43e4-949b-b87fe1d9ab85">
      <Output>
        <StdOut>Rapid operations: 10/10 succeeded&#xD;
Final file has 14 lines&#xD;
Found 10 rapid insert markers</StdOut>
      </Output>
    </UnitTestResult>
    <UnitTestResult executionId="39589fef-2bd5-42f8-9f3d-ca627922cb18" testId="3d3e396c-0afe-9f78-4e51-2d818dd14e00" testName="ExecuteAsync_StartLineBeyondFile_ReturnsError" computerName="PPITM80-M0317" duration="00:00:00.0049670" startTime="2025-09-08T07:17:58.1342382-05:00" endTime="2025-09-08T07:17:58.1392038-05:00" testType="13cdc9d9-ddb5-4fa4-a97d-d965ccfc6d4b" outcome="Passed" testListId="8c84fa94-04c1-424b-9868-57a2d4851a1d" relativeResultsDirectory="39589fef-2bd5-42f8-9f3d-ca627922cb18" />
    <UnitTestResult executionId="fbd0c732-10c2-4bbb-8c45-c3d947b46944" testId="c3a7d5fa-2563-6d97-7b66-aea528fd14da" testName="CalculateConfidence_WithEmptyMatchedLine_ShouldReturnZero" computerName="PPITM80-M0317" duration="00:00:00.0013190" startTime="2025-09-08T07:17:56.4510903-05:00" endTime="2025-09-08T07:17:56.4524091-05:00" testType="13cdc9d9-ddb5-4fa4-a97d-d965ccfc6d4b" outcome="Passed" testListId="8c84fa94-04c1-424b-9868-57a2d4851a1d" relativeResultsDirectory="fbd0c732-10c2-4bbb-8c45-c3d947b46944" />
    <UnitTestResult executionId="ecd42247-5ab0-4019-ad2a-2102131b64de" testId="44cffc5d-7a1b-a768-fd8e-e08e0f0d296a" testName="ExecuteAsync_WithUTF8BOM_PreservesEncoding" computerName="PPITM80-M0317" duration="00:00:00.0056010" startTime="2025-09-08T07:17:57.3045263-05:00" endTime="2025-09-08T07:17:57.3101271-05:00" testType="13cdc9d9-ddb5-4fa4-a97d-d965ccfc6d4b" outcome="Passed" testListId="8c84fa94-04c1-424b-9868-57a2d4851a1d" relativeResultsDirectory="ecd42247-5ab0-4019-ad2a-2102131b64de" />
    <UnitTestResult executionId="ce621696-a8da-444a-bfd1-c349bbca385d" testId="0e44b9f9-b451-2c31-955c-2ed8c3e63498" testName="ExecuteAsync_Should_Handle_Search_Errors_Gracefully" computerName="PPITM80-M0317" duration="00:00:00.0041580" startTime="2025-09-08T07:17:57.4624179-05:00" endTime="2025-09-08T07:17:57.4665757-05:00" testType="13cdc9d9-ddb5-4fa4-a97d-d965ccfc6d4b" outcome="Passed" testListId="8c84fa94-04c1-424b-9868-57a2d4851a1d" relativeResultsDirectory="ce621696-a8da-444a-bfd1-c349bbca385d" />
    <UnitTestResult executionId="4c787fc5-c818-4394-93f4-1f8d553f434b" testId="824e5e41-c053-1da1-4b96-4d4f01dca91e" testName="ExecuteAsync_SymbolNotFound_ReturnsNoResults" computerName="PPITM80-M0317" duration="00:00:00.0034700" startTime="2025-09-08T07:17:57.8004745-05:00" endTime="2025-09-08T07:17:57.8039446-05:00" testType="13cdc9d9-ddb5-4fa4-a97d-d965ccfc6d4b" outcome="Passed" testListId="8c84fa94-04c1-424b-9868-57a2d4851a1d" relativeResultsDirectory="4c787fc5-c818-4394-93f4-1f8d553f434b" />
    <UnitTestResult executionId="b36d6ced-18bc-4f49-a202-38c5ca31c2af" testId="fce89d34-df26-a45d-7d95-ac060018a5ba" testName="EnhanceWithSnippetsAsync_Should_Handle_FieldPrefixedWildcardQueries_WithoutException(&quot;path:*/tests/*&quot;)" computerName="PPITM80-M0317" duration="00:00:00.0005930" startTime="2025-09-08T07:17:57.1533434-05:00" endTime="2025-09-08T07:17:57.1539364-05:00" testType="13cdc9d9-ddb5-4fa4-a97d-d965ccfc6d4b" outcome="Passed" testListId="8c84fa94-04c1-424b-9868-57a2d4851a1d" relativeResultsDirectory="b36d6ced-18bc-4f49-a202-38c5ca31c2af" />
    <UnitTestResult executionId="4522c149-c628-44d4-9da7-64a6330c9364" testId="788e6d6b-e6ab-66cd-f33e-99e77d27f96c" testName="ExecuteAsync_WithPattern_ShouldFilterDirectories" computerName="PPITM80-M0317" duration="00:00:00.0028290" startTime="2025-09-08T07:17:57.3761712-05:00" endTime="2025-09-08T07:17:57.3789997-05:00" testType="13cdc9d9-ddb5-4fa4-a97d-d965ccfc6d4b" outcome="Passed" testListId="8c84fa94-04c1-424b-9868-57a2d4851a1d" relativeResultsDirectory="4522c149-c628-44d4-9da7-64a6330c9364" />
    <UnitTestResult executionId="5465e0e6-b43c-4ad5-85e4-0e7b0a73d98e" testId="13fa4ef9-9f72-2cfa-829c-4b3953a5712d" testName="EdgeCase_VeryLongLines_HandlesEfficiently" computerName="PPITM80-M0317" duration="00:00:00.0136150" startTime="2025-09-08T07:17:55.8918875-05:00" endTime="2025-09-08T07:17:55.9055019-05:00" testType="13cdc9d9-ddb5-4fa4-a97d-d965ccfc6d4b" outcome="Passed" testListId="8c84fa94-04c1-424b-9868-57a2d4851a1d" relativeResultsDirectory="5465e0e6-b43c-4ad5-85e4-0e7b0a73d98e">
      <Output>
        <StdOut>Successfully handled very long lines in 3.94ms&#xD;
Max original line length: 10037 characters</StdOut>
      </Output>
    </UnitTestResult>
    <UnitTestResult executionId="dde3e62e-77e8-4b10-b885-88869f43f865" testId="113f7348-1f99-f3af-5ae5-2b47fcfeabb6" testName="ExecuteAsync_Should_Populate_ModifiedAgo_TimeSpan" computerName="PPITM80-M0317" duration="00:00:00.0033290" startTime="2025-09-08T07:17:58.0260460-05:00" endTime="2025-09-08T07:17:58.0293750-05:00" testType="13cdc9d9-ddb5-4fa4-a97d-d965ccfc6d4b" outcome="Passed" testListId="8c84fa94-04c1-424b-9868-57a2d4851a1d" relativeResultsDirectory="dde3e62e-77e8-4b10-b885-88869f43f865" />
    <UnitTestResult executionId="88fdd95d-1b1c-4f0b-a0ed-c295089d8655" testId="012b4478-39b3-ade7-7c74-e2b0e7d2442e" testName="EdgeCase_EmptyLines_HandlesConsistently" computerName="PPITM80-M0317" duration="00:00:00.0113180" startTime="2025-09-08T07:17:55.8569957-05:00" endTime="2025-09-08T07:17:55.8683133-05:00" testType="13cdc9d9-ddb5-4fa4-a97d-d965ccfc6d4b" outcome="Passed" testListId="8c84fa94-04c1-424b-9868-57a2d4851a1d" relativeResultsDirectory="88fdd95d-1b1c-4f0b-a0ed-c295089d8655">
      <Output>
        <StdOut>Successfully handled various empty line patterns</StdOut>
      </Output>
    </UnitTestResult>
    <UnitTestResult executionId="026f5498-6def-4fd0-b193-36dec0f92d3c" testId="37e8be23-ac0e-3b93-d012-15085cad5135" testName="CalculateConfidence_WithPartialWordMatch_ShouldNotGetExactBonus" computerName="PPITM80-M0317" duration="00:00:00.0330570" startTime="2025-09-08T07:17:56.6440571-05:00" endTime="2025-09-08T07:17:56.6771139-05:00" testType="13cdc9d9-ddb5-4fa4-a97d-d965ccfc6d4b" outcome="Passed" testListId="8c84fa94-04c1-424b-9868-57a2d4851a1d" relativeResultsDirectory="026f5498-6def-4fd0-b193-36dec0f92d3c" />
    <UnitTestResult executionId="72e90d4f-5013-4270-bd9b-f976c99dd70b" testId="9b546aeb-4f70-6fbd-f238-892a7751c263" testName="ExecuteAsync_ReplaceSingleLine_ReplacesCorrectly" computerName="PPITM80-M0317" duration="00:00:00.0068750" startTime="2025-09-08T07:17:58.1220373-05:00" endTime="2025-09-08T07:17:58.1289120-05:00" testType="13cdc9d9-ddb5-4fa4-a97d-d965ccfc6d4b" outcome="Passed" testListId="8c84fa94-04c1-424b-9868-57a2d4851a1d" relativeResultsDirectory="72e90d4f-5013-4270-bd9b-f976c99dd70b" />
    <UnitTestResult executionId="ed063408-fa97-45e8-8858-d059a33fbfba" testId="de474172-f53b-37d4-a0d9-58e31ba08c58" testName="Tool_Should_Have_Correct_Metadata" computerName="PPITM80-M0317" duration="00:00:00.0017130" startTime="2025-09-08T07:17:57.3845562-05:00" endTime="2025-09-08T07:17:57.3862692-05:00" testType="13cdc9d9-ddb5-4fa4-a97d-d965ccfc6d4b" outcome="Passed" testListId="8c84fa94-04c1-424b-9868-57a2d4851a1d" relativeResultsDirectory="ed063408-fa97-45e8-8858-d059a33fbfba" />
    <UnitTestResult executionId="641d23ce-82c3-458e-a363-1eec9a394620" testId="b616e551-8d77-1cd3-7d6a-d578e82d0744" testName="TestFileCollection_ShouldFindFiles" computerName="PPITM80-M0317" duration="00:00:00.0125250" startTime="2025-09-08T07:17:55.4175409-05:00" endTime="2025-09-08T07:17:55.4300656-05:00" testType="13cdc9d9-ddb5-4fa4-a97d-d965ccfc6d4b" outcome="Passed" testListId="8c84fa94-04c1-424b-9868-57a2d4851a1d" relativeResultsDirectory="641d23ce-82c3-458e-a363-1eec9a394620">
      <Output>
        <StdOut>=== Test File Collection Validation ===&#xD;
Total files checked: 10&#xD;
Valid files: 10&#xD;
Missing files: 0&#xD;
Error files: 0&#xD;
&#xD;
=== Valid Files Found ===&#xD;
✅ ./COA.CodeSearch.McpServer/Models/SearchMode.cs (42 lines, 1207 bytes)&#xD;
✅ ./COA.CodeSearch.McpServer/Models/FileChangeEvent.cs (35 lines, 917 bytes)&#xD;
✅ ./COA.CodeSearch.McpServer/Models/SearchAndReplaceMode.cs (34 lines, 1160 bytes)&#xD;
✅ ./COA.CodeSearch.McpServer/appsettings.json (159 lines, 5268 bytes)&#xD;
✅ ./COA.CodeSearch.McpServer/Models/LineSearchModels.cs (213 lines, 5852 bytes)&#xD;
✅ ./COA.CodeSearch.McpServer/Models/Api/ApiModels.cs (215 lines, 5544 bytes)&#xD;
✅ ./COA.CodeSearch.McpServer/Services/AdvancedPatternMatcher.cs (255 lines, 9640 bytes)&#xD;
✅ ./COA.CodeSearch.McpServer/Models/SearchAndReplaceModels.cs (293 lines, 8551 bytes)&#xD;
✅ ./CLAUDE.md (255 lines, 8490 bytes)&#xD;
✅ ./README.md (589 lines, 20613 bytes)&#xD;
&#xD;
✅ Found 10 valid files for testing</StdOut>
      </Output>
    </UnitTestResult>
    <UnitTestResult executionId="0f92a624-0739-453a-8b81-980ce1392918" testId="01d9c56c-18d7-fdfe-f45f-91d5cc27387b" testName="Debug_Simple_String_Return_Method" computerName="PPITM80-M0317" duration="00:00:00.0110020" startTime="2025-09-08T07:17:57.1755569-05:00" endTime="2025-09-08T07:17:57.1865584-05:00" testType="13cdc9d9-ddb5-4fa4-a97d-d965ccfc6d4b" outcome="Passed" testListId="8c84fa94-04c1-424b-9868-57a2d4851a1d" relativeResultsDirectory="0f92a624-0739-453a-8b81-980ce1392918">
      <Output>
        <StdOut>Method Name: GetName&#xD;
Return Type: 'string'&#xD;
Signature: public string GetName() { return "test"; }&#xD;
Modifiers: public</StdOut>
      </Output>
    </UnitTestResult>
    <UnitTestResult executionId="a18b1999-167d-4db7-89f7-02f2c14de696" testId="6808b8dc-b448-e0b2-d22c-0c66085fdfdf" testName="ExecuteAsync_WithIndentationPreservation_PreservesIndentation" computerName="PPITM80-M0317" duration="00:00:00.0075020" startTime="2025-09-08T07:17:57.9522982-05:00" endTime="2025-09-08T07:17:57.9598003-05:00" testType="13cdc9d9-ddb5-4fa4-a97d-d965ccfc6d4b" outcome="Passed" testListId="8c84fa94-04c1-424b-9868-57a2d4851a1d" relativeResultsDirectory="a18b1999-167d-4db7-89f7-02f2c14de696" />
    <UnitTestResult executionId="3493ed0c-2428-475f-a4fa-c6d572b5b218" testId="785814fe-dcbc-30c4-7d8c-7ed2f30ead9b" testName="ExecuteAsync_EdgeCaseIndentation_HandlesTabsAndSpaces" computerName="PPITM80-M0317" duration="00:00:00.0049220" startTime="2025-09-08T07:17:57.9132388-05:00" endTime="2025-09-08T07:17:57.9181605-05:00" testType="13cdc9d9-ddb5-4fa4-a97d-d965ccfc6d4b" outcome="Passed" testListId="8c84fa94-04c1-424b-9868-57a2d4851a1d" relativeResultsDirectory="3493ed0c-2428-475f-a4fa-c6d572b5b218" />
    <UnitTestResult executionId="93564016-00f2-43af-8d24-9b81100e5e2f" testId="8c1ceda2-a3b3-d3d7-2a13-66643477dea3" testName="EnhanceWithSnippetsAsync_Should_Return_Original_Result_When_No_Hits" computerName="PPITM80-M0317" duration="00:00:00.0007770" startTime="2025-09-08T07:17:57.1746771-05:00" endTime="2025-09-08T07:17:57.1754543-05:00" testType="13cdc9d9-ddb5-4fa4-a97d-d965ccfc6d4b" outcome="Passed" testListId="8c84fa94-04c1-424b-9868-57a2d4851a1d" relativeResultsDirectory="93564016-00f2-43af-8d24-9b81100e5e2f" />
    <UnitTestResult executionId="aacf46f1-a075-4e9e-9b8c-1f2a1ba473ef" testId="3fc4b763-9eae-1855-70e7-3bae1764f8be" testName="ExecuteAsync_ContextLines_GeneratesCorrectContext" computerName="PPITM80-M0317" duration="00:00:00.0046460" startTime="2025-09-08T07:17:58.0524062-05:00" endTime="2025-09-08T07:17:58.0570525-05:00" testType="13cdc9d9-ddb5-4fa4-a97d-d965ccfc6d4b" outcome="Passed" testListId="8c84fa94-04c1-424b-9868-57a2d4851a1d" relativeResultsDirectory="aacf46f1-a075-4e9e-9b8c-1f2a1ba473ef" />
    <UnitTestResult executionId="e522b667-8277-4f73-939c-82418cd22ad7" testId="4bd1fbf2-7e29-35b7-fa5f-173a43e3f08f" testName="Concurrency_AtomicOperations_EitherSucceedOrFailCompletely" computerName="PPITM80-M0317" duration="00:00:00.0080690" startTime="2025-09-08T07:17:55.6290765-05:00" endTime="2025-09-08T07:17:55.6371450-05:00" testType="13cdc9d9-ddb5-4fa4-a97d-d965ccfc6d4b" outcome="Passed" testListId="8c84fa94-04c1-424b-9868-57a2d4851a1d" relativeResultsDirectory="e522b667-8277-4f73-939c-82418cd22ad7">
      <Output>
        <StdOut>Normal replace: Succeeded (as expected)&#xD;
Invalid replace: Failed (as expected)&#xD;
Successfully verified atomic operation behavior</StdOut>
      </Output>
    </UnitTestResult>
    <UnitTestResult executionId="e927527e-91f8-4bfa-8847-54303759dc3b" testId="96ed2a8c-630c-0612-03fb-0814a1a0e6e9" testName="ExecuteAsync_DeleteFirstLine_WorksCorrectly" computerName="PPITM80-M0317" duration="00:00:00.0085880" startTime="2025-09-08T07:17:57.2646967-05:00" endTime="2025-09-08T07:17:57.2732847-05:00" testType="13cdc9d9-ddb5-4fa4-a97d-d965ccfc6d4b" outcome="Passed" testListId="8c84fa94-04c1-424b-9868-57a2d4851a1d" relativeResultsDirectory="e927527e-91f8-4bfa-8847-54303759dc3b" />
    <UnitTestResult executionId="b5c5d8d5-5eb2-4b75-92be-8ac93d896e8e" testId="24f2e201-f85f-9eb7-f5d2-36095b3f4e2f" testName="ExecuteAsync_SingleLine_DeletesCorrectLine" computerName="PPITM80-M0317" duration="00:00:00.0040610" startTime="2025-09-08T07:17:57.2923455-05:00" endTime="2025-09-08T07:17:57.2964060-05:00" testType="13cdc9d9-ddb5-4fa4-a97d-d965ccfc6d4b" outcome="Passed" testListId="8c84fa94-04c1-424b-9868-57a2d4851a1d" relativeResultsDirectory="b5c5d8d5-5eb2-4b75-92be-8ac93d896e8e" />
    <UnitTestResult executionId="e5ce5d31-6f06-434a-ac80-f181ee150f0e" testId="189c1d6c-4269-4e9b-b46e-e156ef5f2dc2" testName="CalculateConfidence_WithUnrelatedFileName_ShouldNotHaveBonus" computerName="PPITM80-M0317" duration="00:00:00.0077600" startTime="2025-09-08T07:17:56.8032489-05:00" endTime="2025-09-08T07:17:56.8110087-05:00" testType="13cdc9d9-ddb5-4fa4-a97d-d965ccfc6d4b" outcome="Passed" testListId="8c84fa94-04c1-424b-9868-57a2d4851a1d" relativeResultsDirectory="e5ce5d31-6f06-434a-ac80-f181ee150f0e" />
    <UnitTestResult executionId="a78a33f6-7301-4fb3-8a34-dce330517a1f" testId="04010612-46ee-f759-cdaf-6223770a153c" testName="ExecuteAsync_WithIndentationPreservation_PreservesIndentation" computerName="PPITM80-M0317" duration="00:00:00.0081099" startTime="2025-09-08T07:17:58.1392553-05:00" endTime="2025-09-08T07:17:58.1473647-05:00" testType="13cdc9d9-ddb5-4fa4-a97d-d965ccfc6d4b" outcome="Passed" testListId="8c84fa94-04c1-424b-9868-57a2d4851a1d" relativeResultsDirectory="a78a33f6-7301-4fb3-8a34-dce330517a1f" />
    <UnitTestResult executionId="a3b888ea-59a7-48e2-93e6-a42b6e831da3" testId="e7439c92-81ae-b32d-400b-a027ab4c6efe" testName="ExecuteAsync_Should_Exclude_Methods_When_Not_Requested" computerName="PPITM80-M0317" duration="00:00:00.0044360" startTime="2025-09-08T07:17:57.7209262-05:00" endTime="2025-09-08T07:17:57.7253618-05:00" testType="13cdc9d9-ddb5-4fa4-a97d-d965ccfc6d4b" outcome="Passed" testListId="8c84fa94-04c1-424b-9868-57a2d4851a1d" relativeResultsDirectory="a3b888ea-59a7-48e2-93e6-a42b6e831da3" />
    <UnitTestResult executionId="0ec8ac08-f6bc-4469-84c1-4eb2163b16f7" testId="33f0c61d-3d45-8a2b-4853-f23039402d4e" testName="GetFullPath_Should_Return_Absolute_Path" computerName="PPITM80-M0317" duration="00:00:00.0004560" startTime="2025-09-08T07:17:56.9698713-05:00" endTime="2025-09-08T07:17:56.9703277-05:00" testType="13cdc9d9-ddb5-4fa4-a97d-d965ccfc6d4b" outcome="Passed" testListId="8c84fa94-04c1-424b-9868-57a2d4851a1d" relativeResultsDirectory="0ec8ac08-f6bc-4469-84c1-4eb2163b16f7" />
    <UnitTestResult executionId="dcdb8b36-e30d-4914-903b-d5113e5aceec" testId="3218e2d1-fd33-a329-dc48-180ea7d0cd0e" testName="ExecuteAsync_WithRegexPattern_ShouldMatchCorrectly" computerName="PPITM80-M0317" duration="00:00:00.0026419" startTime="2025-09-08T07:17:57.3790108-05:00" endTime="2025-09-08T07:17:57.3816526-05:00" testType="13cdc9d9-ddb5-4fa4-a97d-d965ccfc6d4b" outcome="Passed" testListId="8c84fa94-04c1-424b-9868-57a2d4851a1d" relativeResultsDirectory="dcdb8b36-e30d-4914-903b-d5113e5aceec" />
    <UnitTestResult executionId="86726727-7319-4546-acc7-802646321cf5" testId="60c054ec-394d-af66-9fc6-4b079662a259" testName="EnhanceWithSnippetsAsync_Should_Return_Original_Result_When_ForVisualization_False" computerName="PPITM80-M0317" duration="00:00:00.0008480" startTime="2025-09-08T07:17:57.1738144-05:00" endTime="2025-09-08T07:17:57.1746621-05:00" testType="13cdc9d9-ddb5-4fa4-a97d-d965ccfc6d4b" outcome="Passed" testListId="8c84fa94-04c1-424b-9868-57a2d4851a1d" relativeResultsDirectory="86726727-7319-4546-acc7-802646321cf5" />
    <UnitTestResult executionId="1e473177-f2d0-4761-a5c2-1a7d14841b06" testId="8f660288-0753-7e10-75a7-dc3552b13a03" testName="ExecuteAsync_Should_Validate_MaxResults_Range" computerName="PPITM80-M0317" duration="00:00:00.0032700" startTime="2025-09-08T07:17:58.0445856-05:00" endTime="2025-09-08T07:17:58.0478555-05:00" testType="13cdc9d9-ddb5-4fa4-a97d-d965ccfc6d4b" outcome="Passed" testListId="8c84fa94-04c1-424b-9868-57a2d4851a1d" relativeResultsDirectory="1e473177-f2d0-4761-a5c2-1a7d14841b06" />
    <UnitTestResult executionId="24467463-0103-4ed1-99a8-11df25e9742d" testId="a1ff12d7-a827-39d6-04e6-2bfdba90bc71" testName="ExecuteAsync_LineRange_DeletesCorrectRange" computerName="PPITM80-M0317" duration="00:00:00.0056390" startTime="2025-09-08T07:17:57.2839828-05:00" endTime="2025-09-08T07:17:57.2896217-05:00" testType="13cdc9d9-ddb5-4fa4-a97d-d965ccfc6d4b" outcome="Passed" testListId="8c84fa94-04c1-424b-9868-57a2d4851a1d" relativeResultsDirectory="24467463-0103-4ed1-99a8-11df25e9742d" />
    <UnitTestResult executionId="63e387bd-290a-49de-8ac3-494f1844e6d3" testId="d78b518d-d2f6-8423-c397-e55b87f3ea1e" testName="Should_Extract_Method_Modifiers" computerName="PPITM80-M0317" duration="00:00:00.0006530" startTime="2025-09-08T07:17:57.1893841-05:00" endTime="2025-09-08T07:17:57.1900369-05:00" testType="13cdc9d9-ddb5-4fa4-a97d-d965ccfc6d4b" outcome="Passed" testListId="8c84fa94-04c1-424b-9868-57a2d4851a1d" relativeResultsDirectory="63e387bd-290a-49de-8ac3-494f1844e6d3" />
    <UnitTestResult executionId="c5bb6983-818f-4a22-ba46-f739df9c01da" testId="e4191209-378a-997a-f02e-aea14b87f30b" testName="ExecuteAsync_NonExistentFile_ReturnsError" computerName="PPITM80-M0317" duration="00:00:00.0061570" startTime="2025-09-08T07:17:58.0734596-05:00" endTime="2025-09-08T07:17:58.0796162-05:00" testType="13cdc9d9-ddb5-4fa4-a97d-d965ccfc6d4b" outcome="Passed" testListId="8c84fa94-04c1-424b-9868-57a2d4851a1d" relativeResultsDirectory="c5bb6983-818f-4a22-ba46-f739df9c01da" />
    <UnitTestResult executionId="33fe7343-53c0-4de3-98bd-b9ef03f8291f" testId="8f14774a-cd75-6f8c-84d0-7bdcc9968328" testName="ExecuteAsync_Should_Store_Workspace_Metadata_After_Successful_Indexing" computerName="PPITM80-M0317" duration="00:00:00.0025959" startTime="2025-09-08T07:17:57.8786446-05:00" endTime="2025-09-08T07:17:57.8812401-05:00" testType="13cdc9d9-ddb5-4fa4-a97d-d965ccfc6d4b" outcome="Passed" testListId="8c84fa94-04c1-424b-9868-57a2d4851a1d" relativeResultsDirectory="33fe7343-53c0-4de3-98bd-b9ef03f8291f" />
[...]
    <TestEntry testId="e6a08d27-4df8-86a9-296f-623999e304b6" executionId="fd2f8e01-6f72-4069-abdc-9b8aaef807b3" testListId="8c84fa94-04c1-424b-9868-57a2d4851a1d" />
    <TestEntry testId="7a557c51-e172-4f95-7efc-e28efa3b2655" executionId="d16b1801-0004-44dd-a3b7-90792652bf88" testListId="8c84fa94-04c1-424b-9868-57a2d4851a1d" />
    <TestEntry testId="1bf85714-7b66-ea07-32c9-473124bc5727" executionId="e8198319-9688-4b53-93da-fe0b91452264" testListId="8c84fa94-04c1-424b-9868-57a2d4851a1d" />
    <TestEntry testId="a7b3ab64-fc62-c210-2e83-ae9496a94697" executionId="e21ff6f5-4531-4863-b02a-2c39c2309fe5" testListId="8c84fa94-04c1-424b-9868-57a2d4851a1d" />
    <TestEntry testId="e8617ad0-b59a-8564-2a05-563cfae538d0" executionId="2ce6c758-d062-491e-9196-b8f8a319417d" testListId="8c84fa94-04c1-424b-9868-57a2d4851a1d" />
    <TestEntry testId="3cf5453c-cef2-2c2f-414d-9506eb8df816" executionId="832e4011-3bec-456d-ad14-097647c4beed" testListId="8c84fa94-04c1-424b-9868-57a2d4851a1d" />
    <TestEntry testId="0398d120-5e42-4038-b5d7-aa1eb92be718" executionId="3a55c53a-4219-4c7b-8abb-c6e24d24c0fc" testListId="8c84fa94-04c1-424b-9868-57a2d4851a1d" />
    <TestEntry testId="5b966598-59eb-430e-ea26-6cec0c85e92f" executionId="b267dbee-26d2-4cb9-8749-b352bbf9cab5" testListId="8c84fa94-04c1-424b-9868-57a2d4851a1d" />
    <TestEntry testId="76cd34e0-20c2-7029-f983-14de2f2c6109" executionId="877c7861-98b9-475f-b347-bc06196ad40e" testListId="8c84fa94-04c1-424b-9868-57a2d4851a1d" />
    <TestEntry testId="2d5f260f-2cc7-f8f7-b646-f9be3eb43dfb" executionId="6b63820c-d250-40b0-8d89-7f75e8c2a21f" testListId="8c84fa94-04c1-424b-9868-57a2d4851a1d" />
    <TestEntry testId="a67e9eb8-8d1f-a396-1bbd-d09fa3036a2b" executionId="0f885e26-daa3-42b8-8ef5-f8088c4a1494" testListId="8c84fa94-04c1-424b-9868-57a2d4851a1d" />
    <TestEntry testId="bcde930a-acc3-7805-3291-ff3b14caf3b7" executionId="fd4b3fab-d348-4cfd-afea-3eaf83202937" testListId="8c84fa94-04c1-424b-9868-57a2d4851a1d" />
    <TestEntry testId="59541ab7-bf50-7fea-dd15-1ed6bc93de02" executionId="8d6a563f-c78d-4c02-8c62-e98f7d2c9568" testListId="8c84fa94-04c1-424b-9868-57a2d4851a1d" />
    <TestEntry testId="854a2a43-867f-e330-2e14-18f5294bbf84" executionId="1ef0612f-7dec-4017-9491-07b9e0c341cc" testListId="8c84fa94-04c1-424b-9868-57a2d4851a1d" />
    <TestEntry testId="b8851efb-c901-3988-35d6-2f8cc864d993" executionId="34931bd1-aab7-4103-bbf6-2713f68a815d" testListId="8c84fa94-04c1-424b-9868-57a2d4851a1d" />
    <TestEntry testId="8c8ea10f-836e-2969-cff2-cf17dcfad09d" executionId="85cc81df-ab53-4fdb-97ed-079ea694c1da" testListId="8c84fa94-04c1-424b-9868-57a2d4851a1d" />
    <TestEntry testId="4f9bef5c-5e1f-a003-c7be-166117ae3856" executionId="a0e656d4-ae32-4d62-93d8-898d8c2d7c7c" testListId="8c84fa94-04c1-424b-9868-57a2d4851a1d" />
    <TestEntry testId="a16c6aa5-5fdf-d0c4-70f0-fc684d4ae0cf" executionId="338259e5-d91c-4a26-b98c-e4fbabbceb89" testListId="8c84fa94-04c1-424b-9868-57a2d4851a1d" />
    <TestEntry testId="44613f3c-91e8-83f2-ac36-f838ffe8d4ce" executionId="62dce613-13d4-435b-8553-b114316a7608" testListId="8c84fa94-04c1-424b-9868-57a2d4851a1d" />
    <TestEntry testId="b36935b2-7bdf-5e05-caab-bd3254a1a7b6" executionId="23731acf-1169-4b7c-a29b-98d7b6dbf348" testListId="8c84fa94-04c1-424b-9868-57a2d4851a1d" />
    <TestEntry testId="02b3d77d-9453-7d32-929c-884e115651dd" executionId="7a5f41de-9761-43ce-9cb7-35c8a165ac8a" testListId="8c84fa94-04c1-424b-9868-57a2d4851a1d" />
    <TestEntry testId="0ac8f794-11d5-db31-dc90-4316cb0722db" executionId="4cb70329-26b0-4640-86e7-b679f9af017f" testListId="8c84fa94-04c1-424b-9868-57a2d4851a1d" />
    <TestEntry testId="5fbe1123-9625-80a1-71e2-6e9b8d578175" executionId="f579395b-2128-437f-9ca4-51c132bf9195" testListId="8c84fa94-04c1-424b-9868-57a2d4851a1d" />
    <TestEntry testId="fe096d1a-d158-3796-d8f2-3285f8b36f36" executionId="4d8d4dd3-7354-4a85-af42-1dce862083fb" testListId="8c84fa94-04c1-424b-9868-57a2d4851a1d" />
    <TestEntry testId="e0d0ff42-40d3-7672-bbd4-a3e2b36dfb62" executionId="33a794c0-94b9-40b9-9ebe-16e259b77ff3" testListId="8c84fa94-04c1-424b-9868-57a2d4851a1d" />
    <TestEntry testId="cc961071-1eb6-9234-3380-05f09e03415a" executionId="da3b060b-b62e-4947-8b4b-94fcd2f66ed2" testListId="8c84fa94-04c1-424b-9868-57a2d4851a1d" />
    <TestEntry testId="1cd8cb23-e96d-1f20-0ebf-8ebe7bc08ac8" executionId="ee87c099-5d1c-485f-8f51-f19ca7bf6fb6" testListId="8c84fa94-04c1-424b-9868-57a2d4851a1d" />
    <TestEntry testId="12902737-c6bb-b696-0484-0e60b86be4a0" executionId="baf73580-1fbd-4a0d-8840-8d7350c5d6b2" testListId="8c84fa94-04c1-424b-9868-57a2d4851a1d" />
    <TestEntry testId="f77e4a02-22e6-d2a2-29f9-d970ab8ee90f" executionId="beee11e1-7f7c-4ffd-888c-c23a1823df7c" testListId="8c84fa94-04c1-424b-9868-57a2d4851a1d" />
    <TestEntry testId="7a8f82da-0cf3-069d-48de-8d0f29914d1e" executionId="8f38a4b5-2006-4898-ba11-03acf1f7b160" testListId="8c84fa94-04c1-424b-9868-57a2d4851a1d" />
    <TestEntry testId="e23bbd1b-5696-b4bf-9f37-829a6d88daf7" executionId="38efb04e-dc37-4dd7-8b6a-7f6441a9981d" testListId="8c84fa94-04c1-424b-9868-57a2d4851a1d" />
    <TestEntry testId="37406336-def6-fc7c-189e-c2030604658e" executionId="74dbd4dd-e07e-48d9-abb6-406d6230d26f" testListId="8c84fa94-04c1-424b-9868-57a2d4851a1d" />
    <TestEntry testId="e830c9a2-0b7d-76d9-0434-a7ec37a581fc" executionId="19637d4c-1b21-4c9a-a8b6-93f637cb845f" testListId="8c84fa94-04c1-424b-9868-57a2d4851a1d" />
    <TestEntry testId="ec485ea5-9daa-a0d9-a9c8-f4b69700c81c" executionId="d5f45fbf-4787-4ae0-997e-35a68da47078" testListId="8c84fa94-04c1-424b-9868-57a2d4851a1d" />
    <TestEntry testId="2cb5cff5-ecda-91bd-22a2-50646abf0bf1" executionId="d6367830-767b-41e0-958c-3f2c30fbf387" testListId="8c84fa94-04c1-424b-9868-57a2d4851a1d" />
    <TestEntry testId="0ab2e78f-df9e-ee65-c2fa-b6228220d9cd" executionId="1392266b-4261-4153-92f5-003917d0f3e9" testListId="8c84fa94-04c1-424b-9868-57a2d4851a1d" />
    <TestEntry testId="49321e41-8407-7aa4-45b1-515098c73901" executionId="0a8be264-044b-4836-af3c-43d75f78d9ba" testListId="8c84fa94-04c1-424b-9868-57a2d4851a1d" />
    <TestEntry testId="824d46d8-3bb8-ccc9-bd77-9559d8eb8b6f" executionId="51f76eae-17e9-45be-9361-455070cab1b7" testListId="8c84fa94-04c1-424b-9868-57a2d4851a1d" />
    <TestEntry testId="d95f425d-a404-06ff-55cc-918955ed0dd3" executionId="3ce08e25-b360-440b-b939-dc2bd1912229" testListId="8c84fa94-04c1-424b-9868-57a2d4851a1d" />
    <TestEntry testId="c851a611-4c0a-ba81-12d8-417f8176c3ed" executionId="74dc6e31-92ad-474a-bbbf-e197209e1f4d" testListId="8c84fa94-04c1-424b-9868-57a2d4851a1d" />
    <TestEntry testId="332249a2-2736-2c50-b836-0d2a658a6444" executionId="8bf28f4a-8693-4f06-9310-6412eadb405a" testListId="8c84fa94-04c1-424b-9868-57a2d4851a1d" />
    <TestEntry testId="6993e581-86eb-182c-de5d-ea5f0a5def23" executionId="055540a9-b057-461d-9602-190c750f73e8" testListId="8c84fa94-04c1-424b-9868-57a2d4851a1d" />
    <TestEntry testId="affcaea5-fc17-1749-de40-678d162823fe" executionId="81784683-335b-440a-a240-be0ce3cb1e78" testListId="8c84fa94-04c1-424b-9868-57a2d4851a1d" />
    <TestEntry testId="1b48cf27-1a1e-eda4-ff5f-7d22fcff0181" executionId="58d4c19d-5433-48b9-b91a-38714b039543" testListId="8c84fa94-04c1-424b-9868-57a2d4851a1d" />
    <TestEntry testId="7eb5daed-f99c-4a37-6ed1-9ab1a9917404" executionId="6ad031fd-4fbf-4684-bac1-e3c6c5079ea6" testListId="8c84fa94-04c1-424b-9868-57a2d4851a1d" />
    <TestEntry testId="19387473-8f06-9e3f-eab9-436277ecd4fd" executionId="62cb982b-c16f-4b71-84df-0d8f151ff50b" testListId="8c84fa94-04c1-424b-9868-57a2d4851a1d" />
  </TestEntries>
  <TestLists>
    <TestList name="Results Not in a List" id="8c84fa94-04c1-424b-9868-57a2d4851a1d" />
    <TestList name="All Loaded Results" id="19431567-8539-422a-85d7-44ee4e166bda" />
  </TestLists>
  <ResultSummary outcome="Failed">
    <Counters total="371" executed="371" passed="367" failed="4" error="0" timeout="0" aborted="0" inconclusive="0" passedButRunAborted="0" notRunnable="0" notExecuted="0" disconnected="0" warning="0" completed="0" inProgress="0" pending="0" />
    <Output>
      <StdOut>NUnit Adapter 4.6.0.0: Test execution started&#xD;
Running all tests in C:\source\COA CodeSearch MCP\COA.CodeSearch.McpServer.Tests\bin\Debug\net9.0\COA.CodeSearch.McpServer.Tests.dll&#xD;
   NUnit3TestExecutor discovered 371 of 371 NUnit test cases using Current Discovery mode, Non-Explicit run&#xD;
BuildValidation_CriticalFiles_ExistAndAccessible: All 2 critical files are present and accessible.&#xD;
BuildValidation_ProjectCompiles_WithoutWarnings: Build successful with 0 warnings. Output contained 7 lines.&#xD;
BuildValidation_SpecificWarningTypes_NotPresent: No problematic warning types detected in build output.&#xD;
BuildValidation_TestProject_CompilesCleanly: Test project builds cleanly without warnings.&#xD;
RegressionTest_WarningFixesIntact_NoRegressionDetected: No regression detected - warning fixes are intact.&#xD;
=== GENERATED DIFF REPORT ===&#xD;
=== DIFF VALIDATION REPORT ===&#xD;
Original: original.txt&#xD;
Modified: modified.txt&#xD;
Status: ❌ INVALID&#xD;
&#xD;
=== METRICS ===&#xD;
Original lines: 3&#xD;
Modified lines: 4&#xD;
Lines added: +2&#xD;
Lines removed: -1&#xD;
Lines changed: ~0&#xD;
Net change: +1&#xD;
&#xD;
=== VIOLATIONS ===&#xD;
\ud83d\udd24 EncodingMismatch: Encoding changed from Unicode (UTF-8) to Unicode&#xD;
   Context: Original: utf-8, Modified: utf-16&#xD;
\ud83d\udd04 UnexpectedChange: Unexpected Deletion at line 2&#xD;
   Context: Deleted: Line 2&#xD;
\ud83d\udd04 UnexpectedChange: Unexpected Addition at line 2&#xD;
   Context: Added: Modified Line 2&#xD;
\ud83d\udd04 UnexpectedChange: Unexpected Addition at line 4&#xD;
   Context: Added: Extra Line&#xD;
&#xD;
=== CHANGE SUMMARY ===&#xD;
- Line 2: Deleted: Line 2&#xD;
+ Line 2: Added: Modified Line 2&#xD;
+ Line 4: Added: Extra Line&#xD;
&#xD;
&#xD;
=== COMPLEX EDIT VALIDATION ===&#xD;
=== DIFF VALIDATION REPORT ===&#xD;
Original: TestClass_original.cs&#xD;
Modified: TestClass_modified.cs&#xD;
Status: ✅ VALID&#xD;
&#xD;
=== METRICS ===&#xD;
Original lines: 12&#xD;
Modified lines: 13&#xD;
Lines added: +3&#xD;
Lines removed: -2&#xD;
Lines changed: ~0&#xD;
Net change: +1&#xD;
&#xD;
=== CHANGE SUMMARY ===&#xD;
- Line 5: Deleted:         Console.WriteLine("Original");&#xD;
+ Line 5: Added:         Console.WriteLine("Modified");&#xD;
+ Line 6: Added:         Console.WriteLine("Additional line");&#xD;
- Line 11: Deleted:         // TODO: Implement&#xD;
+ Line 11: Added:         Console.WriteLine("Implemented!");&#xD;
&#xD;
&#xD;
Encoding violation: Encoding changed from Unicode (UTF-8) to Unicode&#xD;
&#xD;
Line ending violation: Line endings changed from CRLF (Windows) to LF (Unix)&#xD;
&#xD;
Unexpected changes detected: 4&#xD;
&#xD;
=== Edge Case Files Created ===&#xD;
Test directory: C:\Users\CHS300372\AppData\Local\Temp\codesearch_test_2d3b38843b3d4499b1e3d0a83aacbeb2&#xD;
✅ no_trailing_newline.cs (42 bytes)&#xD;
✅ unicode_test.cs (53 bytes)&#xD;
✅ mixed_endings.txt (30 bytes)&#xD;
✅ long_line.cs (2022 bytes)&#xD;
\ud83e\uddf9 Cleaned up test directory&#xD;
&#xD;
=== Test File Collection Validation ===&#xD;
Total files checked: 10&#xD;
Valid files: 10&#xD;
Missing files: 0&#xD;
Error files: 0&#xD;
&#xD;
=== Valid Files Found ===&#xD;
✅ ./COA.CodeSearch.McpServer/Models/SearchMode.cs (42 lines, 1207 bytes)&#xD;
✅ ./COA.CodeSearch.McpServer/Models/FileChangeEvent.cs (35 lines, 917 bytes)&#xD;
✅ ./COA.CodeSearch.McpServer/Models/SearchAndReplaceMode.cs (34 lines, 1160 bytes)&#xD;
✅ ./COA.CodeSearch.McpServer/appsettings.json (159 lines, 5268 bytes)&#xD;
✅ ./COA.CodeSearch.McpServer/Models/LineSearchModels.cs (213 lines, 5852 bytes)&#xD;
✅ ./COA.CodeSearch.McpServer/Models/Api/ApiModels.cs (215 lines, 5544 bytes)&#xD;
✅ ./COA.CodeSearch.McpServer/Services/AdvancedPatternMatcher.cs (255 lines, 9640 bytes)&#xD;
✅ ./COA.CodeSearch.McpServer/Models/SearchAndReplaceModels.cs (293 lines, 8551 bytes)&#xD;
✅ ./CLAUDE.md (255 lines, 8490 bytes)&#xD;
✅ ./README.md (589 lines, 20613 bytes)&#xD;
&#xD;
✅ Found 10 valid files for testing&#xD;
&#xD;
=== DIFF VALIDATION REPORT ===&#xD;
Original: utf16_original.cs&#xD;
Modified: utf8_modified.cs&#xD;
Status: ❌ INVALID&#xD;
&#xD;
=== METRICS ===&#xD;
Original lines: 3&#xD;
Modified lines: 3&#xD;
Lines added: +0&#xD;
Lines removed: -0&#xD;
Lines changed: ~0&#xD;
Net change: 0&#xD;
&#xD;
=== VIOLATIONS ===&#xD;
\ud83d\udd24 EncodingMismatch: Encoding changed from Unicode to Unicode (UTF-8)&#xD;
   Context: Original: utf-16, Modified: utf-8&#xD;
&#xD;
&#xD;
&#xD;
=== DIFF VALIDATION REPORT ===&#xD;
Original: lf_original.js&#xD;
Modified: crlf_modified.js&#xD;
Status: ❌ INVALID&#xD;
&#xD;
=== METRICS ===&#xD;
Original lines: 3&#xD;
Modified lines: 3&#xD;
Lines added: +0&#xD;
Lines removed: -0&#xD;
Lines changed: ~0&#xD;
Net change: 0&#xD;
&#xD;
=== VIOLATIONS ===&#xD;
⏎ LineEndingMismatch: Line endings changed from LF (Unix) to CRLF (Windows)&#xD;
   Context: This can cause issues with version control and cross-platform compatibility&#xD;
&#xD;
&#xD;
&#xD;
\ud83d\udd0d REAL-WORLD FILE EDITING TOOLS - COMPREHENSIVE ACCURACY REPORT&#xD;
==================================================================&#xD;
\ud83d\udcc5 Generated: 2025-09-08 07:17:55&#xD;
\ud83c\udfd7️  Test Framework: COA.CodeSearch.McpServer v1.0.0.0&#xD;
&#xD;
\ud83d\udcca ACCURACY METRICS SUMMARY&#xD;
=============================&#xD;
\ud83d\udcca Total Tests Executed: 8&#xD;
✅ Successful Operations: 8&#xD;
❌ Failed Operations: 0&#xD;
\ud83c\udfaf Overall Accuracy: 100.0%&#xD;
&#xD;
\ud83d\udcc8 TEST CATEGORY BREAKDOWN:&#xD;
  Basic Operations: 3/3 (100.0%)&#xD;
  Encoding Preservation: 1/1 (100.0%)&#xD;
  Performance: 1/1 (100.0%)&#xD;
  Edge Cases: 2/2 (100.0%)&#xD;
  Data Integrity: 1/1 (100.0%)&#xD;
&#xD;
⏱️ PERFORMANCE METRICS:&#xD;
  ✅ LargeFileInsert: 2.58ms&#xD;
&#xD;
&#xD;
&#xD;
\ud83c\udfaf RECOMMENDATIONS&#xD;
==================&#xD;
• ✅ All metrics within acceptable ranges - tools are production-ready&#xD;
&#xD;
✅ COMPREHENSIVE ACCURACY ANALYSIS COMPLETED&#xD;
&#xD;
ZIP file processing result: Success=True&#xD;
Tool processed ZIP file as text - potential data corruption risk&#xD;
RECOMMENDATION: Implement binary file detection to prevent data corruption&#xD;
&#xD;
Executable file processing result: Success=True&#xD;
Tool processed executable file as text - potential enhancement opportunity&#xD;
NOTE: Consider implementing binary file detection for enhanced safety&#xD;
&#xD;
Current binary file handling - Insert: True, Replace: True, Delete: True&#xD;
IMPORTANT: Tools currently process binary files as text - consider adding binary detection&#xD;
Tools processed binary file - this could indicate need for binary detection&#xD;
&#xD;
Normal replace: Succeeded (as expected)&#xD;
Invalid replace: Failed (as expected)&#xD;
Successfully verified atomic operation behavior&#xD;
&#xD;
Insert operation failed gracefully: Success = False&#xD;
Replace operation failed gracefully: Success = False&#xD;
Delete operation failed gracefully: Success = False&#xD;
Successfully handled locked file scenario&#xD;
Insert error: &#xD;
Replace error: &#xD;
Delete error: &#xD;
&#xD;
Concurrent operations: 3/3 succeeded&#xD;
Final file has 102 lines&#xD;
&#xD;
Rapid operations: 10/10 succeeded&#xD;
Final file has 14 lines&#xD;
Found 10 rapid insert markers&#xD;
&#xD;
Successfully handled various empty line patterns&#xD;
&#xD;
Successfully handled file without trailing newline&#xD;
Original lines: 3&#xD;
Final lines: 6&#xD;
&#xD;
Successfully handled file containing only empty lines&#xD;
&#xD;
Validation1 failed with 1 issues: Line endings changed from [] to [CRLF]&#xD;
Current content1: 'INSERTED: Before single char&#xD;
X&#xD;
'&#xD;
Validation2 failed with 1 issues: Line endings changed from [] to [CRLF]&#xD;
Current content2: 'X&#xD;
INSERTED: After single char&#xD;
'&#xD;
Successfully handled single character file&#xD;
&#xD;
Successfully handled very long lines in 3.94ms&#xD;
Max original line length: 10037 characters&#xD;
&#xD;
Medium File Performance Results:&#xD;
  Insert: 4.77ms&#xD;
  Replace: 4.64ms&#xD;
  Delete: 3.64ms&#xD;
&#xD;
Small File Performance Results:&#xD;
  Insert: 1.63ms&#xD;
  Replace: 1.50ms&#xD;
  Delete: 1.41ms&#xD;
&#xD;
Very Large File Performance Results:&#xD;
  Beginning edit: 13.74ms&#xD;
  Middle edit: 43.00ms&#xD;
  End edit: 12.19ms&#xD;
&#xD;
Tool handled null bytes in text file successfully&#xD;
Null bytes handling result: Success=True&#xD;
&#xD;
Original bytes: 27&#xD;
Modified bytes: 29&#xD;
Original: const café1 = 'NFC form';&#xD;
&#xD;
Modified: const café22 = 'NFD form';&#xD;
&#xD;
&#xD;
Method Name: GetName&#xD;
Return Type: 'string'&#xD;
Signature: public string GetName() { return "test"; }&#xD;
Modifiers: public&#xD;
&#xD;
Method Name: AsyncVoidMethod&#xD;
Return Type: 'Task'&#xD;
Signature: public Task AsyncVoidMethod() { return Task.CompletedTask; }&#xD;
Modifiers: public&#xD;
&#xD;
Pattern: *&#xD;
Regex: ^.*$&#xD;
  src: True&#xD;
  components: True&#xD;
  tests: True&#xD;
  unit: True&#xD;
&#xD;
Original: /workspace/src/components/App.tsx&#xD;
Normalized: workspace/src/components/App.tsx&#xD;
Segments: workspace, src, components, App.tsx&#xD;
Segment count: 4&#xD;
  i=0: segment=workspace, currentPath=workspace, fullPath=/workspace&#xD;
  i=1: segment=src, currentPath=workspace/src, fullPath=/workspace/src&#xD;
  i=2: segment=components, currentPath=workspace/src/components, fullPath=/workspace/src/components&#xD;
Directories found: workspace@/workspace, src@/workspace/src, components@/workspace/src/components&#xD;
&#xD;
Results type: COA.CodeSearch.McpServer.Tools.FileSearchResult, Count in Results: -1, Data.Count: 2&#xD;
&#xD;
DEBUG: Type extraction success: True&#xD;
&#xD;
DEBUG: Type extraction success: True&#xD;
&#xD;
DEBUG: Type extraction success: True&#xD;
&#xD;
DEBUG: Type extraction success: True&#xD;
&#xD;
DEBUG: Type extraction success: True&#xD;
&#xD;
DEBUG: Type extraction success: True&#xD;
&#xD;
DEBUG: Type extraction success: False&#xD;
DEBUG: Returning error response for type extraction failure&#xD;
&#xD;
DEBUG: Type extraction success: True&#xD;
&#xD;
DEBUG: Type extraction success: True&#xD;
&#xD;
DEBUG: Type extraction success: True&#xD;
&#xD;
&#xD;
=== ACTUAL MODIFIED CONTENT ===&#xD;
namespace Test;&#xD;
&#xD;
public static class ToolNames&#xD;
{&#xD;
    // Core operations  &#xD;
    public const string TextSearch = "text_search";&#xD;
    public const string FileSearch = "file_search";&#xD;
    &#xD;
    // Navigation tools&#xD;
    public const string SymbolSearch = "symbol_search";&#xD;
    public const string GoToDefinition = "goto_definition";&#xD;
    &#xD;
    // Editing tools&#xD;
    public const string InsertAtLine = "insert_at_line";&#xD;
    public const string ReplaceLines = "replace_lines";&#xD;
    public const string DeleteLines = "delete_lines";&#xD;
    &#xD;
    // Advanced semantic tools&#xD;
    public const string GetSymbolsOverview = "get_symbols_overview";&#xD;
}&#xD;
&#xD;
=== END CONTENT ===&#xD;
&#xD;
Original file lines: 17&#xD;
Modified file lines: 21&#xD;
DeleteLines count: 1&#xD;
Constant lines: 8&#xD;
Expected indentation: '    '&#xD;
&#xD;
&#xD;
=== MODIFIED CONTENT ===&#xD;
namespace Test;&#xD;
&#xD;
public static class ToolNames&#xD;
{&#xD;
    // Core operations  &#xD;
    public const string TextSearch = "text_search";&#xD;
    public const string FileSearch = "file_search";&#xD;
    // Navigation tools (added by test)&#xD;
	// This line has TAB indentation (inconsistent)&#xD;
    public const string SymbolSearch = "symbol_search";&#xD;
    public const string GoToDefinition = "goto_definition";&#xD;
}&#xD;
&#xD;
=== END ===&#xD;
&#xD;
NUnit Adapter 4.6.0.0: Test execution complete&#xD;
</StdOut>
    </Output>
  </ResultSummary>
</TestRun>